FIRST_INIT	(internal default used)	2018-03-26 15:13:14
TIME	0.000
IDLE	15:13:14
SIM_START	test	2018-03-26 15:13:16
TIME	0.000
SIMULATE	test

TIME	45.012
SIM_END		test	45.003s	158.135m
TIME	47.457
SIM_START	test	2018-03-26 15:13:45
TIME	0.000
SIMULATE	test

TIME	26.619
SIM_END		test	26.61s	292.434m
SIM_START	test	2018-03-26 15:13:53
TIME	0.000
SIMULATE	test

TIME	26.619
SIM_END		test	26.61s	292.434m
TIME	30.253
SIM_START	test	2018-03-26 15:14:32
TIME	0.000
SIMULATE	test

TIME	58.515
SIM_END		test	58.506s	292.537m
TIME	230.617
SIM_START	test	2018-03-26 15:43:19
TIME	0.000
SIMULATE	test

TIME	30.161
SIM_END		test	30.152s	309.378m
TIME	34.524
SIM_START	test	2018-03-26 15:44:06
TIME	0.000
SIMULATE	test

TIME	28.829
SIM_END		test	28.82s	308.482m
TIME	244.566
SHUTDOWN	CarMaker quick shutdown initiated

