FIRST_INIT	(internal default used)	2018-04-06 13:17:04
TIME	0.000
IDLE	13:17:05
SIM_START	test	2018-04-06 13:17:08
TIME	0.000
SIMULATE	test

TIME	58.119
SIM_END		test	58.11s	1513.38m
TIME	0.010
SIM_START	test	2018-04-06 13:38:14
TIME	0.000
SIMULATE	test

TIME	143.415
SIM_END		test	143.406s	2990.83m
TIME	243.886
SIM_START	test	2018-04-06 13:55:40
TIME	0.000
SIMULATE	test

TIME	143.415
SIM_END		test	143.406s	2990.83m
TIME	145.645
SIM_START	test	2018-04-06 13:56:27
TIME	0.000
SIMULATE	test

TIME	143.415
SIM_END		test	143.406s	2990.83m
TIME	146.413
SIM_START	test	2018-04-06 13:57:23
TIME	0.000
SIMULATE	test

TIME	53.522
ERROR		Vehicle leaves road at about x=1504.95, y=1503.01 TireNo=3
SIM_ABORT	test	53.522s	1494.87m
TIME	100.028
SIM_START	test	2018-04-06 14:05:20
TIME	0.000
SIMULATE	test

TIME	143.418
SIM_END		test	143.406s	2990.83m
TIME	171.975
SIM_START	DCP_Final	2018-04-06 14:10:33
TIME	0.000
SIMULATE	DCP_Final

TIME	50.015
SIM_END		DCP_Final	50.002s	652.642m
TIME	66.361
SHUTDOWN	CarMaker quick shutdown initiated

