FIRST_INIT	(internal default used)	2018-03-23 14:09:33
TIME	0.000
IDLE	14:09:33
SIM_START	test	2018-03-23 14:09:34
TIME	0.000
SIMULATE	test

TIME	27.146
SIM_END		test	27.137s	292.433m
TIME	0.001
SIM_START	test	2018-03-23 14:13:39
TIME	0.000
SIMULATE	test

TIME	45.012
SIM_END		test	45.003s	0.00197448m
TIME	47.039
SIM_START	test	2018-03-23 14:14:05
TIME	0.000
SIMULATE	test

TIME	45.012
SIM_END		test	45.003s	260.159m
TIME	48.882
SIM_START	test	2018-03-23 14:14:47
TIME	0.000
SIMULATE	test

TIME	45.012
SIM_END		test	45.003s	260.159m
TIME	76.550
SHUTDOWN	CarMaker quick shutdown initiated

