FIRST_INIT	(internal default used)	2018-03-21 16:26:28
TIME	0.000
IDLE	16:26:29
SIM_START	unknown	2018-03-21 16:26:29
TIME	0.000
SIMULATE	unknown

TIME	26.345
SIM_END		unknown	26.336s	292.185m
TIME	31.185
SIM_START	unknown	2018-03-21 16:27:22
TIME	0.000
SIMULATE	unknown

TIME	22.576
SIM_END		unknown	22.567s	292.19m
TIME	72.338
SIM_START	unknown	2018-03-21 16:35:44
TIME	0.000
SIMULATE	unknown

TIME	27.058
SIM_END		unknown	27.049s	292.187m
SIM_START	unknown	2018-03-21 16:36:05
TIME	0.000
SIMULATE	unknown

TIME	27.058
SIM_END		unknown	27.049s	292.187m
TIME	61.933
SHUTDOWN	CarMaker quick shutdown initiated

