FIRST_INIT	(internal default used)	2018-03-19 11:31:51
TIME	0.000
IDLE	11:31:51
SIM_START	myeight.txt	2018-03-19 11:31:52
TIME	0.000
SIMULATE	myeight.txt

TIME	52.642
SIM_END		myeight.txt	52.633s	1300.03m
TIME	54.888
SIM_START	myeight.txt	2018-03-19 11:32:20
TIME	0.000
SIMULATE	myeight.txt

TIME	52.642
SIM_END		myeight.txt	52.633s	1300.03m
TIME	64.765
SIM_START	myeight.txt	2018-03-19 11:34:27
TIME	0.000
SIMULATE	myeight.txt

TIME	52.642
SIM_END		myeight.txt	52.633s	1300.03m
TIME	61.929
SIM_START	myeight.txt	2018-03-19 11:36:07
TIME	0.000
SIMULATE	myeight.txt

TIME	52.642
SIM_END		myeight.txt	52.633s	1300.03m
TIME	78.687
SIM_START	DCP_Final	2018-03-19 11:40:33
TIME	0.000
SIMULATE	DCP_Final

TIME	50.011
SIM_END		DCP_Final	50.002s	652.642m
TIME	673.037
SHUTDOWN	CarMaker quick shutdown initiated

