FIRST_INIT	(internal default used)	2018-04-04 11:24:47
TIME	0.000
IDLE	11:24:47
SIM_START	DCP_Final	2018-04-04 11:24:48
TIME	0.000
SIMULATE	DCP_Final

TIME	50.011
SIM_END		DCP_Final	50.002s	652.642m
SIM_START	DCP_Final	2018-04-04 11:25:09
TIME	0.004
ERROR		Driver_RoadRouteEvalST:  st (149.13 -2.13, 149.13 0.00) not found on Road
ERROR		IPGDriver: Calculate road s= 149.135m (2). (id=319)
SIM_ABORT	DCP_Final	0s	652.642m
TIME	12.522
SIM_START	DCP_Final	2018-04-04 11:27:14
TIME	0.004
ERROR		Traffic object 0: Wrong route parameter
ERROR		Can't get parameters of traffic object 0 (2)
SIM_ABORT	DCP_Final	0s	0m
TIME	0.001
SIM_START	DCP_Final	2018-04-04 11:28:31
TIME	0.006
ERROR		Driver_RoadRouteEvalST:  st (149.13 -2.13, 149.13 0.00) not found on Road
ERROR		IPGDriver: Calculate road s= 149.135m (2). (id=319)
SIM_ABORT	DCP_Final	0s	0m
TIME	15.960
SIM_START	DCP_Final	2018-04-04 11:31:11
TIME	0.004
ERROR		Driver_RoadRouteEvalST:  st (149.13 -2.13, 149.13 0.00) not found on Road
ERROR		IPGDriver: Calculate road s= 149.135m (2). (id=319)
SIM_ABORT	DCP_Final	0s	0m
TIME	0.001
SIM_START	test	2018-04-04 11:32:03
TIME	0.000
SIMULATE	test

TIME	28.893
SIM_END		test	28.884s	290.766m
TIME	0.021
SIM_START	test	2018-04-04 11:32:34
TIME	0.000
SIMULATE	test

TIME	28.893
SIM_END		test	28.884s	290.766m
TIME	0.001
SIM_START	test	2018-04-04 11:55:23
TIME	0.000
SIMULATE	test

TIME	28.896
SIM_END		test	28.884s	290.766m
SIM_START	test	2018-04-04 11:55:34
TIME	0.000
SIMULATE	test

TIME	28.893
SIM_END		test	28.884s	290.766m
TIME	38.461
SIM_START	test	2018-04-04 11:57:13
TIME	0.000
SIMULATE	test

TIME	28.893
SIM_END		test	28.884s	290.766m
TIME	35.583
SIM_START	test	2018-04-04 11:58:23
TIME	0.000
SIMULATE	test

TIME	28.893
SIM_END		test	28.884s	290.766m
TIME	53.817
SIM_START	test	2018-04-04 12:02:36
TIME	0.000
SIMULATE	test

TIME	28.825
SIM_END		test	28.816s	290.754m
TIME	0.001
SIM_START	test	2018-04-04 14:02:43
TIME	0.000
SIMULATE	test

TIME	28.831
SIM_END		test	28.816s	290.754m
SIM_START	test	2018-04-04 14:02:56
TIME	0.000
SIMULATE	test

TIME	28.825
SIM_END		test	28.816s	290.754m
SIM_START	test	2018-04-04 14:03:14
TIME	0.000
SIMULATE	test

TIME	28.825
SIM_END		test	28.816s	290.754m
TIME	76.754
SHUTDOWN	CarMaker quick shutdown initiated

