FIRST_INIT	(internal default used)	2018-03-27 09:11:22
TIME	0.000
IDLE	09:11:22
SIM_START	test	2018-03-27 09:11:23
TIME	0.000
SIMULATE	test

TIME	28.096
SIM_END		test	28.087s	293.431m
TIME	57.243
SIM_START	test	2018-03-27 09:16:19
TIME	0.000
SIMULATE	test

TIME	28.917
SIM_END		test	28.881s	290.749m
TIME	0.002
SIM_START	test	2018-03-27 09:17:52
TIME	0.000
SIMULATE	test

TIME	28.890
SIM_END		test	28.881s	290.749m
TIME	0.002
SIM_START	test	2018-03-27 09:45:40
TIME	0.000
SIMULATE	test

TIME	46.480
ERROR		Vehicle leaves road at about x=285.682, y=130.306 TireNo=1
SIM_ABORT	test	46.48s	116.347m
TIME	49.203
SIM_START	test	2018-03-27 09:46:13
TIME	0.000
SIMULATE	test

TIME	98.958
SIM_END		test	98.949s	638.914m
TIME	108.798
SIM_START	test	2018-03-27 09:48:00
TIME	0.000
SIMULATE	test

TIME	20.163
SIM_END		test	20.154s	191.161m
TIME	113.829
SIM_START	test	2018-03-27 10:03:40
TIME	0.000
SIMULATE	test

TIME	28.893
SIM_END		test	28.884s	290.766m
