FIRST_INIT	(internal default used)	2018-03-22 13:40:53
TIME	0.000
IDLE	13:40:54
SIM_START	unknown	2018-03-22 13:40:54
TIME	0.000
SIMULATE	unknown

TIME	26.345
SIM_END		unknown	26.336s	292.185m
TIME	65.015
SIM_START	unknown	2018-03-22 13:47:25
TIME	0.000
SIMULATE	unknown

TIME	26.345
SIM_END		unknown	26.336s	292.185m
SIM_START	unknown	2018-03-22 13:47:35
TIME	0.000
SIMULATE	unknown

TIME	26.345
SIM_END		unknown	26.336s	292.185m
SIM_START	unknown	2018-03-22 13:47:54
TIME	0.000
SIMULATE	unknown

TIME	26.345
SIM_END		unknown	26.336s	292.185m
TIME	52.167
SIM_START	unknown	2018-03-22 13:52:15
TIME	0.000
SIMULATE	unknown

TIME	26.345
SIM_END		unknown	26.336s	292.185m
TIME	35.699
SIM_START	unknown	2018-03-22 13:53:51
TIME	0.000
SIMULATE	unknown

TIME	26.345
SIM_END		unknown	26.336s	292.185m
TIME	36.451
SIM_START	unknown	2018-03-22 13:55:35
TIME	0.000
SIMULATE	unknown

TIME	50.011
SIM_END		unknown	50.002s	623.186m
TIME	422.635
SHUTDOWN	CarMaker quick shutdown initiated

