FIRST_INIT	(internal default used)	2018-03-26 16:28:44
TIME	0.000
IDLE	16:28:45
SIM_START	test	2018-03-26 16:28:45
TIME	0.000
SIMULATE	test

TIME	18.309
ERROR		Vehicle leaves road at about x=-3.00002, y=11.4184 TireNo=0
SIM_ABORT	test	18.309s	155.015m
TIME	20.412
SIM_START	test	2018-03-26 16:29:09
TIME	0.000
SIMULATE	test

TIME	18.309
ERROR		Vehicle leaves road at about x=-3.00002, y=11.4184 TireNo=0
SIM_ABORT	test	18.309s	155.015m
TIME	22.066
SIM_START	test	2018-03-26 16:29:50
TIME	0.000
SIMULATE	test

TIME	28.096
SIM_END		test	28.087s	293.431m
TIME	45.131
SIM_START	test	2018-03-26 16:32:44
TIME	0.000
SIMULATE	test

TIME	18.309
ERROR		Vehicle leaves road at about x=-3.00002, y=11.4184 TireNo=0
SIM_ABORT	test	18.309s	155.015m
TIME	25.652
SIM_START	test	2018-03-26 16:34:01
TIME	0.000
SIMULATE	test

TIME	28.096
SIM_END		test	28.087s	293.431m
SIM_START	test	2018-03-26 16:34:12
TIME	0.000
SIMULATE	test

TIME	28.096
SIM_END		test	28.087s	293.431m
TIME	47.847
SIM_START	test	2018-03-26 16:37:34
TIME	0.000
SIMULATE	test

TIME	28.096
SIM_END		test	28.087s	293.431m
TIME	0.001
SIM_START	test	2018-03-26 16:39:59
TIME	0.000
SIMULATE	test

TIME	18.309
ERROR		Vehicle leaves road at about x=-3.00002, y=11.4184 TireNo=0
SIM_ABORT	test	18.309s	155.015m
SIM_START	test	2018-03-26 16:40:08
TIME	0.000
SIMULATE	test

TIME	18.309
ERROR		Vehicle leaves road at about x=-3.00002, y=11.4184 TireNo=0
SIM_ABORT	test	18.309s	155.015m
TIME	57.435
SIM_START	test	2018-03-26 16:46:42
TIME	0.000
SIMULATE	test

TIME	18.309
ERROR		Vehicle leaves road at about x=147, y=161.418 TireNo=0
SIM_ABORT	test	18.309s	155.015m
TIME	22.067
SIM_START	test	2018-03-26 16:47:22
TIME	0.000
SIMULATE	test

TIME	27.142
SIM_END		test	27.133s	292.456m
TIME	31.685
SIM_START	test	2018-03-26 16:48:10
TIME	0.000
SIMULATE	test

TIME	18.309
ERROR		Vehicle leaves road at about x=147, y=161.418 TireNo=0
SIM_ABORT	test	18.309s	155.015m
TIME	60.625
SIM_START	test	2018-03-26 16:55:16
TIME	0.000
SIMULATE	test

TIME	28.890
SIM_END		test	28.881s	290.749m
TIME	307.146
SHUTDOWN	CarMaker quick shutdown initiated

