SIM_START	test	2018-03-27 17:49:43
TIME	0.000
SIMULATE	test

TIME	73.411
SIM_END		test	73.41s	290.777m
SIM_START	test	2018-03-27 17:53:20
TIME	0.000
SIMULATE	test

TIME	17.996
ERROR		Vehicle leaves road at about x=155.528, y=153.007 TireNo=1
SIM_ABORT	test	17.998s	141.306m
SIM_START	test	2018-03-27 17:53:37
TIME	0.000
SIMULATE	test

TIME	17.996
ERROR		Vehicle leaves road at about x=155.528, y=153.007 TireNo=1
SIM_ABORT	test	17.998s	141.306m
SIM_START	test	2018-03-27 18:06:41
TIME	0.000
SIMULATE	test

TIME	17.996
ERROR		Vehicle leaves road at about x=155.528, y=153.007 TireNo=1
SIM_ABORT	test	17.998s	141.306m
SIM_START	test	2018-03-27 18:07:02
TIME	0.000
SIMULATE	test

TIME	73.411
SIM_END		test	73.41s	290.777m
SIM_START	test	2018-03-27 18:08:49
TIME	0.000
SIMULATE	test

TIME	73.411
SIM_END		test	73.41s	290.777m
SIM_START	test	2018-03-27 18:09:47
TIME	0.000
SIMULATE	test

TIME	73.411
SIM_END		test	73.41s	290.777m
SIM_START	test	2018-03-27 18:13:16
TIME	0.000
SIMULATE	test

TIME	104.771
SIM_END		test	104.767s	7.47992m
SIM_START	test	2018-03-27 18:14:26
TIME	0.000
SIMULATE	test

TIME	240.975
SIM_END		test	240.971s	7.51016m
SIM_START	test	2018-03-27 18:15:38
TIME	0.000
SIMULATE	test

TIME	73.411
SIM_END		test	73.41s	290.777m
SIM_START	test	2018-03-27 18:16:23
TIME	0.000
SIMULATE	test

TIME	28.890
SIM_END		test	28.889s	290.755m
SIM_START	test	2018-03-27 18:29:51
TIME	0.000
SIMULATE	test

TIME	30.876
SIM_END		test	30.875s	290.769m
SIM_START	test	2018-03-27 18:32:29
TIME	0.000
SIMULATE	test

TIME	30.876
SIM_END		test	30.875s	290.769m
SIM_START	test	2018-03-27 18:32:47
TIME	0.000
SIMULATE	test

TIME	28.890
SIM_END		test	28.889s	290.755m
SIM_START	test	2018-03-27 18:33:25
TIME	0.000
SIMULATE	test

TIME	28.890
SIM_END		test	28.889s	290.755m
SIM_START	test	2018-03-27 18:35:12
TIME	0.000
SIMULATE	test

TIME	28.890
SIM_END		test	28.889s	290.755m
SIM_START	test	2018-03-27 18:39:07
TIME	0.000
SIMULATE	test

TIME	28.890
SIM_END		test	28.889s	290.755m
SIM_START	test	2018-03-27 18:46:23
TIME	0.000
SIMULATE	test

SIM_END		test	0s	0m
SIM_START	test	2018-03-27 18:46:51
TIME	0.000
SIMULATE	test

SIM_END		test	0s	0m
SIM_START	test	2018-03-27 18:47:41
TIME	0.000
SIMULATE	test

SIM_END		test	0s	0m
SIM_START	test	2018-03-27 18:54:34
TIME	0.000
SIMULATE	test

SIM_END		test	0s	0m
SIM_START	test	2018-03-27 19:00:36
TIME	0.000
SIMULATE	test

TIME	27.765
SIM_END		test	27.761s	266.071m
SIM_START	test	2018-03-27 19:01:03
TIME	0.000
SIMULATE	test

TIME	28.890
SIM_END		test	28.889s	290.755m
