SIM_START	test	2018-04-04 14:11:37
TIME	0.000
SIMULATE	test

TIME	11.456
ERROR		Vehicle leaves road at about x=146.718, y=154.166 TireNo=1
SIM_ABORT	test	11.458s	150.2m
SIM_START	test	2018-04-04 14:13:23
TIME	0.000
SIMULATE	test

TIME	42.604
SIM_END		test	42.6s	0.00116222m
SIM_START	test	2018-04-04 14:13:51
TIME	0.000
SIMULATE	test

TIME	40.612
SIM_END		test	40.608s	0.0282204m
SIM_START	test	2018-04-04 14:14:28
TIME	0.000
SIMULATE	test

TIME	28.890
SIM_END		test	28.889s	290.755m
SIM_START	test	2018-04-04 14:15:03
TIME	0.000
SIMULATE	test

TIME	233.501
SIM_END		test	233.5s	290.938m
SIM_START	test	2018-04-04 14:16:43
TIME	0.000
SIMULATE	test

TIME	233.501
SIM_END		test	233.5s	290.938m
SIM_START	test	2018-04-04 14:18:43
TIME	0.000
SIMULATE	test

TIME	73.411
SIM_END		test	73.41s	290.777m
