SIM_START	test	2018-03-23 14:52:56
TIME	0.000
SIMULATE	test

TIME	27.143
SIM_END		test	27.142s	292.416m
SIM_START	test	2018-03-23 15:01:13
TIME	0.000
SIMULATE	test

SIM_END		test	0s	0m
SIM_START	test	2018-03-23 15:02:45
TIME	0.000
SIMULATE	test

SIM_END		test	0s	0m
SIM_START	test	2018-03-23 15:03:45
TIME	0.000
SIMULATE	test

TIME	45.006
SIM_END		test	45.005s	0.546472m
SIM_START	test	2018-03-23 15:04:15
TIME	0.000
SIMULATE	test

TIME	45.006
SIM_END		test	45.005s	0.546472m
SIM_START	test	2018-03-23 15:05:46
TIME	0.000
SIMULATE	test

TIME	36.915
SIM_END		test	36.911s	0.546442m
SIM_START	test	2018-03-23 15:06:31
TIME	0.000
SIMULATE	test

TIME	45.006
SIM_END		test	45.005s	36.8821m
SIM_START	test	2018-03-23 15:07:12
TIME	0.000
SIMULATE	test

TIME	45.006
SIM_END		test	45.005s	36.8821m
SIM_START	test	2018-03-23 15:08:11
TIME	0.000
SIMULATE	test

TIME	30.304
SIM_END		test	30.303s	292.422m
SIM_START	test	2018-03-23 15:08:55
TIME	0.000
SIMULATE	test

TIME	30.304
SIM_END		test	30.303s	292.422m
SIM_START	test	2018-03-23 15:10:17
TIME	0.001
ERROR		Traffic 0: failed to select route 9
ERROR		CM_Main.c: Initialization failed (CM_Main_Begin()=-3)
SIM_ABORT	test	0s	0m
SIM_START	test	2018-03-23 15:10:50
TIME	0.000
SIMULATE	test

TIME	45.006
SIM_END		test	45.005s	372.214m
SIM_START	test	2018-03-23 15:11:23
TIME	0.000
SIMULATE	test

TIME	95.008
SIM_END		test	95.007s	1067.24m
SIM_START	test	2018-03-23 15:16:56
TIME	0.000
SIMULATE	test

TIME	95.008
SIM_END		test	95.007s	1067.24m
