

SYSTEM_START	-	MEG-1065	MEG-1065	2016-03-21 17:06:57


SYSTEM_INFO	CarMaker 5.0.3 - Car_Generic #111	fh@daniel.ipg 2016-01-12 20:34:29	(5.0.3 fh@daniel.ipg 2016-01-12 20:32:57)
SIM	1458576417	MEG-1065	MarkusC	DCP_TestRun2	0	19.5	218.97


SYSTEM_START	-	MEG-1065	MEG-1065	2016-03-21 17:07:18


SYSTEM_INFO	CarMaker 5.0.3 - Car_Generic #111	fh@daniel.ipg 2016-01-12 20:34:29	(5.0.3 fh@daniel.ipg 2016-01-12 20:32:57)
SIM	1458576438	MEG-1065	MarkusC	DCP_TestRun2	0	19.5	218.97


SYSTEM_START	-	MEG-1065	MEG-1065	2016-03-21 17:08:02


SYSTEM_INFO	CarMaker 5.0.3 - Car_Generic #111	fh@daniel.ipg 2016-01-12 20:34:29	(5.0.3 fh@daniel.ipg 2016-01-12 20:32:57)
SIM	1458576482	MEG-1065	MarkusC	DCP_TestRun2	0	18.2	202.736


SYSTEM_START	-	MEG-1065	MEG-1065	2016-03-21 17:09:10


SYSTEM_INFO	CarMaker 5.0.3 - Car_Generic #111	fh@daniel.ipg 2016-01-12 20:34:29	(5.0.3 fh@daniel.ipg 2016-01-12 20:32:57)
SIM	1458576550	MEG-1065	MarkusC	DCP_TestRun2	0	20.4	245.554


SYSTEM_START	-	MEG-1065	MEG-1065	2016-03-24 08:33:06


SYSTEM_INFO	CarMaker 5.0.3 - Car_Generic #111	fh@daniel.ipg 2016-01-12 20:34:29	(5.0.3 fh@daniel.ipg 2016-01-12 20:32:57)
SIM	1458804786	MEG-1065	MarkusC	DCP_TestRun2	0	14.379	151.332


SYSTEM_START	-	MEG-1065	MEG-1065	2016-03-24 08:40:02


SYSTEM_INFO	CarMaker 5.0.3 - Car_Generic #111	fh@daniel.ipg 2016-01-12 20:34:29	(5.0.3 fh@daniel.ipg 2016-01-12 20:32:57)
SIM	1458805202	MEG-1065	MarkusC	DCP_TestRun2	0	50.004	616.96


SYSTEM_START	-	MEG-1065	MEG-1065	2016-03-24 08:40:27


SYSTEM_INFO	CarMaker 5.0.3 - Car_Generic #111	fh@daniel.ipg 2016-01-12 20:34:29	(5.0.3 fh@daniel.ipg 2016-01-12 20:32:57)
SIM	1458805227	MEG-1065	MarkusC	DCP_TestRun2	0	10.713	103.486


SYSTEM_START	-	MEG-1065	MEG-1065	2016-03-24 08:41:44


SYSTEM_INFO	CarMaker 5.0.3 - Car_Generic #111	fh@daniel.ipg 2016-01-12 20:34:29	(5.0.3 fh@daniel.ipg 2016-01-12 20:32:57)
SIM	1458805304	MEG-1065	MarkusC	DCP_TestRun2	0	18.451	204.493


SYSTEM_START	-	MEG-1065	MEG-1065	2016-03-24 08:43:58


SYSTEM_INFO	CarMaker 5.0.3 - Car_Generic #111	fh@daniel.ipg 2016-01-12 20:34:29	(5.0.3 fh@daniel.ipg 2016-01-12 20:32:57)
SIM	1458805438	MEG-1065	MarkusC	DCP_TestRun2	0	50.004	616.96


SYSTEM_START	-	MEG-1065	MEG-1065	2016-03-24 08:45:03


SYSTEM_INFO	CarMaker 5.0.3 - Car_Generic #111	fh@daniel.ipg 2016-01-12 20:34:29	(5.0.3 fh@daniel.ipg 2016-01-12 20:32:57)
SIM	1458805503	MEG-1065	MarkusC	DCP_TestRun2	0	15.5	165.967


SYSTEM_START	-	MEG-1065	MEG-1065	2016-03-24 08:46:07


SYSTEM_INFO	CarMaker 5.0.3 - Car_Generic #111	fh@daniel.ipg 2016-01-12 20:34:29	(5.0.3 fh@daniel.ipg 2016-01-12 20:32:57)
SIM	1458805567	MEG-1065	MarkusC	DCP_TestRun2	0	15.5	165.967


SYSTEM_START	-	MEG-1065	MEG-1065	2016-03-24 08:46:40


SYSTEM_INFO	CarMaker 5.0.3 - Car_Generic #111	fh@daniel.ipg 2016-01-12 20:34:29	(5.0.3 fh@daniel.ipg 2016-01-12 20:32:57)
SIM	1458805600	MEG-1065	MarkusC	DCP_TestRun2	0	15.5	165.967


SYSTEM_START	-	MEG-1065	MEG-1065	2016-03-24 08:47:11


SYSTEM_INFO	CarMaker 5.0.3 - Car_Generic #111	fh@daniel.ipg 2016-01-12 20:34:29	(5.0.3 fh@daniel.ipg 2016-01-12 20:32:57)
SIM	1458805631	MEG-1065	MarkusC	DCP_TestRun2	0	15.5	165.967


SYSTEM_START	-	MEG-1065	MEG-1065	2016-03-24 08:51:00


SYSTEM_INFO	CarMaker 5.0.3 - Car_Generic #111	fh@daniel.ipg 2016-01-12 20:34:29	(5.0.3 fh@daniel.ipg 2016-01-12 20:32:57)
SIM	1458805860	MEG-1065	MarkusC	DCP_TestRun2	0	15.5	165.967


SYSTEM_START	-	MEG-1065	MEG-1065	2016-03-24 08:53:25


SYSTEM_INFO	CarMaker 5.0.3 - Car_Generic #111	fh@daniel.ipg 2016-01-12 20:34:29	(5.0.3 fh@daniel.ipg 2016-01-12 20:32:57)
SIM	1458806005	MEG-1065	MarkusC	DCP_TestRun2	0	15.5	165.967


SYSTEM_START	-	MEG-1065	MEG-1065	2016-03-24 08:56:58


SYSTEM_INFO	CarMaker 5.0.3 - Car_Generic #111	fh@daniel.ipg 2016-01-12 20:34:29	(5.0.3 fh@daniel.ipg 2016-01-12 20:32:57)
SIM	1458806218	MEG-1065	MarkusC	DCP_TestRun2	0	15.95	171.841


SYSTEM_START	-	MEG-1065	MEG-1065	2016-03-24 08:59:28


SYSTEM_INFO	CarMaker 5.0.3 - Car_Generic #111	fh@daniel.ipg 2016-01-12 20:34:29	(5.0.3 fh@daniel.ipg 2016-01-12 20:32:57)
SIM	1458806368	MEG-1065	MarkusC	DCP_TestRun2	0	16.05	173.147


SYSTEM_START	-	MEG-1065	MEG-1065	2016-03-24 09:00:14


SYSTEM_INFO	CarMaker 5.0.3 - Car_Generic #111	fh@daniel.ipg 2016-01-12 20:34:29	(5.0.3 fh@daniel.ipg 2016-01-12 20:32:57)
SIM	1458806414	MEG-1065	MarkusC	DCP_TestRun2	0	0	0


SYSTEM_START	-	MEG-1065	MEG-1065	2016-03-24 14:06:29


SYSTEM_INFO	CarMaker 5.0.3 - Car_Generic #111	fh@daniel.ipg 2016-01-12 20:34:29	(5.0.3 fh@daniel.ipg 2016-01-12 20:32:57)
SIM	1458824789	MEG-1065	MarkusC	DCP_TestRun2	0	0	0


SYSTEM_START	-	MEG-1065	MEG-1065	2016-03-24 14:07:31


SYSTEM_INFO	CarMaker 5.0.3 - Car_Generic #111	fh@daniel.ipg 2016-01-12 20:34:29	(5.0.3 fh@daniel.ipg 2016-01-12 20:32:57)
SIM	1458824851	MEG-1065	MarkusC	DCP_TestRun2	0	0	0


SYSTEM_START	-	MEG-1065	MEG-1065	2016-03-24 14:10:36


SYSTEM_INFO	CarMaker 5.0.3 - Car_Generic #111	fh@daniel.ipg 2016-01-12 20:34:29	(5.0.3 fh@daniel.ipg 2016-01-12 20:32:57)
SIM	1458825036	MEG-1065	MarkusC	DCP_TestRun2	0	16.05	173.147


SYSTEM_START	-	MEG-1065	MEG-1065	2016-03-24 14:11:02


SYSTEM_INFO	CarMaker 5.0.3 - Car_Generic #111	fh@daniel.ipg 2016-01-12 20:34:29	(5.0.3 fh@daniel.ipg 2016-01-12 20:32:57)
SIM	1458825062	MEG-1065	MarkusC	DCP_TestRun2	0	15.95	171.841


SYSTEM_START	-	MEG-1065	MEG-1065	2016-03-24 14:11:28


SYSTEM_INFO	CarMaker 5.0.3 - Car_Generic #111	fh@daniel.ipg 2016-01-12 20:34:29	(5.0.3 fh@daniel.ipg 2016-01-12 20:32:57)
SIM	1458825088	MEG-1065	MarkusC	DCP_TestRun2	0	16.05	173.147


SYSTEM_START	-	MEG-1065	MEG-1065	2016-03-24 14:19:23


SYSTEM_INFO	CarMaker 5.0.3 - Car_Generic #111	fh@daniel.ipg 2016-01-12 20:34:29	(5.0.3 fh@daniel.ipg 2016-01-12 20:32:57)
SIM	1458825563	MEG-1065	MarkusC	DCP_TestRun2	0	16.05	173.147


SYSTEM_START	-	MEG-1065	MEG-1065	2016-03-24 14:21:38


SYSTEM_INFO	CarMaker 5.0.3 - Car_Generic #111	fh@daniel.ipg 2016-01-12 20:34:29	(5.0.3 fh@daniel.ipg 2016-01-12 20:32:57)
SIM	1458825698	MEG-1065	MarkusC	DCP_TestRun2	0	16.05	173.147


SYSTEM_START	-	MEG-1065	MEG-1065	2016-03-24 14:23:23


SYSTEM_INFO	CarMaker 5.0.3 - Car_Generic #111	fh@daniel.ipg 2016-01-12 20:34:29	(5.0.3 fh@daniel.ipg 2016-01-12 20:32:57)
SIM	1458825803	MEG-1065	MarkusC	DCP_TestRun2	0	50.004	616.96


SYSTEM_START	-	MEG-1065	MEG-1065	2016-03-24 14:25:57


SYSTEM_INFO	CarMaker 5.0.3 - Car_Generic #111	fh@daniel.ipg 2016-01-12 20:34:29	(5.0.3 fh@daniel.ipg 2016-01-12 20:32:57)
SIM	1458825957	MEG-1065	MarkusC	DCP_TestRun2	0	15.6	167.272


SYSTEM_START	-	MEG-1065	MEG-1065	2016-03-24 14:34:53


SYSTEM_INFO	CarMaker 5.0.3 - Car_Generic #111	fh@daniel.ipg 2016-01-12 20:34:29	(5.0.3 fh@daniel.ipg 2016-01-12 20:32:57)


SYSTEM_START	-	MEG-1065	MEG-1065	2016-03-24 14:41:15


SYSTEM_INFO	CarMaker 5.0.3 - Car_Generic #111	fh@daniel.ipg 2016-01-12 20:34:29	(5.0.3 fh@daniel.ipg 2016-01-12 20:32:57)


SYSTEM_START	-	MEG-1065	MEG-1065	2016-03-24 15:01:02


SYSTEM_INFO	CarMaker 5.0.3 - Car_Generic #111	fh@daniel.ipg 2016-01-12 20:34:29	(5.0.3 fh@daniel.ipg 2016-01-12 20:32:57)
SIM	1458828062	MEG-1065	MarkusC	DCP_TestRun2	0	16	172.494


SYSTEM_START	-	MEG-1065	MEG-1065	2016-03-24 15:14:28


SYSTEM_INFO	CarMaker 5.0.3 - Car_Generic #111	fh@daniel.ipg 2016-01-12 20:34:29	(5.0.3 fh@daniel.ipg 2016-01-12 20:32:57)
SIM	1458828868	MEG-1065	MarkusC	DCP_TestRun2	0	2.485	6.50618


SYSTEM_START	-	MEG-1065	MEG-1065	2016-03-24 15:15:27


SYSTEM_INFO	CarMaker 5.0.3 - Car_Generic #111	fh@daniel.ipg 2016-01-12 20:34:29	(5.0.3 fh@daniel.ipg 2016-01-12 20:32:57)
SIM	1458828927	MEG-1065	MarkusC	DCP_TestRun2	0	3.977	19.0601


SYSTEM_START	-	MEG-1065	MEG-1065	2016-03-24 15:17:09


SYSTEM_INFO	CarMaker 5.0.3 - Car_Generic #111	fh@daniel.ipg 2016-01-12 20:34:29	(5.0.3 fh@daniel.ipg 2016-01-12 20:32:57)
SIM	1458829029	MEG-1065	MarkusC	DCP_TestRun2	0	3.147	11.2814


SYSTEM_START	-	MEG-1065	MEG-1065	2016-03-24 15:22:06


SYSTEM_INFO	CarMaker 5.0.3 - Car_Generic #111	fh@daniel.ipg 2016-01-12 20:34:29	(5.0.3 fh@daniel.ipg 2016-01-12 20:32:57)
SIM	1458829326	MEG-1065	MarkusC	DCP_TestRun2	0	0.451	0.0266306


SYSTEM_START	-	MEG-1065	MEG-1065	2016-03-24 15:30:04


SYSTEM_INFO	CarMaker 5.0.3 - Car_Generic #111	fh@daniel.ipg 2016-01-12 20:34:29	(5.0.3 fh@daniel.ipg 2016-01-12 20:32:57)
SIM	1458829804	MEG-1065	MarkusC	DCP_TestRun2	0	1.157	0.888342


SYSTEM_START	-	MEG-1065	MEG-1065	2016-03-24 15:34:00


SYSTEM_INFO	CarMaker 5.0.3 - Car_Generic #111	fh@daniel.ipg 2016-01-12 20:34:29	(5.0.3 fh@daniel.ipg 2016-01-12 20:32:57)


SYSTEM_START	-	MEG-1065	MEG-1065	2016-03-24 15:38:35


SYSTEM_INFO	CarMaker 5.0.3 - Car_Generic #111	fh@daniel.ipg 2016-01-12 20:34:29	(5.0.3 fh@daniel.ipg 2016-01-12 20:32:57)
SIM	1458830315	MEG-1065	MarkusC	DCP_TestRun2	0	15.5	165.967


SYSTEM_START	-	MEG-1065	MEG-1065	2016-03-24 15:48:49


SYSTEM_INFO	CarMaker 5.0.3 - Car_Generic #111	fh@daniel.ipg 2016-01-12 20:34:29	(5.0.3 fh@daniel.ipg 2016-01-12 20:32:57)


SYSTEM_START	-	MEG-1065	MEG-1065	2016-03-24 15:50:07


SYSTEM_INFO	CarMaker 5.0.3 - Car_Generic #111	fh@daniel.ipg 2016-01-12 20:34:29	(5.0.3 fh@daniel.ipg 2016-01-12 20:32:57)


SYSTEM_START	-	MEG-1065	MEG-1065	2016-03-24 15:51:12


SYSTEM_INFO	CarMaker 5.0.3 - Car_Generic #111	fh@daniel.ipg 2016-01-12 20:34:29	(5.0.3 fh@daniel.ipg 2016-01-12 20:32:57)
SIM	1458831072	MEG-1065	MarkusC	DCP_TestRun2	0	15.5	165.967


SYSTEM_START	-	MEG-1065	MEG-1065	2016-03-24 15:55:11


SYSTEM_INFO	CarMaker 5.0.3 - Car_Generic #111	fh@daniel.ipg 2016-01-12 20:34:29	(5.0.3 fh@daniel.ipg 2016-01-12 20:32:57)
SIM	1458831311	MEG-1065	MarkusC	DCP_TestRun2	0	50.004	253.266


SYSTEM_START	-	MEG-1065	MEG-1065	2016-03-24 15:57:00


SYSTEM_INFO	CarMaker 5.0.3 - Car_Generic #111	fh@daniel.ipg 2016-01-12 20:34:29	(5.0.3 fh@daniel.ipg 2016-01-12 20:32:57)
SIM	1458831420	MEG-1065	MarkusC	DCP_TestRun2	0	15.5	165.967


SYSTEM_START	-	MEG-1065	MEG-1065	2016-03-25 14:19:56


SYSTEM_INFO	CarMaker 5.0.3 - Car_Generic #111	fh@daniel.ipg 2016-01-12 20:34:29	(5.0.3 fh@daniel.ipg 2016-01-12 20:32:57)
SIM	1458911996	MEG-1065	MarkusC	DCP_TestRun2	0	15.5	165.967


SYSTEM_START	-	MEG-1065	MEG-1065	2016-03-25 14:30:01


SYSTEM_INFO	CarMaker 5.0.3 - Car_Generic #111	fh@daniel.ipg 2016-01-12 20:34:29	(5.0.3 fh@daniel.ipg 2016-01-12 20:32:57)
SIM	1458912601	MEG-1065	MarkusC	DCP_TestRun2	0	15.55	166.619


SYSTEM_START	-	MEG-1065	MEG-1065	2016-03-25 14:35:13


SYSTEM_INFO	CarMaker 5.0.3 - Car_Generic #111	fh@daniel.ipg 2016-01-12 20:34:29	(5.0.3 fh@daniel.ipg 2016-01-12 20:32:57)
SIM	1458912913	MEG-1065	MarkusC	DCP_TestRun2	0	15.5	165.967


SYSTEM_START	-	MEG-1065	MEG-1065	2016-03-25 14:35:46


SYSTEM_INFO	CarMaker 5.0.3 - Car_Generic #111	fh@daniel.ipg 2016-01-12 20:34:29	(5.0.3 fh@daniel.ipg 2016-01-12 20:32:57)
SIM	1458912946	MEG-1065	MarkusC	DCP_TestRun2	0	15.5	165.967


SYSTEM_START	-	MEG-1065	MEG-1065	2016-03-25 14:37:00


SYSTEM_INFO	CarMaker 5.0.3 - Car_Generic #111	fh@daniel.ipg 2016-01-12 20:34:29	(5.0.3 fh@daniel.ipg 2016-01-12 20:32:57)
SIM	1458913020	MEG-1065	MarkusC	DCP_TestRun2	0	15.5	165.967


SYSTEM_START	-	MEG-1065	MEG-1065	2016-03-25 14:38:33


SYSTEM_INFO	CarMaker 5.0.3 - Car_Generic #111	fh@daniel.ipg 2016-01-12 20:34:29	(5.0.3 fh@daniel.ipg 2016-01-12 20:32:57)
SIM	1458913113	MEG-1065	MarkusC	DCP_TestRun2	0	15.5	165.967


SYSTEM_START	-	MEG-1065	MEG-1065	2016-03-25 14:39:49


SYSTEM_INFO	CarMaker 5.0.3 - Car_Generic #111	fh@daniel.ipg 2016-01-12 20:34:29	(5.0.3 fh@daniel.ipg 2016-01-12 20:32:57)
SIM	1458913189	MEG-1065	MarkusC	DCP_TestRun2	0	15.5	165.967


SYSTEM_START	-	MEG-1065	MEG-1065	2016-03-25 14:46:57


SYSTEM_INFO	CarMaker 5.0.3 - Car_Generic #111	fh@daniel.ipg 2016-01-12 20:34:29	(5.0.3 fh@daniel.ipg 2016-01-12 20:32:57)
SIM	1458913617	MEG-1065	MarkusC	DCP_TestRun2	0	15.5	165.967


SYSTEM_START	-	MEG-1065	MEG-1065	2016-03-25 14:48:16


SYSTEM_INFO	CarMaker 5.0.3 - Car_Generic #111	fh@daniel.ipg 2016-01-12 20:34:29	(5.0.3 fh@daniel.ipg 2016-01-12 20:32:57)
SIM	1458913696	MEG-1065	MarkusC	DCP_TestRun2	0	15.5	165.967


SYSTEM_START	-	MEG-1065	MEG-1065	2016-03-25 14:50:04


SYSTEM_INFO	CarMaker 5.0.3 - Car_Generic #111	fh@daniel.ipg 2016-01-12 20:34:29	(5.0.3 fh@daniel.ipg 2016-01-12 20:32:57)
SIM	1458913804	MEG-1065	MarkusC	DCP_TestRun2	0	15.95	171.796


SYSTEM_START	-	MEG-1065	MEG-1065	2016-03-25 14:51:50


SYSTEM_INFO	CarMaker 5.0.3 - Car_Generic #111	fh@daniel.ipg 2016-01-12 20:34:29	(5.0.3 fh@daniel.ipg 2016-01-12 20:32:57)
SIM	1458913910	MEG-1065	MarkusC	DCP_TestRun2	0	50.004	253.266


SYSTEM_START	-	MEG-1065	MEG-1065	2016-03-25 15:09:58


SYSTEM_INFO	CarMaker 5.0.3 - Car_Generic #111	fh@daniel.ipg 2016-01-12 20:34:29	(5.0.3 fh@daniel.ipg 2016-01-12 20:32:57)
SIM	1458914998	MEG-1065	MarkusC	DCP_TestRun2	0	16.05	173.067


SYSTEM_START	-	MEG-1065	MEG-1065	2016-03-25 15:14:48


SYSTEM_INFO	CarMaker 5.0.3 - Car_Generic #111	fh@daniel.ipg 2016-01-12 20:34:29	(5.0.3 fh@daniel.ipg 2016-01-12 20:32:57)
SIM	1458915288	MEG-1065	MarkusC	DCP_TestRun2	0	16.05	173.067


SYSTEM_START	-	MEG-1065	MEG-1065	2016-03-25 15:16:51


SYSTEM_INFO	CarMaker 5.0.3 - Car_Generic #111	fh@daniel.ipg 2016-01-12 20:34:29	(5.0.3 fh@daniel.ipg 2016-01-12 20:32:57)
SIM	1458915411	MEG-1065	MarkusC	DCP_TestRun2	0	0	0


SYSTEM_START	-	MEG-1065	MEG-1065	2016-03-25 15:18:22


SYSTEM_INFO	CarMaker 5.0.3 - Car_Generic #111	fh@daniel.ipg 2016-01-12 20:34:29	(5.0.3 fh@daniel.ipg 2016-01-12 20:32:57)
SIM	1458915502	MEG-1065	MarkusC	DCP_TestRun2	0	0	0


SYSTEM_START	-	MEG-1065	MEG-1065	2016-03-25 15:18:49


SYSTEM_INFO	CarMaker 5.0.3 - Car_Generic #111	fh@daniel.ipg 2016-01-12 20:34:29	(5.0.3 fh@daniel.ipg 2016-01-12 20:32:57)
SIM	1458915529	MEG-1065	MarkusC	DCP_TestRun2	0	16.05	173.067


SYSTEM_START	-	MEG-1065	MEG-1065	2016-03-25 15:20:51


SYSTEM_INFO	CarMaker 5.0.3 - Car_Generic #111	fh@daniel.ipg 2016-01-12 20:34:29	(5.0.3 fh@daniel.ipg 2016-01-12 20:32:57)
SIM	1458915651	MEG-1065	MarkusC	DCP_TestRun2	0	16.05	173.067


SYSTEM_START	-	MEG-1065	MEG-1065	2016-03-25 15:21:56


SYSTEM_INFO	CarMaker 5.0.3 - Car_Generic #111	fh@daniel.ipg 2016-01-12 20:34:29	(5.0.3 fh@daniel.ipg 2016-01-12 20:32:57)
SIM	1458915716	MEG-1065	MarkusC	DCP_TestRun2	0	50.004	253.266


SYSTEM_START	-	MEG-1065	MEG-1065	2016-03-25 15:22:38


SYSTEM_INFO	CarMaker 5.0.3 - Car_Generic #111	fh@daniel.ipg 2016-01-12 20:34:29	(5.0.3 fh@daniel.ipg 2016-01-12 20:32:57)
SIM	1458915758	MEG-1065	MarkusC	DCP_TestRun2	0	15.5	165.967


SYSTEM_START	-	MEG-1065	MEG-1065	2016-03-25 15:26:43


SYSTEM_INFO	CarMaker 5.0.3 - Car_Generic #111	fh@daniel.ipg 2016-01-12 20:34:29	(5.0.3 fh@daniel.ipg 2016-01-12 20:32:57)
SIM	1458916003	MEG-1065	MarkusC	DCP_TestRun2	0	16	172.494


SYSTEM_START	-	MEG-1065	MEG-1065	2016-03-25 15:43:31


SYSTEM_INFO	CarMaker 5.0.3 - Car_Generic #111	fh@daniel.ipg 2016-01-12 20:34:29	(5.0.3 fh@daniel.ipg 2016-01-12 20:32:57)
SIM	1458917011	MEG-1065	MarkusC	DCP_TestRun2	0	15.6	167.272


SYSTEM_START	-	MEG-1065	MEG-1065	2016-03-25 15:44:07


SYSTEM_INFO	CarMaker 5.0.3 - Car_Generic #111	fh@daniel.ipg 2016-01-12 20:34:29	(5.0.3 fh@daniel.ipg 2016-01-12 20:32:57)
SIM	1458917047	MEG-1065	MarkusC	DCP_TestRun2	0	16	172.494


SYSTEM_START	-	MEG-1065	MEG-1065	2016-03-26 09:11:47


SYSTEM_INFO	CarMaker 5.0.3 - Car_Generic #111	fh@daniel.ipg 2016-01-12 20:34:29	(5.0.3 fh@daniel.ipg 2016-01-12 20:32:57)
SIM	1458979907	MEG-1065	MarkusC	DCP_TestRun2	0	15.95	171.841


SYSTEM_START	-	MEG-1065	MEG-1065	2016-03-26 09:14:08


SYSTEM_INFO	CarMaker 5.0.3 - Car_Generic #111	fh@daniel.ipg 2016-01-12 20:34:29	(5.0.3 fh@daniel.ipg 2016-01-12 20:32:57)
SIM	1458980048	MEG-1065	MarkusC	DCP_TestRun2	0	16	172.494


SYSTEM_START	-	MEG-1065	MEG-1065	2016-03-26 09:19:13


SYSTEM_INFO	CarMaker 5.0.3 - Car_Generic #111	fh@daniel.ipg 2016-01-12 20:34:29	(5.0.3 fh@daniel.ipg 2016-01-12 20:32:57)
SIM	1458980353	MEG-1065	MarkusC	DCP_TestRun2	0	16	172.494


SYSTEM_START	-	MEG-1065	MEG-1065	2016-03-26 09:50:28


SYSTEM_INFO	CarMaker 5.0.3 - Car_Generic #111	fh@daniel.ipg 2016-01-12 20:34:29	(5.0.3 fh@daniel.ipg 2016-01-12 20:32:57)
SIM	1458982228	MEG-1065	MarkusC	DCP_TestRun2	0	50.004	272.198


SYSTEM_START	-	MEG-1065	MEG-1065	2016-03-26 09:52:37


SYSTEM_INFO	CarMaker 5.0.3 - Car_Generic #111	fh@daniel.ipg 2016-01-12 20:34:29	(5.0.3 fh@daniel.ipg 2016-01-12 20:32:57)
SIM	1458982357	MEG-1065	MarkusC	DCP_TestRun2	0	162.162	269.278


SYSTEM_START	-	MEG-1065	MEG-1065	2016-03-26 09:53:52


SYSTEM_INFO	CarMaker 5.0.3 - Car_Generic #111	fh@daniel.ipg 2016-01-12 20:34:29	(5.0.3 fh@daniel.ipg 2016-01-12 20:32:57)
SIM	1458982432	MEG-1065	MarkusC	DCP_TestRun2	0	50.004	269.278


SYSTEM_START	-	MEG-1065	MEG-1065	2016-03-26 09:54:40


SYSTEM_INFO	CarMaker 5.0.3 - Car_Generic #111	fh@daniel.ipg 2016-01-12 20:34:29	(5.0.3 fh@daniel.ipg 2016-01-12 20:32:57)
SIM	1458982480	MEG-1065	MarkusC	DCP_TestRun2	0	50.004	262.75


SYSTEM_START	-	MEG-1065	MEG-1065	2016-03-26 09:55:42


SYSTEM_INFO	CarMaker 5.0.3 - Car_Generic #111	fh@daniel.ipg 2016-01-12 20:34:29	(5.0.3 fh@daniel.ipg 2016-01-12 20:32:57)
SIM	1458982542	MEG-1065	MarkusC	DCP_TestRun2	0	50.004	259.141


SYSTEM_START	-	MEG-1065	MEG-1065	2016-03-26 09:56:01


SYSTEM_INFO	CarMaker 5.0.3 - Car_Generic #111	fh@daniel.ipg 2016-01-12 20:34:29	(5.0.3 fh@daniel.ipg 2016-01-12 20:32:57)
SIM	1458982561	MEG-1065	MarkusC	DCP_TestRun2	0	50.004	259.141


SYSTEM_START	-	MEG-1065	MEG-1065	2016-03-26 09:58:19


SYSTEM_INFO	CarMaker 5.0.3 - Car_Generic #111	fh@daniel.ipg 2016-01-12 20:34:29	(5.0.3 fh@daniel.ipg 2016-01-12 20:32:57)
SIM	1458982699	MEG-1065	MarkusC	DCP_TestRun2	0	50.004	616.96


SYSTEM_START	-	MEG-1065	MEG-1065	2016-04-13 15:57:08


SYSTEM_INFO	CarMaker 5.0.3 - Car_Generic #111	fh@daniel.ipg 2016-01-12 20:34:29	(5.0.3 fh@daniel.ipg 2016-01-12 20:32:57)
SIM	1460555828	MEG-1065	MarkusC	DCP_TestRun2	0	22	250.98


SYSTEM_START	-	MEG-1065	MEG-1065	2016-04-13 15:59:47


SYSTEM_INFO	CarMaker 5.0.3 - Car_Generic #111	fh@daniel.ipg 2016-01-12 20:34:29	(5.0.3 fh@daniel.ipg 2016-01-12 20:32:57)
SIM	1460555987	MEG-1065	MarkusC	DCP_TestRun2	0	50.004	617.608


SYSTEM_START	-	MEG-1065	MEG-1065	2016-04-13 16:00:18


SYSTEM_INFO	CarMaker 5.0.3 - Car_Generic #111	fh@daniel.ipg 2016-01-12 20:34:29	(5.0.3 fh@daniel.ipg 2016-01-12 20:32:57)
SIM	1460556018	MEG-1065	MarkusC	DCP_TestRun2	0	37.333	452.22


SYSTEM_START	-	MEG-1065	MEG-1065	2016-04-13 16:02:53


SYSTEM_INFO	CarMaker 5.0.3 - Car_Generic #111	fh@daniel.ipg 2016-01-12 20:34:29	(5.0.3 fh@daniel.ipg 2016-01-12 20:32:57)
SIM	1460556173	MEG-1065	MarkusC	DCP_TestRun2	0	50.004	617.608


SYSTEM_START	-	MEG-1065	MEG-1065	2016-04-13 16:10:21


SYSTEM_INFO	CarMaker 5.0.3 - Car_Generic #111	fh@daniel.ipg 2016-01-12 20:34:29	(5.0.3 fh@daniel.ipg 2016-01-12 20:32:57)
SIM	1460556621	MEG-1065	MarkusC	DCP_TestRun2	0	28.5	351.877


SYSTEM_START	-	MEG-1065	MEG-1065	2016-04-13 16:27:08


SYSTEM_INFO	CarMaker 5.0.3 - Car_Generic #111	fh@daniel.ipg 2016-01-12 20:34:29	(5.0.3 fh@daniel.ipg 2016-01-12 20:32:57)
SIM	1460557628	MEG-1065	MarkusC	DCP_TestRun2	0	47.894	604.964


SYSTEM_START	-	MEG-1065	MEG-1065	2016-04-13 16:42:02


SYSTEM_INFO	CarMaker 5.0.3 - Car_Generic #111	fh@daniel.ipg 2016-01-12 20:34:29	(5.0.3 fh@daniel.ipg 2016-01-12 20:32:57)
SIM	1460558522	MEG-1065	MarkusC	DCP_TestRun2	0	27.049	303.33


SYSTEM_START	-	MEG-1065	MEG-1065	2016-04-13 16:49:56


SYSTEM_INFO	CarMaker 5.0.3 - Car_Generic #111	fh@daniel.ipg 2016-01-12 20:34:29	(5.0.3 fh@daniel.ipg 2016-01-12 20:32:57)
SIM	1460558996	MEG-1065	MarkusC	DCP_TestRun2	0	15.5	165.967


SYSTEM_START	-	MEG-1065	MEG-1065	2016-04-13 16:50:40


SYSTEM_INFO	CarMaker 5.0.3 - Car_Generic #111	fh@daniel.ipg 2016-01-12 20:34:29	(5.0.3 fh@daniel.ipg 2016-01-12 20:32:57)
SIM	1460559040	MEG-1065	MarkusC	DCP_TestRun2	0	15.5	165.967


SYSTEM_START	-	MEG-1065	MEG-1065	2016-04-13 16:53:52


SYSTEM_INFO	CarMaker 5.0.3 - Car_Generic #111	fh@daniel.ipg 2016-01-12 20:34:29	(5.0.3 fh@daniel.ipg 2016-01-12 20:32:57)
SIM	1460559232	MEG-1065	MarkusC	DCP_TestRun2	0	15.5	165.967


SYSTEM_START	-	MEG-1065	MEG-1065	2016-04-13 16:54:28


SYSTEM_INFO	CarMaker 5.0.3 - Car_Generic #111	fh@daniel.ipg 2016-01-12 20:34:29	(5.0.3 fh@daniel.ipg 2016-01-12 20:32:57)
SIM	1460559268	MEG-1065	MarkusC	DCP_TestRun2	0	15.5	165.967


SYSTEM_START	-	MEG-1065	MEG-1065	2016-04-13 16:55:18


SYSTEM_INFO	CarMaker 5.0.3 - Car_Generic #111	fh@daniel.ipg 2016-01-12 20:34:29	(5.0.3 fh@daniel.ipg 2016-01-12 20:32:57)
SIM	1460559318	MEG-1065	MarkusC	DCP_TestRun2	0	15.5	165.967


SYSTEM_START	-	MEG-1065	MEG-1065	2016-04-13 16:56:47


SYSTEM_INFO	CarMaker 5.0.3 - Car_Generic #111	fh@daniel.ipg 2016-01-12 20:34:29	(5.0.3 fh@daniel.ipg 2016-01-12 20:32:57)
SIM	1460559407	MEG-1065	MarkusC	DCP_TestRun2	0	15.5	165.967


SYSTEM_START	-	MEG-1065	MEG-1065	2016-04-13 16:58:03


SYSTEM_INFO	CarMaker 5.0.3 - Car_Generic #111	fh@daniel.ipg 2016-01-12 20:34:29	(5.0.3 fh@daniel.ipg 2016-01-12 20:32:57)
SIM	1460559484	MEG-1065	MarkusC	DCP_TestRun2	0	15.5	165.967


SYSTEM_START	-	MEG-1065	MEG-1065	2016-04-13 16:58:47


SYSTEM_INFO	CarMaker 5.0.3 - Car_Generic #111	fh@daniel.ipg 2016-01-12 20:34:29	(5.0.3 fh@daniel.ipg 2016-01-12 20:32:57)
SIM	1460559527	MEG-1065	MarkusC	DCP_TestRun2	0	15.5	165.967


SYSTEM_START	-	MEG-1065	MEG-1065	2016-04-13 17:01:52


SYSTEM_INFO	CarMaker 5.0.3 - Car_Generic #111	fh@daniel.ipg 2016-01-12 20:34:29	(5.0.3 fh@daniel.ipg 2016-01-12 20:32:57)
SIM	1460559712	MEG-1065	MarkusC	DCP_TestRun2	0	15.5	165.967


SYSTEM_START	-	MEG-1065	MEG-1065	2016-04-13 17:02:49


SYSTEM_INFO	CarMaker 5.0.3 - Car_Generic #111	fh@daniel.ipg 2016-01-12 20:34:29	(5.0.3 fh@daniel.ipg 2016-01-12 20:32:57)
SIM	1460559769	MEG-1065	MarkusC	DCP_TestRun2	0	15.5	165.967


SYSTEM_START	-	MEG-1065	MEG-1065	2016-04-13 17:10:33


SYSTEM_INFO	CarMaker 5.0.3 - Car_Generic #111	fh@daniel.ipg 2016-01-12 20:34:29	(5.0.3 fh@daniel.ipg 2016-01-12 20:32:57)
SIM	1460560233	MEG-1065	MarkusC	DCP_TestRun2	0	43.726	520.778


SYSTEM_START	-	MEG-1065	MEG-1065	2016-04-14 08:26:13


SYSTEM_INFO	CarMaker 5.0.3 - Car_Generic #111	fh@daniel.ipg 2016-01-12 20:34:29	(5.0.3 fh@daniel.ipg 2016-01-12 20:32:57)
SIM	1460615173	MEG-1065	MarkusC	DCP_TestRun2	0	27.955	315.976


SYSTEM_START	-	MEG-1065	MEG-1065	2016-04-14 08:27:20


SYSTEM_INFO	CarMaker 5.0.3 - Car_Generic #111	fh@daniel.ipg 2016-01-12 20:34:29	(5.0.3 fh@daniel.ipg 2016-01-12 20:32:57)
SIM	1460615240	MEG-1065	MarkusC	DCP_TestRun2	0	44.409	559.465


SYSTEM_START	-	MEG-1065	MEG-1065	2016-04-14 08:30:42


SYSTEM_INFO	CarMaker 5.0.3 - Car_Generic #111	fh@daniel.ipg 2016-01-12 20:34:29	(5.0.3 fh@daniel.ipg 2016-01-12 20:32:57)
SIM	1460615442	MEG-1065	MarkusC	DCP_TestRun2	0	33.05	411.169


SYSTEM_START	-	MEG-1065	MEG-1065	2016-04-14 08:33:38


SYSTEM_INFO	CarMaker 5.0.3 - Car_Generic #111	fh@daniel.ipg 2016-01-12 20:34:29	(5.0.3 fh@daniel.ipg 2016-01-12 20:32:57)
SIM	1460615618	MEG-1065	MarkusC	DCP_TestRun2	0	50.004	632.472


SYSTEM_START	-	MEG-1065	MEG-1065	2016-04-14 08:47:36


SYSTEM_INFO	CarMaker 5.0.3 - Car_Generic #111	fh@daniel.ipg 2016-01-12 20:34:29	(5.0.3 fh@daniel.ipg 2016-01-12 20:32:57)
SIM	1460616456	MEG-1065	MarkusC	DCP_TestRun2	0	50.004	588.832


SYSTEM_START	-	MEG-1065	MEG-1065	2016-04-14 08:52:00


SYSTEM_INFO	CarMaker 5.0.3 - Car_Generic #111	fh@daniel.ipg 2016-01-12 20:34:29	(5.0.3 fh@daniel.ipg 2016-01-12 20:32:57)
SIM	1460616720	MEG-1065	MarkusC	DCP_TestRun2	0	24.5	271.139


SYSTEM_START	-	MEG-1065	MEG-1065	2016-04-14 08:53:34


SYSTEM_INFO	CarMaker 5.0.3 - Car_Generic #111	fh@daniel.ipg 2016-01-12 20:34:29	(5.0.3 fh@daniel.ipg 2016-01-12 20:32:57)
SIM	1460616814	MEG-1065	MarkusC	DCP_TestRun2	0	50.004	588.832


SYSTEM_START	-	MEG-1065	MEG-1065	2016-04-14 09:35:29


SYSTEM_INFO	CarMaker 5.0.3 - Car_Generic #111	fh@daniel.ipg 2016-01-12 20:34:29	(5.0.3 fh@daniel.ipg 2016-01-12 20:32:57)
SIM	1460619329	MEG-1065	MarkusC	DCP_TestRun2	0	50.004	586.36


SYSTEM_START	-	MEG-1065	MEG-1065	2016-04-14 09:36:31


SYSTEM_INFO	CarMaker 5.0.3 - Car_Generic #111	fh@daniel.ipg 2016-01-12 20:34:29	(5.0.3 fh@daniel.ipg 2016-01-12 20:32:57)
SIM	1460619391	MEG-1065	MarkusC	DCP_TestRun2	0	22.1	248.808


SYSTEM_START	-	MEG-1065	MEG-1065	2016-04-14 09:43:11


SYSTEM_INFO	CarMaker 5.0.3 - Car_Generic #111	fh@daniel.ipg 2016-01-12 20:34:29	(5.0.3 fh@daniel.ipg 2016-01-12 20:32:57)
SIM	1460619791	MEG-1065	MarkusC	DCP_TestRun2	0	50.004	586.36


SYSTEM_START	-	MEG-1065	MEG-1065	2016-04-14 09:46:05


SYSTEM_INFO	CarMaker 5.0.3 - Car_Generic #111	fh@daniel.ipg 2016-01-12 20:34:29	(5.0.3 fh@daniel.ipg 2016-01-12 20:32:57)
SIM	1460619965	MEG-1065	MarkusC	DCP_TestRun2	0	18.2	201.272


SYSTEM_START	-	MEG-1065	MEG-1065	2016-04-14 09:56:46


SYSTEM_INFO	CarMaker 5.0.3 - Car_Generic #111	fh@daniel.ipg 2016-01-12 20:34:29	(5.0.3 fh@daniel.ipg 2016-01-12 20:32:57)
SIM	1460620606	MEG-1065	MarkusC	DCP_TestRun2	0	50.004	622.258


SYSTEM_START	-	MEG-1065	MEG-1065	2016-04-14 09:57:43


SYSTEM_INFO	CarMaker 5.0.3 - Car_Generic #111	fh@daniel.ipg 2016-01-12 20:34:29	(5.0.3 fh@daniel.ipg 2016-01-12 20:32:57)
SIM	1460620663	MEG-1065	MarkusC	DCP_TestRun2	0	48.109	597.557


SYSTEM_START	-	MEG-1065	MEG-1065	2016-04-14 10:34:55


SYSTEM_INFO	CarMaker 5.0.3 - Car_Generic #111	fh@daniel.ipg 2016-01-12 20:34:29	(5.0.3 fh@daniel.ipg 2016-01-12 20:32:57)
SIM	1460622895	MEG-1065	MarkusC	DCP_TestRun2	0	16.1	173.8


SYSTEM_START	-	MEG-1065	MEG-1065	2016-04-14 10:42:18


SYSTEM_INFO	CarMaker 5.0.3 - Car_Generic #111	fh@daniel.ipg 2016-01-12 20:34:29	(5.0.3 fh@daniel.ipg 2016-01-12 20:32:57)
SIM	1460623338	MEG-1065	MarkusC	DCP_TestRun2	0	0.944	0.477886


SYSTEM_START	-	MEG-1065	MEG-1065	2016-04-14 10:45:41


SYSTEM_INFO	CarMaker 5.0.3 - Car_Generic #111	fh@daniel.ipg 2016-01-12 20:34:29	(5.0.3 fh@daniel.ipg 2016-01-12 20:32:57)
SIM	1460623541	MEG-1065	MarkusC	DCP_TestRun2	0	43.101	527.913


SYSTEM_START	-	MEG-1065	MEG-1065	2016-04-14 10:49:24


SYSTEM_INFO	CarMaker 5.0.3 - Car_Generic #111	fh@daniel.ipg 2016-01-12 20:34:29	(5.0.3 fh@daniel.ipg 2016-01-12 20:32:57)
SIM	1460623764	MEG-1065	MarkusC	DCP_TestRun2	0	16	172.494


SYSTEM_START	-	MEG-1065	MEG-1065	2016-04-14 10:49:37


SYSTEM_INFO	CarMaker 5.0.3 - Car_Generic #111	fh@daniel.ipg 2016-01-12 20:34:29	(5.0.3 fh@daniel.ipg 2016-01-12 20:32:57)
SIM	1460623777	MEG-1065	MarkusC	DCP_TestRun2	0	50.004	626.44


SYSTEM_START	-	MEG-1065	MEG-1065	2016-04-14 10:51:41


SYSTEM_INFO	CarMaker 5.0.3 - Car_Generic #111	fh@daniel.ipg 2016-01-12 20:34:29	(5.0.3 fh@daniel.ipg 2016-01-12 20:32:57)
SIM	1460623901	MEG-1065	MarkusC	DCP_TestRun2	0	50.004	626.44


SYSTEM_START	-	MEG-1065	MEG-1065	2016-04-14 10:54:29


SYSTEM_INFO	CarMaker 5.0.3 - Car_Generic #111	fh@daniel.ipg 2016-01-12 20:34:29	(5.0.3 fh@daniel.ipg 2016-01-12 20:32:57)
SIM	1460624069	MEG-1065	MarkusC	DCP_TestRun2	0	16.1	173.8


SYSTEM_START	-	MEG-1065	MEG-1065	2016-04-14 10:55:39


SYSTEM_INFO	CarMaker 5.0.3 - Car_Generic #111	fh@daniel.ipg 2016-01-12 20:34:29	(5.0.3 fh@daniel.ipg 2016-01-12 20:32:57)
SIM	1460624139	MEG-1065	MarkusC	DCP_TestRun2	0	21.5	247.175


SYSTEM_START	-	MEG-1065	MEG-1065	2016-04-14 10:58:44


SYSTEM_INFO	CarMaker 5.0.3 - Car_Generic #111	fh@daniel.ipg 2016-01-12 20:34:29	(5.0.3 fh@daniel.ipg 2016-01-12 20:32:57)
SIM	1460624324	MEG-1065	MarkusC	DCP_TestRun2	0	21.5	247.14


SYSTEM_START	-	MEG-1065	MEG-1065	2016-04-14 11:23:59


SYSTEM_INFO	CarMaker 5.0.3 - Car_Generic #111	fh@daniel.ipg 2016-01-12 20:34:29	(5.0.3 fh@daniel.ipg 2016-01-12 20:32:57)
SIM	1460625839	MEG-1065	MarkusC	DCP_TestRun2	0	21.5	246.994


SYSTEM_START	-	MEG-1065	MEG-1065	2016-04-14 13:10:33


SYSTEM_INFO	CarMaker 5.0.3 - Car_Generic #111	fh@daniel.ipg 2016-01-12 20:34:29	(5.0.3 fh@daniel.ipg 2016-01-12 20:32:57)
SIM	1460632233	MEG-1065	MarkusC	DCP_TestRun2	0	27.8	325.36


SYSTEM_START	-	MEG-1065	MEG-1065	2016-04-14 13:13:54


SYSTEM_INFO	CarMaker 5.0.3 - Car_Generic #111	fh@daniel.ipg 2016-01-12 20:34:29	(5.0.3 fh@daniel.ipg 2016-01-12 20:32:57)
SIM	1460632434	MEG-1065	MarkusC	DCP_TestRun2	0	21.5	247.175


SYSTEM_START	-	MEG-1065	MEG-1065	2016-04-14 13:14:33


SYSTEM_INFO	CarMaker 5.0.3 - Car_Generic #111	fh@daniel.ipg 2016-01-12 20:34:29	(5.0.3 fh@daniel.ipg 2016-01-12 20:32:57)
SIM	1460632473	MEG-1065	MarkusC	DCP_TestRun2	0	50.004	620.832


SYSTEM_START	-	MEG-1065	MEG-1065	2016-04-14 14:03:21


SYSTEM_INFO	CarMaker 5.0.3 - Car_Generic #111	fh@daniel.ipg 2016-01-12 20:34:29	(5.0.3 fh@daniel.ipg 2016-01-12 20:32:57)
SIM	1460635401	MEG-1065	MarkusC	DCP_TestRun2	0	41.822	514.663


SYSTEM_START	-	MEG-1065	MEG-1065	2016-04-14 14:04:04


SYSTEM_INFO	CarMaker 5.0.3 - Car_Generic #111	fh@daniel.ipg 2016-01-12 20:34:29	(5.0.3 fh@daniel.ipg 2016-01-12 20:32:57)
SIM	1460635444	MEG-1065	MarkusC	DCP_TestRun2	0	29.77	357.464


SYSTEM_START	-	MEG-1065	MEG-1065	2016-04-14 14:06:48


SYSTEM_INFO	CarMaker 5.0.3 - Car_Generic #111	fh@daniel.ipg 2016-01-12 20:34:29	(5.0.3 fh@daniel.ipg 2016-01-12 20:32:57)
SIM	1460635608	MEG-1065	MarkusC	DCP_TestRun2	0	27.792	344.118


SYSTEM_START	-	MEG-1065	MEG-1065	2016-04-14 14:07:33


SYSTEM_INFO	CarMaker 5.0.3 - Car_Generic #111	fh@daniel.ipg 2016-01-12 20:34:29	(5.0.3 fh@daniel.ipg 2016-01-12 20:32:57)
SIM	1460635653	MEG-1065	MarkusC	DCP_TestRun2	0	37.456	454.97


SYSTEM_START	-	MEG-1065	MEG-1065	2016-04-14 14:08:19


SYSTEM_INFO	CarMaker 5.0.3 - Car_Generic #111	fh@daniel.ipg 2016-01-12 20:34:29	(5.0.3 fh@daniel.ipg 2016-01-12 20:32:57)
SIM	1460635699	MEG-1065	MarkusC	DCP_TestRun2	0	50.004	626.44


SYSTEM_START	-	MEG-1065	MEG-1065	2016-04-14 14:10:18


SYSTEM_INFO	CarMaker 5.0.3 - Car_Generic #111	fh@daniel.ipg 2016-01-12 20:34:29	(5.0.3 fh@daniel.ipg 2016-01-12 20:32:57)
SIM	1460635818	MEG-1065	MarkusC	DCP_TestRun2	0	50.004	629.839


SYSTEM_START	-	MEG-1065	MEG-1065	2016-04-14 14:16:38


SYSTEM_INFO	CarMaker 5.0.3 - Car_Generic #111	fh@daniel.ipg 2016-01-12 20:34:29	(5.0.3 fh@daniel.ipg 2016-01-12 20:32:57)
SIM	1460636198	MEG-1065	MarkusC	DCP_TestRun2	0	50.004	629.839


SYSTEM_START	-	MEG-1065	MEG-1065	2016-04-14 14:20:36


SYSTEM_INFO	CarMaker 5.0.3 - Car_Generic #111	fh@daniel.ipg 2016-01-12 20:34:29	(5.0.3 fh@daniel.ipg 2016-01-12 20:32:57)
SIM	1460636436	MEG-1065	MarkusC	DCP_TestRun2	0	22.2	258.253


SYSTEM_START	-	MEG-1065	MEG-1065	2016-04-14 14:21:11


SYSTEM_INFO	CarMaker 5.0.3 - Car_Generic #111	fh@daniel.ipg 2016-01-12 20:34:29	(5.0.3 fh@daniel.ipg 2016-01-12 20:32:57)
SIM	1460636471	MEG-1065	MarkusC	DCP_TestRun2	0	46.362	587.219


SYSTEM_START	-	MEG-1065	MEG-1065	2016-04-14 14:27:32


SYSTEM_INFO	CarMaker 5.0.3 - Car_Generic #111	fh@daniel.ipg 2016-01-12 20:34:29	(5.0.3 fh@daniel.ipg 2016-01-12 20:32:57)
SIM	1460636852	MEG-1065	MarkusC	DCP_TestRun2	0	15.5	165.967


SYSTEM_START	-	MEG-1065	MEG-1065	2016-04-14 14:28:32


SYSTEM_INFO	CarMaker 5.0.3 - Car_Generic #111	fh@daniel.ipg 2016-01-12 20:34:29	(5.0.3 fh@daniel.ipg 2016-01-12 20:32:57)
SIM	1460636912	MEG-1065	MarkusC	DCP_TestRun2	0	15.5	165.967


SYSTEM_START	-	MEG-1065	MEG-1065	2016-04-14 14:29:10


SYSTEM_INFO	CarMaker 5.0.3 - Car_Generic #111	fh@daniel.ipg 2016-01-12 20:34:29	(5.0.3 fh@daniel.ipg 2016-01-12 20:32:57)
SIM	1460636950	MEG-1065	MarkusC	DCP_TestRun2	0	15.5	165.967


SYSTEM_START	-	MEG-1065	MEG-1065	2016-04-14 14:31:01


SYSTEM_INFO	CarMaker 5.0.3 - Car_Generic #111	fh@daniel.ipg 2016-01-12 20:34:29	(5.0.3 fh@daniel.ipg 2016-01-12 20:32:57)
SIM	1460637061	MEG-1065	MarkusC	DCP_TestRun2	0	50.004	622.015


SYSTEM_START	-	MEG-1065	MEG-1065	2016-04-14 14:35:21


SYSTEM_INFO	CarMaker 5.0.3 - Car_Generic #111	fh@daniel.ipg 2016-01-12 20:34:29	(5.0.3 fh@daniel.ipg 2016-01-12 20:32:57)
SIM	1460637321	MEG-1065	MarkusC	DCP_TestRun2	0	0	0


SYSTEM_START	-	MEG-1065	MEG-1065	2016-04-14 14:48:50


SYSTEM_INFO	CarMaker 5.0.3 - Car_Generic #111	fh@daniel.ipg 2016-01-12 20:34:29	(5.0.3 fh@daniel.ipg 2016-01-12 20:32:57)
SIM	1460638130	MEG-1065	MarkusC	DCP_TestRun2	0	50.004	622.015


SYSTEM_START	-	MEG-1065	MEG-1065	2016-04-14 14:51:01


SYSTEM_INFO	CarMaker 5.0.3 - Car_Generic #111	fh@daniel.ipg 2016-01-12 20:34:29	(5.0.3 fh@daniel.ipg 2016-01-12 20:32:57)
SIM	1460638261	MEG-1065	MarkusC	DCP_TestRun2	0	50.004	622.015


SYSTEM_START	-	MEG-1065	MEG-1065	2016-04-15 07:57:19


SYSTEM_INFO	CarMaker 5.0.3 - Car_Generic #111	fh@daniel.ipg 2016-01-12 20:34:29	(5.0.3 fh@daniel.ipg 2016-01-12 20:32:57)
SIM	1460699839	MEG-1065	MarkusC	DCP_TestRun2	0	50.004	622.015


SYSTEM_START	-	MEG-1065	MEG-1065	2016-04-15 08:00:57


SYSTEM_INFO	CarMaker 5.0.3 - Car_Generic #111	fh@daniel.ipg 2016-01-12 20:34:29	(5.0.3 fh@daniel.ipg 2016-01-12 20:32:57)
SIM	1460700057	MEG-1065	MarkusC	DCP_TestRun2	0	50.004	622.015


SYSTEM_START	-	MEG-1065	MEG-1065	2016-04-15 08:01:55


SYSTEM_INFO	CarMaker 5.0.3 - Car_Generic #111	fh@daniel.ipg 2016-01-12 20:34:29	(5.0.3 fh@daniel.ipg 2016-01-12 20:32:57)
SIM	1460700115	MEG-1065	MarkusC	DCP_TestRun2	0	3.759	16.8471


SYSTEM_START	-	MEG-1065	MEG-1065	2016-04-15 08:02:17


SYSTEM_INFO	CarMaker 5.0.3 - Car_Generic #111	fh@daniel.ipg 2016-01-12 20:34:29	(5.0.3 fh@daniel.ipg 2016-01-12 20:32:57)
SIM	1460700137	MEG-1065	MarkusC	DCP_TestRun2	0	50.004	622.015


SYSTEM_START	-	MEG-1065	MEG-1065	2016-04-15 08:10:40


SYSTEM_INFO	CarMaker 5.0.3 - Car_Generic #111	fh@daniel.ipg 2016-01-12 20:34:29	(5.0.3 fh@daniel.ipg 2016-01-12 20:32:57)
SIM	1460700640	MEG-1065	MarkusC	DCP_TestRun2	0	50.004	622.015


SYSTEM_START	-	MEG-1065	MEG-1065	2016-04-15 08:16:59


SYSTEM_INFO	CarMaker 5.0.3 - Car_Generic #111	fh@daniel.ipg 2016-01-12 20:34:29	(5.0.3 fh@daniel.ipg 2016-01-12 20:32:57)
SIM	1460701019	MEG-1065	MarkusC	DCP_TestRun2	0	50.004	634.728


SYSTEM_START	-	MEG-1065	MEG-1065	2016-04-15 08:38:53


SYSTEM_INFO	CarMaker 5.0.3 - Car_Generic #111	fh@daniel.ipg 2016-01-12 20:34:29	(5.0.3 fh@daniel.ipg 2016-01-12 20:32:57)
SIM	1460702333	MEG-1065	MarkusC	DCP_TestRun2	0	15.5	165.967


SYSTEM_START	-	MEG-1065	MEG-1065	2016-04-15 08:40:18


SYSTEM_INFO	CarMaker 5.0.3 - Car_Generic #111	fh@daniel.ipg 2016-01-12 20:34:29	(5.0.3 fh@daniel.ipg 2016-01-12 20:32:57)
SIM	1460702418	MEG-1065	MarkusC	DCP_TestRun2	0	15.5	165.967


SYSTEM_START	-	MEG-1065	MEG-1065	2016-04-15 08:43:16


SYSTEM_INFO	CarMaker 5.0.3 - Car_Generic #111	fh@daniel.ipg 2016-01-12 20:34:29	(5.0.3 fh@daniel.ipg 2016-01-12 20:32:57)
SIM	1460702596	MEG-1065	MarkusC	DCP_TestRun2	0	15.5	165.967


SYSTEM_START	-	MEG-1065	MEG-1065	2016-04-15 08:44:26


SYSTEM_INFO	CarMaker 5.0.3 - Car_Generic #111	fh@daniel.ipg 2016-01-12 20:34:29	(5.0.3 fh@daniel.ipg 2016-01-12 20:32:57)
SIM	1460702666	MEG-1065	MarkusC	DCP_TestRun2	0	15.5	165.967


SYSTEM_START	-	MEG-1065	MEG-1065	2016-04-15 08:45:13


SYSTEM_INFO	CarMaker 5.0.3 - Car_Generic #111	fh@daniel.ipg 2016-01-12 20:34:29	(5.0.3 fh@daniel.ipg 2016-01-12 20:32:57)
SIM	1460702713	MEG-1065	MarkusC	DCP_TestRun2	0	27.4	358.393


SYSTEM_START	-	MEG-1065	MEG-1065	2016-04-15 09:28:28


SYSTEM_INFO	CarMaker 5.0.3 - Car_Generic #111	fh@daniel.ipg 2016-01-12 20:34:29	(5.0.3 fh@daniel.ipg 2016-01-12 20:32:57)
SIM	1460705308	MEG-1065	MarkusC	DCP_TestRun2	0	27.7	362.308


SYSTEM_START	-	MEG-1065	MEG-1065	2016-04-15 09:35:01


SYSTEM_INFO	CarMaker 5.0.3 - Car_Generic #111	fh@daniel.ipg 2016-01-12 20:34:29	(5.0.3 fh@daniel.ipg 2016-01-12 20:32:57)
SIM	1460705701	MEG-1065	MarkusC	DCP_TestRun2	0	27.5	338.752


SYSTEM_START	-	MEG-1065	MEG-1065	2016-04-15 09:39:00


SYSTEM_INFO	CarMaker 5.0.3 - Car_Generic #111	fh@daniel.ipg 2016-01-12 20:34:29	(5.0.3 fh@daniel.ipg 2016-01-12 20:32:57)
SIM	1460705940	MEG-1065	MarkusC	DCP_TestRun2	0	27.5	338.752


SYSTEM_START	-	MEG-1065	MEG-1065	2016-04-15 09:45:06


SYSTEM_INFO	CarMaker 5.0.3 - Car_Generic #111	fh@daniel.ipg 2016-01-12 20:34:29	(5.0.3 fh@daniel.ipg 2016-01-12 20:32:57)
SIM	1460706306	MEG-1065	MarkusC	DCP_TestRun2	0	27.5	338.752


SYSTEM_START	-	MEG-1065	MEG-1065	2016-04-15 09:46:17


SYSTEM_INFO	CarMaker 5.0.3 - Car_Generic #111	fh@daniel.ipg 2016-01-12 20:34:29	(5.0.3 fh@daniel.ipg 2016-01-12 20:32:57)
SIM	1460706377	MEG-1065	MarkusC	DCP_TestRun2	0	50.004	632.104


SYSTEM_START	-	MEG-1065	MEG-1065	2016-04-15 09:50:07


SYSTEM_INFO	CarMaker 5.0.3 - Car_Generic #111	fh@daniel.ipg 2016-01-12 20:34:29	(5.0.3 fh@daniel.ipg 2016-01-12 20:32:57)
SIM	1460706607	MEG-1065	MarkusC	DCP_TestRun2	0	0.342	0.00629101


SYSTEM_START	-	MEG-1065	MEG-1065	2016-04-15 09:50:26


SYSTEM_INFO	CarMaker 5.0.3 - Car_Generic #111	fh@daniel.ipg 2016-01-12 20:34:29	(5.0.3 fh@daniel.ipg 2016-01-12 20:32:57)
SIM	1460706626	MEG-1065	MarkusC	DCP_TestRun2	0	50.004	631.112


SYSTEM_START	-	MEG-1065	MEG-1065	2016-04-15 10:03:20


SYSTEM_INFO	CarMaker 5.0.3 - Car_Generic #111	fh@daniel.ipg 2016-01-12 20:34:29	(5.0.3 fh@daniel.ipg 2016-01-12 20:32:57)
SIM	1460707400	MEG-1065	MarkusC	DCP_TestRun2	0	19.9	230.206


SYSTEM_START	-	MEG-1065	MEG-1065	2016-04-15 10:03:46


SYSTEM_INFO	CarMaker 5.0.3 - Car_Generic #111	fh@daniel.ipg 2016-01-12 20:34:29	(5.0.3 fh@daniel.ipg 2016-01-12 20:32:57)
SIM	1460707426	MEG-1065	MarkusC	DCP_TestRun2	0	50.004	625.445


SYSTEM_START	-	MEG-1065	MEG-1065	2016-04-15 10:09:01


SYSTEM_INFO	CarMaker 5.0.3 - Car_Generic #111	fh@daniel.ipg 2016-01-12 20:34:29	(5.0.3 fh@daniel.ipg 2016-01-12 20:32:57)
SIM	1460707741	MEG-1065	MarkusC	DCP_TestRun2	0	50.004	627.908


SYSTEM_START	-	MEG-1065	MEG-1065	2016-04-15 10:10:52


SYSTEM_INFO	CarMaker 5.0.3 - Car_Generic #111	fh@daniel.ipg 2016-01-12 20:34:29	(5.0.3 fh@daniel.ipg 2016-01-12 20:32:57)
SIM	1460707852	MEG-1065	MarkusC	DCP_TestRun2	0	50.004	631.112


SYSTEM_START	-	MEG-1065	MEG-1065	2016-04-15 10:12:36


SYSTEM_INFO	CarMaker 5.0.3 - Car_Generic #111	fh@daniel.ipg 2016-01-12 20:34:29	(5.0.3 fh@daniel.ipg 2016-01-12 20:32:57)
SIM	1460707956	MEG-1065	MarkusC	DCP_TestRun2	0	50.004	634.059


SYSTEM_START	-	MEG-1065	MEG-1065	2016-04-15 10:14:22


SYSTEM_INFO	CarMaker 5.0.3 - Car_Generic #111	fh@daniel.ipg 2016-01-12 20:34:29	(5.0.3 fh@daniel.ipg 2016-01-12 20:32:57)
SIM	1460708062	MEG-1065	MarkusC	DCP_TestRun2	0	50.004	628.92


SYSTEM_START	-	MEG-1065	MEG-1065	2016-04-15 10:18:26


SYSTEM_INFO	CarMaker 5.0.3 - Car_Generic #111	fh@daniel.ipg 2016-01-12 20:34:29	(5.0.3 fh@daniel.ipg 2016-01-12 20:32:57)
SIM	1460708307	MEG-1065	MarkusC	DCP_TestRun2	0	50.004	635.574


SYSTEM_START	-	MEG-1065	MEG-1065	2016-04-15 10:19:38


SYSTEM_INFO	CarMaker 5.0.3 - Car_Generic #111	fh@daniel.ipg 2016-01-12 20:34:29	(5.0.3 fh@daniel.ipg 2016-01-12 20:32:57)
SIM	1460708378	MEG-1065	MarkusC	DCP_TestRun2	0	50.004	626.892


SYSTEM_START	-	MEG-1065	MEG-1065	2016-04-15 10:20:57


SYSTEM_INFO	CarMaker 5.0.3 - Car_Generic #111	fh@daniel.ipg 2016-01-12 20:34:29	(5.0.3 fh@daniel.ipg 2016-01-12 20:32:57)
SIM	1460708457	MEG-1065	MarkusC	DCP_TestRun2	0	50.004	625.067


SYSTEM_START	-	MEG-1065	MEG-1065	2016-04-15 10:22:27


SYSTEM_INFO	CarMaker 5.0.3 - Car_Generic #111	fh@daniel.ipg 2016-01-12 20:34:29	(5.0.3 fh@daniel.ipg 2016-01-12 20:32:57)
SIM	1460708547	MEG-1065	MarkusC	DCP_TestRun2	0	50.004	625.388


SYSTEM_START	-	MEG-1065	MEG-1065	2016-04-15 10:59:19


SYSTEM_INFO	CarMaker 5.0.3 - Car_Generic #111	fh@daniel.ipg 2016-01-12 20:34:29	(5.0.3 fh@daniel.ipg 2016-01-12 20:32:57)
SIM	1460710759	MEG-1065	MarkusC	DCP_TestRun2	0	15.5	165.967


SYSTEM_START	-	MEG-1065	MEG-1065	2016-04-15 11:00:37


SYSTEM_INFO	CarMaker 5.0.3 - Car_Generic #111	fh@daniel.ipg 2016-01-12 20:34:29	(5.0.3 fh@daniel.ipg 2016-01-12 20:32:57)
SIM	1460710837	MEG-1065	MarkusC	DCP_TestRun2	0	50.004	625.027


SYSTEM_START	-	MEG-1065	MEG-1065	2016-04-15 11:04:18


SYSTEM_INFO	CarMaker 5.0.3 - Car_Generic #111	fh@daniel.ipg 2016-01-12 20:34:29	(5.0.3 fh@daniel.ipg 2016-01-12 20:32:57)
SIM	1460711058	MEG-1065	MarkusC	DCP_Final	0	50.004	646.304


SYSTEM_START	-	MEG-1065	MEG-1065	2016-04-15 11:07:04


SYSTEM_INFO	CarMaker 5.0.3 - Car_Generic #111	fh@daniel.ipg 2016-01-12 20:34:29	(5.0.3 fh@daniel.ipg 2016-01-12 20:32:57)
SIM	1460711224	MEG-1065	MarkusC	DCP_Final	0	3.943	51.3373


SYSTEM_START	-	MEG-1065	MEG-1065	2016-04-15 11:10:06


SYSTEM_INFO	CarMaker 5.0.3 - Car_Generic #111	fh@daniel.ipg 2016-01-12 20:34:29	(5.0.3 fh@daniel.ipg 2016-01-12 20:32:57)
SIM	1460711406	MEG-1065	MarkusC	DCP_Final	0	2.817	36.6506


SYSTEM_START	-	MEG-1065	MEG-1065	2016-04-15 11:23:35


SYSTEM_INFO	CarMaker 5.0.3 - Car_Generic #111	fh@daniel.ipg 2016-01-12 20:34:29	(5.0.3 fh@daniel.ipg 2016-01-12 20:32:57)
SIM	1460712215	MEG-1065	MarkusC	DCP_Final	9	0	0


SYSTEM_START	-	MEG-1065	MEG-1065	2016-04-15 11:24:23


SYSTEM_INFO	CarMaker 5.0.3 - Car_Generic #111	fh@daniel.ipg 2016-01-12 20:34:29	(5.0.3 fh@daniel.ipg 2016-01-12 20:32:57)
SIM	1460712263	MEG-1065	MarkusC	DCP_Final	0	15.98	208.466


SYSTEM_START	-	MEG-1065	MEG-1065	2016-04-15 11:24:49


SYSTEM_INFO	CarMaker 5.0.3 - Car_Generic #111	fh@daniel.ipg 2016-01-12 20:34:29	(5.0.3 fh@daniel.ipg 2016-01-12 20:32:57)
SIM	1460712289	MEG-1065	MarkusC	DCP_Final	0	17.6	229.629


SYSTEM_START	-	MEG-1065	MEG-1065	2016-04-15 11:25:13


SYSTEM_INFO	CarMaker 5.0.3 - Car_Generic #111	fh@daniel.ipg 2016-01-12 20:34:29	(5.0.3 fh@daniel.ipg 2016-01-12 20:32:57)
SIM	1460712313	MEG-1065	MarkusC	DCP_Final	0	20.2	276.418


SYSTEM_START	-	MEG-1065	MEG-1065	2016-04-15 11:26:02


SYSTEM_INFO	CarMaker 5.0.3 - Car_Generic #111	fh@daniel.ipg 2016-01-12 20:34:29	(5.0.3 fh@daniel.ipg 2016-01-12 20:32:57)
SIM	1460712362	MEG-1065	MarkusC	DCP_Final	0	50.004	665.009


SYSTEM_START	-	MEG-1065	MEG-1065	2016-04-19 07:48:07


SYSTEM_INFO	CarMaker 5.0.3 - Car_Generic #111	fh@daniel.ipg 2016-01-12 20:34:29	(5.0.3 fh@daniel.ipg 2016-01-12 20:32:57)
SIM	1461044887	MEG-1065	MarkusC	DCP_TestRun2	0	50.004	625.027


SYSTEM_START	-	MEG-1065	MEG-1065	2016-04-19 07:51:23


SYSTEM_INFO	CarMaker 5.0.3 - Car_Generic #111	fh@daniel.ipg 2016-01-12 20:34:29	(5.0.3 fh@daniel.ipg 2016-01-12 20:32:57)
SIM	1461045083	MEG-1065	MarkusC	DCP_TestRun2	0	50.004	627.346


SYSTEM_START	-	MEG-1065	MEG-1065	2016-04-19 07:56:45


SYSTEM_INFO	CarMaker 5.0.3 - Car_Generic #111	fh@daniel.ipg 2016-01-12 20:34:29	(5.0.3 fh@daniel.ipg 2016-01-12 20:32:57)
SIM	1461045405	MEG-1065	MarkusC	DCP_TestRun2	0	50.004	626.393


SYSTEM_START	-	MEG-1065	MEG-1065	2016-04-19 07:58:08


SYSTEM_INFO	CarMaker 5.0.3 - Car_Generic #111	fh@daniel.ipg 2016-01-12 20:34:29	(5.0.3 fh@daniel.ipg 2016-01-12 20:32:57)
SIM	1461045488	MEG-1065	MarkusC	DCP_TestRun2	0	50.004	626.362


SYSTEM_START	-	MEG-1065	MEG-1065	2016-04-19 08:03:17


SYSTEM_INFO	CarMaker 5.0.3 - Car_Generic #111	fh@daniel.ipg 2016-01-12 20:34:29	(5.0.3 fh@daniel.ipg 2016-01-12 20:32:57)
SIM	1461045797	MEG-1065	MarkusC	DCP_TestRun2	0	50.004	626.46


SYSTEM_START	-	MEG-1065	MEG-1065	2016-04-19 08:23:58


SYSTEM_INFO	CarMaker 5.0.3 - Car_Generic #111	fh@daniel.ipg 2016-01-12 20:34:29	(5.0.3 fh@daniel.ipg 2016-01-12 20:32:57)
SIM	1461047038	MEG-1065	MarkusC	DCP_TestRun2	0	15.5	165.967


SYSTEM_START	-	MEG-1065	MEG-1065	2016-04-19 08:24:54


SYSTEM_INFO	CarMaker 5.0.3 - Car_Generic #111	fh@daniel.ipg 2016-01-12 20:34:29	(5.0.3 fh@daniel.ipg 2016-01-12 20:32:57)
SIM	1461047094	MEG-1065	MarkusC	DCP_TestRun2	0	15.5	165.967


SYSTEM_START	-	MEG-1065	MEG-1065	2016-04-19 08:26:22


SYSTEM_INFO	CarMaker 5.0.3 - Car_Generic #111	fh@daniel.ipg 2016-01-12 20:34:29	(5.0.3 fh@daniel.ipg 2016-01-12 20:32:57)
SIM	1461047182	MEG-1065	MarkusC	DCP_TestRun2	0	15.5	165.967


SYSTEM_START	-	MEG-1065	MEG-1065	2016-04-19 08:26:47


SYSTEM_INFO	CarMaker 5.0.3 - Car_Generic #111	fh@daniel.ipg 2016-01-12 20:34:29	(5.0.3 fh@daniel.ipg 2016-01-12 20:32:57)
SIM	1461047207	MEG-1065	MarkusC	DCP_TestRun2	0	15.5	165.967


SYSTEM_START	-	MEG-1065	MEG-1065	2016-04-19 08:27:42


SYSTEM_INFO	CarMaker 5.0.3 - Car_Generic #111	fh@daniel.ipg 2016-01-12 20:34:29	(5.0.3 fh@daniel.ipg 2016-01-12 20:32:57)
SIM	1461047262	MEG-1065	MarkusC	DCP_TestRun2	0	50.004	627.185


SYSTEM_START	-	MEG-1065	MEG-1065	2016-04-19 08:33:31


SYSTEM_INFO	CarMaker 5.0.3 - Car_Generic #111	fh@daniel.ipg 2016-01-12 20:34:29	(5.0.3 fh@daniel.ipg 2016-01-12 20:32:57)
SIM	1461047611	MEG-1065	MarkusC	DCP_TestRun2	0	50.004	626.187


SYSTEM_START	-	MEG-1065	MEG-1065	2016-04-19 08:36:11


SYSTEM_INFO	CarMaker 5.0.3 - Car_Generic #111	fh@daniel.ipg 2016-01-12 20:34:29	(5.0.3 fh@daniel.ipg 2016-01-12 20:32:57)
SIM	1461047771	MEG-1065	MarkusC	DCP_TestRun2	0	50.004	626.093


SYSTEM_START	-	MEG-1065	MEG-1065	2016-04-19 08:37:58


SYSTEM_INFO	CarMaker 5.0.3 - Car_Generic #111	fh@daniel.ipg 2016-01-12 20:34:29	(5.0.3 fh@daniel.ipg 2016-01-12 20:32:57)
SIM	1461047878	MEG-1065	MarkusC	DCP_TestRun2	0	50.004	626.056


SYSTEM_START	-	MEG-1065	MEG-1065	2016-04-19 08:46:33


SYSTEM_INFO	CarMaker 5.0.3 - Car_Generic #111	fh@daniel.ipg 2016-01-12 20:34:29	(5.0.3 fh@daniel.ipg 2016-01-12 20:32:57)
SIM	1461048393	MEG-1065	MarkusC	DCP_TestRun2	0	50.004	626.037


SYSTEM_START	-	MEG-1065	MEG-1065	2016-04-19 08:49:36


SYSTEM_INFO	CarMaker 5.0.3 - Car_Generic #111	fh@daniel.ipg 2016-01-12 20:34:29	(5.0.3 fh@daniel.ipg 2016-01-12 20:32:57)
SIM	1461048576	MEG-1065	MarkusC	DCP_TestRun2	0	50.004	626.184


SYSTEM_START	-	MEG-1065	MEG-1065	2016-04-19 08:51:33


SYSTEM_INFO	CarMaker 5.0.3 - Car_Generic #111	fh@daniel.ipg 2016-01-12 20:34:29	(5.0.3 fh@daniel.ipg 2016-01-12 20:32:57)
SIM	1461048693	MEG-1065	MarkusC	DCP_TestRun2	0	50.004	627.251


SYSTEM_START	-	MEG-1065	MEG-1065	2016-04-19 08:53:31


SYSTEM_INFO	CarMaker 5.0.3 - Car_Generic #111	fh@daniel.ipg 2016-01-12 20:34:29	(5.0.3 fh@daniel.ipg 2016-01-12 20:32:57)
SIM	1461048811	MEG-1065	MarkusC	DCP_TestRun2	0	50.004	639.179


SYSTEM_START	-	MEG-1065	MEG-1065	2016-04-19 08:55:27


SYSTEM_INFO	CarMaker 5.0.3 - Car_Generic #111	fh@daniel.ipg 2016-01-12 20:34:29	(5.0.3 fh@daniel.ipg 2016-01-12 20:32:57)
SIM	1461048927	MEG-1065	MarkusC	DCP_TestRun2	0	50.004	629.637


SYSTEM_START	-	MEG-1065	MEG-1065	2016-04-19 09:20:08


SYSTEM_INFO	CarMaker 5.0.3 - Car_Generic #111	fh@daniel.ipg 2016-01-12 20:34:29	(5.0.3 fh@daniel.ipg 2016-01-12 20:32:57)
SIM	1461050408	MEG-1065	MarkusC	DCP_TestRun2	0	50.004	633.212


SYSTEM_START	-	MEG-1065	MEG-1065	2016-04-19 09:21:52


SYSTEM_INFO	CarMaker 5.0.3 - Car_Generic #111	fh@daniel.ipg 2016-01-12 20:34:29	(5.0.3 fh@daniel.ipg 2016-01-12 20:32:57)
SIM	1461050512	MEG-1065	MarkusC	DCP_TestRun2	0	50.004	630.367


SYSTEM_START	-	MEG-1065	MEG-1065	2016-04-19 09:23:17


SYSTEM_INFO	CarMaker 5.0.3 - Car_Generic #111	fh@daniel.ipg 2016-01-12 20:34:29	(5.0.3 fh@daniel.ipg 2016-01-12 20:32:57)
SIM	1461050597	MEG-1065	MarkusC	DCP_TestRun2	0	50.004	628.027


SYSTEM_START	-	MEG-1065	MEG-1065	2016-04-19 09:25:00


SYSTEM_INFO	CarMaker 5.0.3 - Car_Generic #111	fh@daniel.ipg 2016-01-12 20:34:29	(5.0.3 fh@daniel.ipg 2016-01-12 20:32:57)
SIM	1461050700	MEG-1065	MarkusC	DCP_TestRun2	0	50.004	627.929


SYSTEM_START	-	MEG-1065	MEG-1065	2016-04-19 09:28:40


SYSTEM_INFO	CarMaker 5.0.3 - Car_Generic #111	fh@daniel.ipg 2016-01-12 20:34:29	(5.0.3 fh@daniel.ipg 2016-01-12 20:32:57)
SIM	1461050920	MEG-1065	MarkusC	DCP_Final	0	50.004	668.597


SYSTEM_START	-	MEG-1065	MEG-1065	2016-04-19 09:31:25


SYSTEM_INFO	CarMaker 5.0.3 - Car_Generic #111	fh@daniel.ipg 2016-01-12 20:34:29	(5.0.3 fh@daniel.ipg 2016-01-12 20:32:57)
SIM	1461051085	MEG-1065	MarkusC	DCP_Final	0	50.004	661.747


SYSTEM_START	-	MEG-1065	MEG-1065	2016-04-19 09:32:45


SYSTEM_INFO	CarMaker 5.0.3 - Car_Generic #111	fh@daniel.ipg 2016-01-12 20:34:29	(5.0.3 fh@daniel.ipg 2016-01-12 20:32:57)
SIM	1461051165	MEG-1065	MarkusC	DCP_Final	0	50.004	666.033


SYSTEM_START	-	MEG-1065	MEG-1065	2016-04-19 09:34:01


SYSTEM_INFO	CarMaker 5.0.3 - Car_Generic #111	fh@daniel.ipg 2016-01-12 20:34:29	(5.0.3 fh@daniel.ipg 2016-01-12 20:32:57)
SIM	1461051241	MEG-1065	MarkusC	DCP_Final	0	50.004	661.747


SYSTEM_START	-	MEG-1065	MEG-1065	2016-04-19 09:35:12


SYSTEM_INFO	CarMaker 5.0.3 - Car_Generic #111	fh@daniel.ipg 2016-01-12 20:34:29	(5.0.3 fh@daniel.ipg 2016-01-12 20:32:57)
SIM	1461051312	MEG-1065	MarkusC	DCP_Final	0	50.004	656.416


SYSTEM_START	-	MEG-1065	MEG-1065	2016-04-19 09:36:26


SYSTEM_INFO	CarMaker 5.0.3 - Car_Generic #111	fh@daniel.ipg 2016-01-12 20:34:29	(5.0.3 fh@daniel.ipg 2016-01-12 20:32:57)
SIM	1461051386	MEG-1065	MarkusC	DCP_Final	0	50.004	658.984


SYSTEM_START	-	MEG-1065	MEG-1065	2016-04-19 09:37:46


SYSTEM_INFO	CarMaker 5.0.3 - Car_Generic #111	fh@daniel.ipg 2016-01-12 20:34:29	(5.0.3 fh@daniel.ipg 2016-01-12 20:32:57)
SIM	1461051466	MEG-1065	MarkusC	DCP_Final	0	50.004	663.063


SYSTEM_START	-	MEG-1065	MEG-1065	2016-04-19 20:14:43


SYSTEM_INFO	CarMaker 5.0.3 - Car_Generic #111	fh@daniel.ipg 2016-01-12 20:34:29	(5.0.3 fh@daniel.ipg 2016-01-12 20:32:57)
SIM	1461089683	MEG-1065	MarkusC	DCP_Final	0	50.004	663.063


SYSTEM_START	-	MEG-1065	MEG-1065	2016-04-19 20:16:45


SYSTEM_INFO	CarMaker 5.0.3 - Car_Generic #111	fh@daniel.ipg 2016-01-12 20:34:29	(5.0.3 fh@daniel.ipg 2016-01-12 20:32:57)
SIM	1461089805	MEG-1065	MarkusC	DCP_Final	0	50.004	692.149


SYSTEM_START	-	MEG-1065	MEG-1065	2016-04-19 20:18:06


SYSTEM_INFO	CarMaker 5.0.3 - Car_Generic #111	fh@daniel.ipg 2016-01-12 20:34:29	(5.0.3 fh@daniel.ipg 2016-01-12 20:32:57)
SIM	1461089886	MEG-1065	MarkusC	DCP_Final	0	37.151	504.378


SYSTEM_START	-	MEG-1065	MEG-1065	2016-04-19 20:19:07


SYSTEM_INFO	CarMaker 5.0.3 - Car_Generic #111	fh@daniel.ipg 2016-01-12 20:34:29	(5.0.3 fh@daniel.ipg 2016-01-12 20:32:57)
SIM	1461089947	MEG-1065	MarkusC	DCP_Final	0	50.004	661.569


SYSTEM_START	-	MEG-1065	MEG-1065	2016-04-19 20:21:02


SYSTEM_INFO	CarMaker 5.0.3 - Car_Generic #111	fh@daniel.ipg 2016-01-12 20:34:29	(5.0.3 fh@daniel.ipg 2016-01-12 20:32:57)
SIM	1461090062	MEG-1065	MarkusC	DCP_Final	0	37.208	494.972


SYSTEM_START	-	MEG-1065	MEG-1065	2016-04-19 20:22:48


SYSTEM_INFO	CarMaker 5.0.3 - Car_Generic #111	fh@daniel.ipg 2016-01-12 20:34:29	(5.0.3 fh@daniel.ipg 2016-01-12 20:32:57)
SIM	1461090168	MEG-1065	MarkusC	DCP_Final	0	40.588	539.957


SYSTEM_START	-	MEG-1065	MEG-1065	2016-04-19 20:24:23


SYSTEM_INFO	CarMaker 5.0.3 - Car_Generic #111	fh@daniel.ipg 2016-01-12 20:34:29	(5.0.3 fh@daniel.ipg 2016-01-12 20:32:57)
SIM	1461090263	MEG-1065	MarkusC	DCP_Final	0	50.004	659.585


SYSTEM_START	-	MEG-1065	MEG-1065	2016-04-19 20:25:54


SYSTEM_INFO	CarMaker 5.0.3 - Car_Generic #111	fh@daniel.ipg 2016-01-12 20:34:29	(5.0.3 fh@daniel.ipg 2016-01-12 20:32:57)
SIM	1461090354	MEG-1065	MarkusC	DCP_Final	0	50.004	651.798


SYSTEM_START	-	MEG-1065	MEG-1065	2016-04-19 20:27:08


SYSTEM_INFO	CarMaker 5.0.3 - Car_Generic #111	fh@daniel.ipg 2016-01-12 20:34:29	(5.0.3 fh@daniel.ipg 2016-01-12 20:32:57)
SIM	1461090428	MEG-1065	MarkusC	DCP_Final	0	32.034	426.425


SYSTEM_START	-	MEG-1065	MEG-1065	2016-04-19 20:28:16


SYSTEM_INFO	CarMaker 5.0.3 - Car_Generic #111	fh@daniel.ipg 2016-01-12 20:34:29	(5.0.3 fh@daniel.ipg 2016-01-12 20:32:57)
SIM	1461090496	MEG-1065	MarkusC	DCP_Final	0	41.021	549.956


SYSTEM_START	-	MEG-1065	MEG-1065	2016-04-19 20:29:57


SYSTEM_INFO	CarMaker 5.0.3 - Car_Generic #111	fh@daniel.ipg 2016-01-12 20:34:29	(5.0.3 fh@daniel.ipg 2016-01-12 20:32:57)
SIM	1461090597	MEG-1065	MarkusC	DCP_Final	0	47.061	629.338


SYSTEM_START	-	MEG-1065	MEG-1065	2016-04-19 20:31:59


SYSTEM_INFO	CarMaker 5.0.3 - Car_Generic #111	fh@daniel.ipg 2016-01-12 20:34:29	(5.0.3 fh@daniel.ipg 2016-01-12 20:32:57)
SIM	1461090719	MEG-1065	MarkusC	DCP_Final	0	50.004	668.769


SYSTEM_START	-	MEG-1065	MEG-1065	2016-04-19 20:33:30


SYSTEM_INFO	CarMaker 5.0.3 - Car_Generic #111	fh@daniel.ipg 2016-01-12 20:34:29	(5.0.3 fh@daniel.ipg 2016-01-12 20:32:57)
SIM	1461090810	MEG-1065	MarkusC	DCP_Final	0	49.828	660.203


SYSTEM_START	-	MEG-1065	MEG-1065	2016-04-19 20:35:17


SYSTEM_INFO	CarMaker 5.0.3 - Car_Generic #111	fh@daniel.ipg 2016-01-12 20:34:29	(5.0.3 fh@daniel.ipg 2016-01-12 20:32:57)
SIM	1461090917	MEG-1065	MarkusC	DCP_Final	0	50.004	659.6


SYSTEM_START	-	MEG-1065	MEG-1065	2016-04-19 20:38:34


SYSTEM_INFO	CarMaker 5.0.3 - Car_Generic #111	fh@daniel.ipg 2016-01-12 20:34:29	(5.0.3 fh@daniel.ipg 2016-01-12 20:32:57)
SIM	1461091114	MEG-1065	MarkusC	DCP_Final	0	50.004	660.242


SYSTEM_START	-	MEG-1065	MEG-1065	2016-04-19 20:40:33


SYSTEM_INFO	CarMaker 5.0.3 - Car_Generic #111	fh@daniel.ipg 2016-01-12 20:34:29	(5.0.3 fh@daniel.ipg 2016-01-12 20:32:57)
SIM	1461091233	MEG-1065	MarkusC	DCP_Final	0	50.004	659.694


SYSTEM_START	-	MEG-1065	MEG-1065	2016-04-19 20:42:40


SYSTEM_INFO	CarMaker 5.0.3 - Car_Generic #111	fh@daniel.ipg 2016-01-12 20:34:29	(5.0.3 fh@daniel.ipg 2016-01-12 20:32:57)
SIM	1461091360	MEG-1065	MarkusC	DCP_Final	0	50.004	659.261


SYSTEM_START	-	MEG-1065	MEG-1065	2016-04-19 20:43:30


SYSTEM_INFO	CarMaker 5.0.3 - Car_Generic #111	fh@daniel.ipg 2016-01-12 20:34:29	(5.0.3 fh@daniel.ipg 2016-01-12 20:32:57)
SIM	1461091410	MEG-1065	MarkusC	DCP_Final	0	50.004	659.261


SYSTEM_START	-	MEG-1065	MEG-1065	2016-04-19 20:45:26


SYSTEM_INFO	CarMaker 5.0.3 - Car_Generic #111	fh@daniel.ipg 2016-01-12 20:34:29	(5.0.3 fh@daniel.ipg 2016-01-12 20:32:57)
SIM	1461091526	MEG-1065	MarkusC	DCP_Final	0	50.004	657.419


SYSTEM_START	-	MEG-1065	MEG-1065	2016-04-19 20:47:30


SYSTEM_INFO	CarMaker 5.0.3 - Car_Generic #111	fh@daniel.ipg 2016-01-12 20:34:29	(5.0.3 fh@daniel.ipg 2016-01-12 20:32:57)
SIM	1461091650	MEG-1065	MarkusC	DCP_Final	0	50.004	657.419


SYSTEM_START	-	MEG-1065	MEG-1065	2016-04-19 20:48:42


SYSTEM_INFO	CarMaker 5.0.3 - Car_Generic #111	fh@daniel.ipg 2016-01-12 20:34:29	(5.0.3 fh@daniel.ipg 2016-01-12 20:32:57)
SIM	1461091722	MEG-1065	MarkusC	DCP_Final	0	50.004	657.22


SYSTEM_START	-	MEG-1065	MEG-1065	2016-04-19 20:50:46


SYSTEM_INFO	CarMaker 5.0.3 - Car_Generic #111	fh@daniel.ipg 2016-01-12 20:34:29	(5.0.3 fh@daniel.ipg 2016-01-12 20:32:57)
SIM	1461091846	MEG-1065	MarkusC	DCP_Final	0	50.004	656.4


SYSTEM_START	-	MEG-1065	MEG-1065	2016-04-19 20:54:15


SYSTEM_INFO	CarMaker 5.0.3 - Car_Generic #111	fh@daniel.ipg 2016-01-12 20:34:29	(5.0.3 fh@daniel.ipg 2016-01-12 20:32:57)
SIM	1461092055	MEG-1065	MarkusC	DCP_Final	0	50.004	657.489


SYSTEM_START	-	MEG-1065	MEG-1065	2016-04-19 20:55:37


SYSTEM_INFO	CarMaker 5.0.3 - Car_Generic #111	fh@daniel.ipg 2016-01-12 20:34:29	(5.0.3 fh@daniel.ipg 2016-01-12 20:32:57)
SIM	1461092138	MEG-1065	MarkusC	DCP_Final	0	43.951	579.057


SYSTEM_START	-	MEG-1065	MEG-1065	2016-04-19 20:58:48


SYSTEM_INFO	CarMaker 5.0.3 - Car_Generic #111	fh@daniel.ipg 2016-01-12 20:34:29	(5.0.3 fh@daniel.ipg 2016-01-12 20:32:57)
SIM	1461092328	MEG-1065	MarkusC	DCP_Final	0	50.004	657.682


SYSTEM_START	-	MEG-1065	MEG-1065	2016-04-19 21:01:38


SYSTEM_INFO	CarMaker 5.0.3 - Car_Generic #111	fh@daniel.ipg 2016-01-12 20:34:29	(5.0.3 fh@daniel.ipg 2016-01-12 20:32:57)
SIM	1461092498	MEG-1065	MarkusC	DCP_Final	0	50.004	657.663


SYSTEM_START	-	MEG-1065	MEG-1065	2016-04-19 21:03:11


SYSTEM_INFO	CarMaker 5.0.3 - Car_Generic #111	fh@daniel.ipg 2016-01-12 20:34:29	(5.0.3 fh@daniel.ipg 2016-01-12 20:32:57)
SIM	1461092591	MEG-1065	MarkusC	DCP_Final	0	50.004	657.629


SYSTEM_START	-	MEG-1065	MEG-1065	2016-04-19 21:06:25


SYSTEM_INFO	CarMaker 5.0.3 - Car_Generic #111	fh@daniel.ipg 2016-01-12 20:34:29	(5.0.3 fh@daniel.ipg 2016-01-12 20:32:57)
SIM	1461092785	MEG-1065	MarkusC	DCP_Final	0	32.845	432.847


SYSTEM_START	-	MEG-1065	MEG-1065	2016-04-19 21:07:39


SYSTEM_INFO	CarMaker 5.0.3 - Car_Generic #111	fh@daniel.ipg 2016-01-12 20:34:29	(5.0.3 fh@daniel.ipg 2016-01-12 20:32:57)
SIM	1461092859	MEG-1065	MarkusC	DCP_Final	0	18.8	246.537


SYSTEM_START	-	MEG-1065	MEG-1065	2016-04-19 21:08:18


SYSTEM_INFO	CarMaker 5.0.3 - Car_Generic #111	fh@daniel.ipg 2016-01-12 20:34:29	(5.0.3 fh@daniel.ipg 2016-01-12 20:32:57)
SIM	1461092898	MEG-1065	MarkusC	DCP_Final	0	22.55	300.723


SYSTEM_START	-	MEG-1065	MEG-1065	2016-04-19 21:09:22


SYSTEM_INFO	CarMaker 5.0.3 - Car_Generic #111	fh@daniel.ipg 2016-01-12 20:34:29	(5.0.3 fh@daniel.ipg 2016-01-12 20:32:57)
SIM	1461092962	MEG-1065	MarkusC	DCP_Final	0	41.246	544.046


SYSTEM_START	-	MEG-1065	MEG-1065	2016-04-19 21:10:42


SYSTEM_INFO	CarMaker 5.0.3 - Car_Generic #111	fh@daniel.ipg 2016-01-12 20:34:29	(5.0.3 fh@daniel.ipg 2016-01-12 20:32:57)
SIM	1461093042	MEG-1065	MarkusC	DCP_Final	0	50.004	657.723


SYSTEM_START	-	MEG-1065	MEG-1065	2016-04-19 21:12:19


SYSTEM_INFO	CarMaker 5.0.3 - Car_Generic #111	fh@daniel.ipg 2016-01-12 20:34:29	(5.0.3 fh@daniel.ipg 2016-01-12 20:32:57)
SIM	1461093139	MEG-1065	MarkusC	DCP_Final	0	50.004	657.829


SYSTEM_START	-	MEG-1065	MEG-1065	2016-04-19 21:14:07


SYSTEM_INFO	CarMaker 5.0.3 - Car_Generic #111	fh@daniel.ipg 2016-01-12 20:34:29	(5.0.3 fh@daniel.ipg 2016-01-12 20:32:57)
SIM	1461093247	MEG-1065	MarkusC	DCP_Final	0	50.004	657.152


SYSTEM_START	-	MEG-1065	MEG-1065	2016-04-19 21:15:27


SYSTEM_INFO	CarMaker 5.0.3 - Car_Generic #111	fh@daniel.ipg 2016-01-12 20:34:29	(5.0.3 fh@daniel.ipg 2016-01-12 20:32:57)
SIM	1461093327	MEG-1065	MarkusC	DCP_Final	0	50.004	657.631


SYSTEM_START	-	MEG-1065	MEG-1065	2016-04-19 21:18:56


SYSTEM_INFO	CarMaker 5.0.3 - Car_Generic #111	fh@daniel.ipg 2016-01-12 20:34:29	(5.0.3 fh@daniel.ipg 2016-01-12 20:32:57)
SIM	1461093536	MEG-1065	MarkusC	DCP_Final	0	50.004	657.669


SYSTEM_START	-	MEG-1065	MEG-1065	2016-04-19 21:20:11


SYSTEM_INFO	CarMaker 5.0.3 - Car_Generic #111	fh@daniel.ipg 2016-01-12 20:34:29	(5.0.3 fh@daniel.ipg 2016-01-12 20:32:57)
SIM	1461093611	MEG-1065	MarkusC	DCP_Final	0	50.004	657.712


SYSTEM_START	-	MEG-1065	MEG-1065	2016-04-19 21:21:36


SYSTEM_INFO	CarMaker 5.0.3 - Car_Generic #111	fh@daniel.ipg 2016-01-12 20:34:29	(5.0.3 fh@daniel.ipg 2016-01-12 20:32:57)
SIM	1461093696	MEG-1065	MarkusC	DCP_Final	0	50.004	657.657


SYSTEM_START	-	MEG-1065	MEG-1065	2016-04-19 21:23:19


SYSTEM_INFO	CarMaker 5.0.3 - Car_Generic #111	fh@daniel.ipg 2016-01-12 20:34:29	(5.0.3 fh@daniel.ipg 2016-01-12 20:32:57)
SIM	1461093799	MEG-1065	MarkusC	DCP_Final	0	50.004	657.762


SYSTEM_START	-	MEG-1065	MEG-1065	2016-04-19 21:26:12


SYSTEM_INFO	CarMaker 5.0.3 - Car_Generic #111	fh@daniel.ipg 2016-01-12 20:34:29	(5.0.3 fh@daniel.ipg 2016-01-12 20:32:57)
SIM	1461093972	MEG-1065	MarkusC	DCP_Final	0	50.004	657.762


SYSTEM_START	-	MEG-1065	MEG-1065	2016-04-19 21:27:24


SYSTEM_INFO	CarMaker 5.0.3 - Car_Generic #111	fh@daniel.ipg 2016-01-12 20:34:29	(5.0.3 fh@daniel.ipg 2016-01-12 20:32:57)
SIM	1461094044	MEG-1065	MarkusC	DCP_Final	0	50.004	657.762


SYSTEM_START	-	MEG-1065	MEG-1065	2016-04-19 21:28:55


SYSTEM_INFO	CarMaker 5.0.3 - Car_Generic #111	fh@daniel.ipg 2016-01-12 20:34:29	(5.0.3 fh@daniel.ipg 2016-01-12 20:32:57)
SIM	1461094135	MEG-1065	MarkusC	DCP_Final	0	50.004	657.724


SYSTEM_START	-	MEG-1065	MEG-1065	2016-04-19 21:30:06


SYSTEM_INFO	CarMaker 5.0.3 - Car_Generic #111	fh@daniel.ipg 2016-01-12 20:34:29	(5.0.3 fh@daniel.ipg 2016-01-12 20:32:57)
SIM	1461094206	MEG-1065	MarkusC	DCP_Final	0	50.004	657.718


SYSTEM_START	-	MEG-1065	MEG-1065	2016-04-19 21:34:13


SYSTEM_INFO	CarMaker 5.0.3 - Car_Generic #111	fh@daniel.ipg 2016-01-12 20:34:29	(5.0.3 fh@daniel.ipg 2016-01-12 20:32:57)
SIM	1461094453	MEG-1065	MarkusC	DCP_Final	0	50.004	657.801


SYSTEM_START	-	MEG-1065	MEG-1065	2016-04-19 21:42:20


SYSTEM_INFO	CarMaker 5.0.3 - Car_Generic #111	fh@daniel.ipg 2016-01-12 20:34:29	(5.0.3 fh@daniel.ipg 2016-01-12 20:32:57)
SIM	1461094940	MEG-1065	MarkusC	DCP_Final	0	50.004	657.83


SYSTEM_START	-	MEG-1065	MEG-1065	2016-04-19 21:44:22


SYSTEM_INFO	CarMaker 5.0.3 - Car_Generic #111	fh@daniel.ipg 2016-01-12 20:34:29	(5.0.3 fh@daniel.ipg 2016-01-12 20:32:57)
SIM	1461095062	MEG-1065	MarkusC	DCP_Final	0	50.004	657.773


SYSTEM_START	-	MEG-1065	MEG-1065	2016-04-19 21:46:01


SYSTEM_INFO	CarMaker 5.0.3 - Car_Generic #111	fh@daniel.ipg 2016-01-12 20:34:29	(5.0.3 fh@daniel.ipg 2016-01-12 20:32:57)
SIM	1461095161	MEG-1065	MarkusC	DCP_Final	0	50.004	657.76


SYSTEM_START	-	MEG-1065	MEG-1065	2016-04-19 21:47:44


SYSTEM_INFO	CarMaker 5.0.3 - Car_Generic #111	fh@daniel.ipg 2016-01-12 20:34:29	(5.0.3 fh@daniel.ipg 2016-01-12 20:32:57)
SIM	1461095264	MEG-1065	MarkusC	DCP_Final	0	50.004	657.747


SYSTEM_START	-	MEG-1065	MEG-1065	2016-04-19 21:48:59


SYSTEM_INFO	CarMaker 5.0.3 - Car_Generic #111	fh@daniel.ipg 2016-01-12 20:34:29	(5.0.3 fh@daniel.ipg 2016-01-12 20:32:57)
SIM	1461095339	MEG-1065	MarkusC	DCP_Final	0	50.004	658.165


SYSTEM_START	-	MEG-1065	MEG-1065	2016-04-19 21:51:00


SYSTEM_INFO	CarMaker 5.0.3 - Car_Generic #111	fh@daniel.ipg 2016-01-12 20:34:29	(5.0.3 fh@daniel.ipg 2016-01-12 20:32:57)
SIM	1461095460	MEG-1065	MarkusC	DCP_Final	0	50.004	657.817


SYSTEM_START	-	MEG-1065	MEG-1065	2016-04-19 21:53:58


SYSTEM_INFO	CarMaker 5.0.3 - Car_Generic #111	fh@daniel.ipg 2016-01-12 20:34:29	(5.0.3 fh@daniel.ipg 2016-01-12 20:32:57)
SIM	1461095638	MEG-1065	MarkusC	DCP_Final	0	50.004	657.817


SYSTEM_START	-	MEG-1065	MEG-1065	2016-04-19 21:55:46


SYSTEM_INFO	CarMaker 5.0.3 - Car_Generic #111	fh@daniel.ipg 2016-01-12 20:34:29	(5.0.3 fh@daniel.ipg 2016-01-12 20:32:57)
SIM	1461095746	MEG-1065	MarkusC	DCP_Final	0	50.004	657.853


SYSTEM_START	-	MEG-1065	MEG-1065	2016-04-19 22:01:05


SYSTEM_INFO	CarMaker 5.0.3 - Car_Generic #111	fh@daniel.ipg 2016-01-12 20:34:29	(5.0.3 fh@daniel.ipg 2016-01-12 20:32:57)
SIM	1461096065	MEG-1065	MarkusC	DCP_Final	0	50.004	657.985


SYSTEM_START	-	MEG-1065	MEG-1065	2016-04-19 22:02:34


SYSTEM_INFO	CarMaker 5.0.3 - Car_Generic #111	fh@daniel.ipg 2016-01-12 20:34:29	(5.0.3 fh@daniel.ipg 2016-01-12 20:32:57)
SIM	1461096154	MEG-1065	MarkusC	DCP_Final	0	50.004	657.858


SYSTEM_START	-	MEG-1065	MEG-1065	2016-04-19 22:03:33


SYSTEM_INFO	CarMaker 5.0.3 - Car_Generic #111	fh@daniel.ipg 2016-01-12 20:34:29	(5.0.3 fh@daniel.ipg 2016-01-12 20:32:57)
SIM	1461096213	MEG-1065	MarkusC	DCP_Final	0	50.004	658.224


SYSTEM_START	-	MEG-1065	MEG-1065	2016-04-20 08:03:33


SYSTEM_INFO	CarMaker 5.0.3 - Car_Generic #111	fh@daniel.ipg 2016-01-12 20:34:29	(5.0.3 fh@daniel.ipg 2016-01-12 20:32:57)
SIM	1461132213	MEG-1065	MarkusC	DCP_Final	0	50.004	658.224


SYSTEM_START	-	MEG-1065	MEG-1065	2016-04-20 08:04:42


SYSTEM_INFO	CarMaker 5.0.3 - Car_Generic #111	fh@daniel.ipg 2016-01-12 20:34:29	(5.0.3 fh@daniel.ipg 2016-01-12 20:32:57)
SIM	1461132282	MEG-1065	MarkusC	DCP_Final	0	50.004	658.224


SYSTEM_START	-	MEG-1065	MEG-1065	2016-04-20 08:05:53


SYSTEM_INFO	CarMaker 5.0.3 - Car_Generic #111	fh@daniel.ipg 2016-01-12 20:34:29	(5.0.3 fh@daniel.ipg 2016-01-12 20:32:57)
SIM	1461132353	MEG-1065	MarkusC	DCP_Final	0	50.004	657.985


SYSTEM_START	-	MEG-1065	MEG-1065	2016-04-20 08:07:35


SYSTEM_INFO	CarMaker 5.0.3 - Car_Generic #111	fh@daniel.ipg 2016-01-12 20:34:29	(5.0.3 fh@daniel.ipg 2016-01-12 20:32:57)
SIM	1461132455	MEG-1065	MarkusC	DCP_Final	0	50.004	657.985


SYSTEM_START	-	MEG-1065	MEG-1065	2016-04-20 08:08:52


SYSTEM_INFO	CarMaker 5.0.3 - Car_Generic #111	fh@daniel.ipg 2016-01-12 20:34:29	(5.0.3 fh@daniel.ipg 2016-01-12 20:32:57)
SIM	1461132532	MEG-1065	MarkusC	DCP_Final	0	50.004	657.858


SYSTEM_START	-	MEG-1065	MEG-1065	2016-04-20 08:10:13


SYSTEM_INFO	CarMaker 5.0.3 - Car_Generic #111	fh@daniel.ipg 2016-01-12 20:34:29	(5.0.3 fh@daniel.ipg 2016-01-12 20:32:57)
SIM	1461132613	MEG-1065	MarkusC	DCP_Final	0	50.004	657.832


SYSTEM_START	-	MEG-1065	MEG-1065	2016-04-20 08:19:04


SYSTEM_INFO	CarMaker 5.0.3 - Car_Generic #111	fh@daniel.ipg 2016-01-12 20:34:29	(5.0.3 fh@daniel.ipg 2016-01-12 20:32:57)
SIM	1461133144	MEG-1065	MarkusC	DCP_Final	0	50.004	657.832


SYSTEM_START	-	MEG-1065	MEG-1065	2016-04-20 08:22:34


SYSTEM_INFO	CarMaker 5.0.3 - Car_Generic #111	fh@daniel.ipg 2016-01-12 20:34:29	(5.0.3 fh@daniel.ipg 2016-01-12 20:32:57)
SIM	1461133354	MEG-1065	MarkusC	DCP_Final	0	50.004	657.904


SYSTEM_START	-	MEG-1065	MEG-1065	2016-04-20 08:23:43


SYSTEM_INFO	CarMaker 5.0.3 - Car_Generic #111	fh@daniel.ipg 2016-01-12 20:34:29	(5.0.3 fh@daniel.ipg 2016-01-12 20:32:57)
SIM	1461133423	MEG-1065	MarkusC	DCP_Final	0	50.004	658.077


SYSTEM_START	-	MEG-1065	MEG-1065	2016-04-20 08:26:14


SYSTEM_INFO	CarMaker 5.0.3 - Car_Generic #111	fh@daniel.ipg 2016-01-12 20:34:29	(5.0.3 fh@daniel.ipg 2016-01-12 20:32:57)
SIM	1461133574	MEG-1065	MarkusC	DCP_Final	0	50.004	658.077


SYSTEM_START	-	MEG-1065	MEG-1065	2016-04-21 20:19:04


SYSTEM_INFO	CarMaker 5.0.3 - Car_Generic #111	fh@daniel.ipg 2016-01-12 20:34:29	(5.0.3 fh@daniel.ipg 2016-01-12 20:32:57)
SIM	1461262744	MEG-1065	MarkusC	DCP_Final	2	0	0


SYSTEM_START	-	MEG-1065	MEG-1065	2016-04-21 20:20:59


SYSTEM_INFO	CarMaker 5.0.3 - Car_Generic #632	fh@daniel.ipg 2016-01-12 20:31:38	(5.0.3 fh@daniel.ipg 2016-01-12 20:31:16)
SIM	1461262860	MEG-1065	MarkusC	DCP_Final	0	32.829	428.439
SIM	1461262874	MEG-1065	MarkusC	DCP_Final	0	22.996	300.063
SIM	1461262879	MEG-1065	MarkusC	DCP_Final	0	50.002	652.642


SYSTEM_START	-	MEG-1065	MEG-1065	2016-04-21 20:47:55


SYSTEM_INFO	CarMaker 5.0.3 - Car_Generic #632	fh@daniel.ipg 2016-01-12 20:31:38	(5.0.3 fh@daniel.ipg 2016-01-12 20:31:16)
SIM	1461264477	MEG-1065	MarkusC	DCP_Final	0	21.913	285.924
SIM	1461264603	MEG-1065	MarkusC	DCP_Final	0	50.002	652.642


SYSTEM_START	-	MEG-1065	MEG-1065	2016-04-21 21:36:36


SYSTEM_INFO	CarMaker 5.0.3 - Car_Generic #111	fh@daniel.ipg 2016-01-12 20:34:29	(5.0.3 fh@daniel.ipg 2016-01-12 20:32:57)
SIM	1461267396	MEG-1065	MarkusC	DCP_Final	0	50.004	658.995


SYSTEM_START	-	MEG-1065	MEG-1065	2016-04-21 21:44:54


SYSTEM_INFO	CarMaker 5.0.3 - Car_Generic #111	fh@daniel.ipg 2016-01-12 20:34:29	(5.0.3 fh@daniel.ipg 2016-01-12 20:32:57)
SIM	1461267894	MEG-1065	MarkusC	DCP_Final	0	50.004	659.132


SYSTEM_START	-	MEG-1065	MEG-1065	2016-04-21 21:47:03


SYSTEM_INFO	CarMaker 5.0.3 - Car_Generic #111	fh@daniel.ipg 2016-01-12 20:34:29	(5.0.3 fh@daniel.ipg 2016-01-12 20:32:57)
SIM	1461268023	MEG-1065	MarkusC	DCP_Final	0	50.004	659.238


SYSTEM_START	-	MEG-1065	MEG-1065	2016-04-22 08:13:55


SYSTEM_INFO	CarMaker 5.0.3 - Car_Generic #111	fh@daniel.ipg 2016-01-12 20:34:29	(5.0.3 fh@daniel.ipg 2016-01-12 20:32:57)
SIM	1461305635	MEG-1065	MarkusC	DCP_Final	0	17.65	230.636


SYSTEM_START	-	MEG-1065	MEG-1065	2016-04-22 08:14:17


SYSTEM_INFO	CarMaker 5.0.3 - Car_Generic #111	fh@daniel.ipg 2016-01-12 20:34:29	(5.0.3 fh@daniel.ipg 2016-01-12 20:32:57)
SIM	1461305657	MEG-1065	MarkusC	DCP_Final	0	50.004	659.915


SYSTEM_START	-	MEG-1065	MEG-1065	2016-04-22 08:17:55


SYSTEM_INFO	CarMaker 5.0.3 - Car_Generic #111	fh@daniel.ipg 2016-01-12 20:34:29	(5.0.3 fh@daniel.ipg 2016-01-12 20:32:57)
SIM	1461305875	MEG-1065	MarkusC	DCP_Final	0	50.004	651.741


SYSTEM_START	-	MEG-1065	MEG-1065	2016-04-28 22:17:07


SYSTEM_INFO	CarMaker 5.0.3 - Car_Generic #111	fh@daniel.ipg 2016-01-12 20:34:29	(5.0.3 fh@daniel.ipg 2016-01-12 20:32:57)
SIM	1461874627	MEG-1065	MarkusC	DCP_Final	0	16.75	218.724


SYSTEM_START	-	MEG-1065	MEG-1065	2016-04-28 22:18:13


SYSTEM_INFO	CarMaker 5.0.3 - Car_Generic #111	fh@daniel.ipg 2016-01-12 20:34:29	(5.0.3 fh@daniel.ipg 2016-01-12 20:32:57)
SIM	1461874693	MEG-1065	MarkusC	DCP_Final	0	16.15	210.88


SYSTEM_START	-	MEG-1065	MEG-1065	2016-04-28 22:19:32


SYSTEM_INFO	CarMaker 5.0.3 - Car_Generic #111	fh@daniel.ipg 2016-01-12 20:34:29	(5.0.3 fh@daniel.ipg 2016-01-12 20:32:57)
SIM	1461874772	MEG-1065	MarkusC	DCP_Final	0	50.004	659.915


SYSTEM_START	-	MEG-1065	MEG-1065	2016-04-28 22:21:11


SYSTEM_INFO	CarMaker 5.0.3 - Car_Generic #111	fh@daniel.ipg 2016-01-12 20:34:29	(5.0.3 fh@daniel.ipg 2016-01-12 20:32:57)
SIM	1461874871	MEG-1065	MarkusC	DCP_Final	0	50.004	659.915


SYSTEM_START	-	MEG-1065	MEG-1065	2016-04-28 22:32:03


SYSTEM_INFO	CarMaker 5.0.3 - Car_Generic #111	fh@daniel.ipg 2016-01-12 20:34:29	(5.0.3 fh@daniel.ipg 2016-01-12 20:32:57)
SIM	1461875523	MEG-1065	MarkusC	DCP_Final	0	8.201	107.087


SYSTEM_START	-	MEG-1065	MEG-1065	2016-04-28 22:32:41


SYSTEM_INFO	CarMaker 5.0.3 - Car_Generic #111	fh@daniel.ipg 2016-01-12 20:34:29	(5.0.3 fh@daniel.ipg 2016-01-12 20:32:57)
SIM	1461875561	MEG-1065	MarkusC	DCP_Final	0	1.672	21.8421


SYSTEM_START	-	MEG-1065	MEG-1065	2016-04-28 22:35:01


SYSTEM_INFO	CarMaker 5.0.3 - Car_Generic #111	fh@daniel.ipg 2016-01-12 20:34:29	(5.0.3 fh@daniel.ipg 2016-01-12 20:32:57)
SIM	1461875702	MEG-1065	MarkusC	DCP_Final	0	50.004	659.915


SYSTEM_START	-	MEG-1065	MEG-1065	2016-04-28 22:38:14


SYSTEM_INFO	CarMaker 5.0.3 - Car_Generic #111	fh@daniel.ipg 2016-01-12 20:34:29	(5.0.3 fh@daniel.ipg 2016-01-12 20:32:57)
SIM	1461875894	MEG-1065	MarkusC	DCP_Final	0	50.004	659.954


SYSTEM_START	-	MEG-1065	MEG-1065	2016-04-28 22:39:26


SYSTEM_INFO	CarMaker 5.0.3 - Car_Generic #111	fh@daniel.ipg 2016-01-12 20:34:29	(5.0.3 fh@daniel.ipg 2016-01-12 20:32:57)
SIM	1461875966	MEG-1065	MarkusC	DCP_Final	0	50.004	660.206


SYSTEM_START	-	MEG-1065	MEG-1065	2016-04-29 08:10:31


SYSTEM_INFO	CarMaker 5.0.3 - Car_Generic #111	fh@daniel.ipg 2016-01-12 20:34:29	(5.0.3 fh@daniel.ipg 2016-01-12 20:32:57)
SIM	1461910231	MEG-1065	MarkusC	DCP_Final	0	50.004	660.206


SYSTEM_START	-	MEG-1065	MEG-1065	2016-04-29 08:22:05


SYSTEM_INFO	CarMaker 5.0.3 - Car_Generic #111	fh@daniel.ipg 2016-01-12 20:34:29	(5.0.3 fh@daniel.ipg 2016-01-12 20:32:57)
SIM	1461910925	MEG-1065	MarkusC	DCP_Final	0	50.004	659.954


SYSTEM_START	-	MEG-1065	MEG-1065	2016-04-29 10:06:15


SYSTEM_INFO	CarMaker 5.0.3 - Car_Generic #111	fh@daniel.ipg 2016-01-12 20:34:29	(5.0.3 fh@daniel.ipg 2016-01-12 20:32:57)
SIM	1461917175	MEG-1065	MarkusC	DCP_Final	0	0	0


SYSTEM_START	-	MEG-1065	MEG-1065	2016-05-02 13:53:39


SYSTEM_INFO	CarMaker 5.0.3 - Car_Generic #111	fh@daniel.ipg 2016-01-12 20:34:29	(5.0.3 fh@daniel.ipg 2016-01-12 20:32:57)
SIM	1462190019	MEG-1065	MarkusC	DCP_Final	0	50.004	659.954


SYSTEM_START	-	MEG-1065	MEG-1065	2016-05-02 14:23:58


SYSTEM_INFO	CarMaker 5.0.3 - Car_Generic #111	fh@daniel.ipg 2016-01-12 20:34:29	(5.0.3 fh@daniel.ipg 2016-01-12 20:32:57)
SIM	1462191838	MEG-1065	MarkusC	DCP_Final	0	50.004	660.653


SYSTEM_START	-	MEG-1065	MEG-1065	2016-05-02 14:25:02


SYSTEM_INFO	CarMaker 5.0.3 - Car_Generic #111	fh@daniel.ipg 2016-01-12 20:34:29	(5.0.3 fh@daniel.ipg 2016-01-12 20:32:57)
SIM	1462191902	MEG-1065	MarkusC	DCP_Final	0	50.004	661.45


SYSTEM_START	-	MEG-1065	MEG-1065	2016-05-02 20:06:24


SYSTEM_INFO	CarMaker 5.0.3 - Car_Generic #111	fh@daniel.ipg 2016-01-12 20:34:29	(5.0.3 fh@daniel.ipg 2016-01-12 20:32:57)
SIM	1462212384	MEG-1065	MarkusC	DCP_Final	0	50.004	662.495


SYSTEM_START	-	MEG-1065	MEG-1065	2016-05-02 20:08:50


SYSTEM_INFO	CarMaker 5.0.3 - Car_Generic #111	fh@daniel.ipg 2016-01-12 20:34:29	(5.0.3 fh@daniel.ipg 2016-01-12 20:32:57)
SIM	1462212530	MEG-1065	MarkusC	DCP_Final	0	50.004	662.605


SYSTEM_START	-	MEG-1065	MEG-1065	2016-05-02 20:11:11


SYSTEM_INFO	CarMaker 5.0.3 - Car_Generic #111	fh@daniel.ipg 2016-01-12 20:34:29	(5.0.3 fh@daniel.ipg 2016-01-12 20:32:57)
SIM	1462212671	MEG-1065	MarkusC	DCP_Final	0	50.004	673.33


SYSTEM_START	-	MEG-1065	MEG-1065	2016-05-02 20:23:11


SYSTEM_INFO	CarMaker 5.0.3 - Car_Generic #111	fh@daniel.ipg 2016-01-12 20:34:29	(5.0.3 fh@daniel.ipg 2016-01-12 20:32:57)
SIM	1462213391	MEG-1065	MarkusC	DCP_Final	0	0	0


SYSTEM_START	-	MEG-1065	MEG-1065	2016-05-02 20:23:23


SYSTEM_INFO	CarMaker 5.0.3 - Car_Generic #111	fh@daniel.ipg 2016-01-12 20:34:29	(5.0.3 fh@daniel.ipg 2016-01-12 20:32:57)
SIM	1462213403	MEG-1065	MarkusC	DCP_Final	0	3.144	41.0605


SYSTEM_START	-	MEG-1065	MEG-1065	2016-05-02 20:23:34


SYSTEM_INFO	CarMaker 5.0.3 - Car_Generic #111	fh@daniel.ipg 2016-01-12 20:34:29	(5.0.3 fh@daniel.ipg 2016-01-12 20:32:57)
SIM	1462213414	MEG-1065	MarkusC	DCP_Final	0	3.238	42.2877


SYSTEM_START	-	MEG-1065	MEG-1065	2016-05-02 20:23:37


SYSTEM_INFO	CarMaker 5.0.3 - Car_Generic #111	fh@daniel.ipg 2016-01-12 20:34:29	(5.0.3 fh@daniel.ipg 2016-01-12 20:32:57)
SIM	1462213417	MEG-1065	MarkusC	DCP_Final	0	12.55	163.873


SYSTEM_START	-	MEG-1065	MEG-1065	2016-05-02 20:23:42


SYSTEM_INFO	CarMaker 5.0.3 - Car_Generic #111	fh@daniel.ipg 2016-01-12 20:34:29	(5.0.3 fh@daniel.ipg 2016-01-12 20:32:57)
SIM	1462213422	MEG-1065	MarkusC	DCP_Final	0	3.795	49.56


SYSTEM_START	-	MEG-1065	MEG-1065	2016-05-02 20:23:45


SYSTEM_INFO	CarMaker 5.0.3 - Car_Generic #111	fh@daniel.ipg 2016-01-12 20:34:29	(5.0.3 fh@daniel.ipg 2016-01-12 20:32:57)
SIM	1462213425	MEG-1065	MarkusC	DCP_Final	0	1.81	23.6438


SYSTEM_START	-	MEG-1065	MEG-1065	2016-05-02 20:27:53


SYSTEM_INFO	CarMaker 5.0.3 - Car_Generic #111	fh@daniel.ipg 2016-01-12 20:34:29	(5.0.3 fh@daniel.ipg 2016-01-12 20:32:57)
SIM	1462213673	MEG-1065	MarkusC	DCP_Final	0	50.004	673.33


SYSTEM_START	-	MEG-1065	MEG-1065	2016-05-02 21:10:48


SYSTEM_INFO	CarMaker 5.0.3 - Car_Generic #111	fh@daniel.ipg 2016-01-12 20:34:29	(5.0.3 fh@daniel.ipg 2016-01-12 20:32:57)
SIM	1462216248	MEG-1065	MarkusC	DCP_Final	0	50.004	660.323


SYSTEM_START	-	MEG-1065	MEG-1065	2016-05-02 21:41:48


SYSTEM_INFO	CarMaker 5.0.3 - Car_Generic #111	fh@daniel.ipg 2016-01-12 20:34:29	(5.0.3 fh@daniel.ipg 2016-01-12 20:32:57)
SIM	1462218108	MEG-1065	MarkusC	DCP_Final	0	50.004	660.323


SYSTEM_START	-	MEG-1065	MEG-1065	2016-05-02 21:51:54


SYSTEM_INFO	CarMaker 5.0.3 - Car_Generic #111	fh@daniel.ipg 2016-01-12 20:34:29	(5.0.3 fh@daniel.ipg 2016-01-12 20:32:57)
SIM	1462218714	MEG-1065	MarkusC	DCP_Final	0	50.004	660.323


SYSTEM_START	-	MEG-1065	MEG-1065	2016-05-02 22:00:38


SYSTEM_INFO	CarMaker 5.0.3 - Car_Generic #111	fh@daniel.ipg 2016-01-12 20:34:29	(5.0.3 fh@daniel.ipg 2016-01-12 20:32:57)
SIM	1462219238	MEG-1065	MarkusC	DCP_Final	0	50.004	660.43


SYSTEM_START	-	MEG-1065	MEG-1065	2016-05-02 22:03:03


SYSTEM_INFO	CarMaker 5.0.3 - Car_Generic #111	fh@daniel.ipg 2016-01-12 20:34:29	(5.0.3 fh@daniel.ipg 2016-01-12 20:32:57)
SIM	1462219383	MEG-1065	MarkusC	DCP_Final	0	50.004	660.227


SYSTEM_START	-	MEG-1065	MEG-1065	2016-05-02 22:21:49


SYSTEM_INFO	CarMaker 5.0.3 - Car_Generic #111	fh@daniel.ipg 2016-01-12 20:34:29	(5.0.3 fh@daniel.ipg 2016-01-12 20:32:57)
SIM	1462220509	MEG-1065	MarkusC	DCP_Final	0	50.004	660.227


SYSTEM_START	-	MEG-1065	MEG-1065	2016-05-03 08:07:24


SYSTEM_INFO	CarMaker 5.0.3 - Car_Generic #111	fh@daniel.ipg 2016-01-12 20:34:29	(5.0.3 fh@daniel.ipg 2016-01-12 20:32:57)
SIM	1462255644	MEG-1065	MarkusC	DCP_Final	0	16.15	210.88


SYSTEM_START	-	MEG-1065	MEG-1065	2016-05-09 08:49:25


SYSTEM_INFO	CarMaker 5.0.3 - Car_Generic #632	fh@daniel.ipg 2016-01-12 20:31:38	(5.0.3 fh@daniel.ipg 2016-01-12 20:31:16)
SIM	1462776566	MEG-1065	MarkusC	DCP_Final	0	50.002	652.642


SYSTEM_START	-	MEG-1065	MEG-1065	2016-05-09 08:51:09


SYSTEM_INFO	CarMaker 5.0.3 - Car_Generic #111	fh@daniel.ipg 2016-01-12 20:34:29	(5.0.3 fh@daniel.ipg 2016-01-12 20:32:57)
SIM	1462776669	MEG-1065	MarkusC	DCP_Final	0	18.5	242.214


SYSTEM_START	-	MEG-1065	MEG-1065	2016-05-09 09:00:13


SYSTEM_INFO	CarMaker 5.0.3 - Car_Generic #111	fh@daniel.ipg 2016-01-12 20:34:29	(5.0.3 fh@daniel.ipg 2016-01-12 20:32:57)
SIM	1462777213	MEG-1065	MarkusC	DCP_Final	0	50.004	660.227


SYSTEM_START	-	MEG-1065	MEG-1065	2016-05-09 18:33:20


SYSTEM_INFO	CarMaker 5.0.3 - Car_Generic #632	fh@daniel.ipg 2016-01-12 20:31:38	(5.0.3 fh@daniel.ipg 2016-01-12 20:31:16)
SIM	1462811601	MEG-1065	MarkusC	DCP_Final	0	50.002	652.642
SIM	1462811611	MEG-1065	MarkusC	DCP_Final	0	50.002	652.642
SIM	1462811743	MEG-1065	MarkusC	DCP_Final	0	50.002	652.642
SIM	1462811785	MEG-1065	MarkusC	DCP_Final	0	43.395	566.384


SYSTEM_START	-	MEG-1065	MEG-1065	2016-05-09 18:37:02


SYSTEM_INFO	CarMaker 5.0.3 - Car_Generic #111	fh@daniel.ipg 2016-01-12 20:34:29	(5.0.3 fh@daniel.ipg 2016-01-12 20:32:57)
SIM	1462811822	MEG-1065	MarkusC	DCP_Final	0	16.45	214.799


SYSTEM_START	-	MEG-1065	MEG-1065	2016-05-09 18:37:43


SYSTEM_INFO	CarMaker 5.0.3 - Car_Generic #111	fh@daniel.ipg 2016-01-12 20:34:29	(5.0.3 fh@daniel.ipg 2016-01-12 20:32:57)
SIM	1462811863	MEG-1065	MarkusC	DCP_Final	0	20.6	268.99


SYSTEM_START	-	MEG-1065	MEG-1065	2016-05-09 18:45:10


SYSTEM_INFO	CarMaker 5.0.3 - Car_Generic #111	fh@daniel.ipg 2016-01-12 20:34:29	(5.0.3 fh@daniel.ipg 2016-01-12 20:32:57)
SIM	1462812310	MEG-1065	MarkusC	DCP_Final	0	50.004	652.988


SYSTEM_START	-	MEG-1065	MEG-1065	2016-05-09 18:45:40


SYSTEM_INFO	CarMaker 5.0.3 - Car_Generic #111	fh@daniel.ipg 2016-01-12 20:34:29	(5.0.3 fh@daniel.ipg 2016-01-12 20:32:57)
SIM	1462812340	MEG-1065	MarkusC	DCP_Final	0	50.004	660.599


SYSTEM_START	-	MEG-1065	MEG-1065	2016-05-09 18:50:04


SYSTEM_INFO	CarMaker 5.0.3 - Car_Generic #111	fh@daniel.ipg 2016-01-12 20:34:29	(5.0.3 fh@daniel.ipg 2016-01-12 20:32:57)
SIM	1462812604	MEG-1065	MarkusC	DCP_Final	0	50.004	652.987


SYSTEM_START	-	MEG-1065	MEG-1065	2016-05-09 18:50:41


SYSTEM_INFO	CarMaker 5.0.3 - Car_Generic #111	fh@daniel.ipg 2016-01-12 20:34:29	(5.0.3 fh@daniel.ipg 2016-01-12 20:32:57)
SIM	1462812641	MEG-1065	MarkusC	DCP_Final	0	50.004	652.988


SYSTEM_START	-	MEG-1065	MEG-1065	2016-05-09 18:51:40


SYSTEM_INFO	CarMaker 5.0.3 - Car_Generic #111	fh@daniel.ipg 2016-01-12 20:34:29	(5.0.3 fh@daniel.ipg 2016-01-12 20:32:57)
SIM	1462812700	MEG-1065	MarkusC	DCP_Final	0	50.004	652.988


SYSTEM_START	-	MEG-1065	MEG-1065	2016-05-09 18:52:27


SYSTEM_INFO	CarMaker 5.0.3 - Car_Generic #111	fh@daniel.ipg 2016-01-12 20:34:29	(5.0.3 fh@daniel.ipg 2016-01-12 20:32:57)
SIM	1462812747	MEG-1065	MarkusC	DCP_Final	0	50.004	652.988


SYSTEM_START	-	MEG-1065	MEG-1065	2016-05-09 18:53:11


SYSTEM_INFO	CarMaker 5.0.3 - Car_Generic #111	fh@daniel.ipg 2016-01-12 20:34:29	(5.0.3 fh@daniel.ipg 2016-01-12 20:32:57)
SIM	1462812791	MEG-1065	MarkusC	DCP_Final	0	50.004	652.988


SYSTEM_START	-	MEG-1065	MEG-1065	2016-05-09 18:59:36


SYSTEM_INFO	CarMaker 5.0.3 - Car_Generic #111	fh@daniel.ipg 2016-01-12 20:34:29	(5.0.3 fh@daniel.ipg 2016-01-12 20:32:57)
SIM	1462813176	MEG-1065	MarkusC	DCP_Final	0	50.004	652.988


SYSTEM_START	-	MEG-1065	MEG-1065	2016-05-09 19:00:02


SYSTEM_INFO	CarMaker 5.0.3 - Car_Generic #111	fh@daniel.ipg 2016-01-12 20:34:29	(5.0.3 fh@daniel.ipg 2016-01-12 20:32:57)
SIM	1462813202	MEG-1065	MarkusC	DCP_Final	0	50.004	661.032


SYSTEM_START	-	MEG-1065	MEG-1065	2016-05-09 19:04:24


SYSTEM_INFO	CarMaker 5.0.3 - Car_Generic #111	fh@daniel.ipg 2016-01-12 20:34:29	(5.0.3 fh@daniel.ipg 2016-01-12 20:32:57)
SIM	1462813464	MEG-1065	MarkusC	DCP_Final	0	50.004	656.194


SYSTEM_START	-	MEG-1065	MEG-1065	2016-05-09 19:06:32


SYSTEM_INFO	CarMaker 5.0.3 - Car_Generic #111	fh@daniel.ipg 2016-01-12 20:34:29	(5.0.3 fh@daniel.ipg 2016-01-12 20:32:57)
SIM	1462813592	MEG-1065	MarkusC	DCP_Final	0	50.004	661.032


SYSTEM_START	-	MEG-1065	MEG-1065	2016-05-10 08:49:44


SYSTEM_INFO	CarMaker 5.0.3 - Car_Generic #111	fh@daniel.ipg 2016-01-12 20:34:29	(5.0.3 fh@daniel.ipg 2016-01-12 20:32:57)
SIM	1462862984	MEG-1065	MarkusC	DCP_Final	0	50.004	673.533


SYSTEM_START	-	MEG-1065	MEG-1065	2016-05-10 08:58:40


SYSTEM_INFO	CarMaker 5.0.3 - Car_Generic #111	fh@daniel.ipg 2016-01-12 20:34:29	(5.0.3 fh@daniel.ipg 2016-01-12 20:32:57)
SIM	1462863520	MEG-1065	MarkusC	DCP_Final	0	50.004	673.533


SYSTEM_START	-	MEG-1065	MEG-1065	2016-05-10 09:00:36


SYSTEM_INFO	CarMaker 5.0.3 - Car_Generic #111	fh@daniel.ipg 2016-01-12 20:34:29	(5.0.3 fh@daniel.ipg 2016-01-12 20:32:57)
SIM	1462863636	MEG-1065	MarkusC	DCP_Final	0	50.004	683.705


SYSTEM_START	-	MEG-1065	MEG-1065	2016-05-10 09:01:52


SYSTEM_INFO	CarMaker 5.0.3 - Car_Generic #111	fh@daniel.ipg 2016-01-12 20:34:29	(5.0.3 fh@daniel.ipg 2016-01-12 20:32:57)
SIM	1462863712	MEG-1065	MarkusC	DCP_Final	0	50.004	660.599


SYSTEM_START	-	MEG-1065	MEG-1065	2016-05-14 12:34:14


SYSTEM_INFO	CarMaker 5.0.3 - Car_Generic #111	fh@daniel.ipg 2016-01-12 20:34:29	(5.0.3 fh@daniel.ipg 2016-01-12 20:32:57)
SIM	1463222054	MEG-1065	MarkusC	DCP_Final	0	18.6	243.616


SYSTEM_START	-	MEG-1065	MEG-1065	2016-05-14 12:36:15


SYSTEM_INFO	CarMaker 5.0.3 - Car_Generic #111	fh@daniel.ipg 2016-01-12 20:34:29	(5.0.3 fh@daniel.ipg 2016-01-12 20:32:57)
SIM	1463222175	MEG-1065	MarkusC	DCP_Final	0	50.004	662.37


SYSTEM_START	-	MEG-1065	MEG-1065	2016-05-14 12:38:18


SYSTEM_INFO	CarMaker 5.0.3 - Car_Generic #111	fh@daniel.ipg 2016-01-12 20:34:29	(5.0.3 fh@daniel.ipg 2016-01-12 20:32:57)
SIM	1463222298	MEG-1065	MarkusC	DCP_Final	0	15.35	200.434


SYSTEM_START	-	MEG-1065	MEG-1065	2016-05-14 12:40:25


SYSTEM_INFO	CarMaker 5.0.3 - Car_Generic #111	fh@daniel.ipg 2016-01-12 20:34:29	(5.0.3 fh@daniel.ipg 2016-01-12 20:32:57)
SIM	1463222425	MEG-1065	MarkusC	DCP_Final	0	50.004	679.374


SYSTEM_START	-	MEG-1065	MEG-1065	2016-05-14 12:42:16


SYSTEM_INFO	CarMaker 5.0.3 - Car_Generic #111	fh@daniel.ipg 2016-01-12 20:34:29	(5.0.3 fh@daniel.ipg 2016-01-12 20:32:57)
SIM	1463222536	MEG-1065	MarkusC	DCP_Final	0	50.004	708.457


SYSTEM_START	-	MEG-1065	MEG-1065	2016-05-14 12:43:19


SYSTEM_INFO	CarMaker 5.0.3 - Car_Generic #111	fh@daniel.ipg 2016-01-12 20:34:29	(5.0.3 fh@daniel.ipg 2016-01-12 20:32:57)
SIM	1463222599	MEG-1065	MarkusC	DCP_Final	0	50.004	701.35


SYSTEM_START	-	MEG-1065	MEG-1065	2016-05-14 12:45:13


SYSTEM_INFO	CarMaker 5.0.3 - Car_Generic #111	fh@daniel.ipg 2016-01-12 20:34:29	(5.0.3 fh@daniel.ipg 2016-01-12 20:32:57)
SIM	1463222713	MEG-1065	MarkusC	DCP_Final	0	50.004	674.762


SYSTEM_START	-	MEG-1065	MEG-1065	2016-05-14 13:05:25


SYSTEM_INFO	CarMaker 5.0.3 - Car_Generic #111	fh@daniel.ipg 2016-01-12 20:34:29	(5.0.3 fh@daniel.ipg 2016-01-12 20:32:57)
SIM	1463223925	MEG-1065	MarkusC	DCP_Final	0	50.004	674.758


SYSTEM_START	-	MEG-1065	MEG-1065	2016-05-14 13:06:28


SYSTEM_INFO	CarMaker 5.0.3 - Car_Generic #111	fh@daniel.ipg 2016-01-12 20:34:29	(5.0.3 fh@daniel.ipg 2016-01-12 20:32:57)
SIM	1463223988	MEG-1065	MarkusC	DCP_Final	0	50.004	733.163


SYSTEM_START	-	MEG-1065	MEG-1065	2016-05-14 13:07:24


SYSTEM_INFO	CarMaker 5.0.3 - Car_Generic #111	fh@daniel.ipg 2016-01-12 20:34:29	(5.0.3 fh@daniel.ipg 2016-01-12 20:32:57)
SIM	1463224044	MEG-1065	MarkusC	DCP_Final	0	50.004	694.983


SYSTEM_START	-	MEG-1065	MEG-1065	2016-05-14 13:08:28


SYSTEM_INFO	CarMaker 5.0.3 - Car_Generic #111	fh@daniel.ipg 2016-01-12 20:34:29	(5.0.3 fh@daniel.ipg 2016-01-12 20:32:57)
SIM	1463224108	MEG-1065	MarkusC	DCP_Final	0	50.004	705.951


SYSTEM_START	-	MEG-1065	MEG-1065	2016-05-14 13:41:14


SYSTEM_INFO	CarMaker 5.0.3 - Car_Generic #111	fh@daniel.ipg 2016-01-12 20:34:29	(5.0.3 fh@daniel.ipg 2016-01-12 20:32:57)
SIM	1463226074	MEG-1065	MarkusC	DCP_Final	0	50.004	694.983


SYSTEM_START	-	MEG-1065	MEG-1065	2016-05-14 13:55:00


SYSTEM_INFO	CarMaker 5.0.3 - Car_Generic #111	fh@daniel.ipg 2016-01-12 20:34:29	(5.0.3 fh@daniel.ipg 2016-01-12 20:32:57)
SIM	1463226900	MEG-1065	MarkusC	DCP_Final	0	50.004	688.245


SYSTEM_START	-	MEG-1065	MEG-1065	2016-05-14 13:56:02


SYSTEM_INFO	CarMaker 5.0.3 - Car_Generic #111	fh@daniel.ipg 2016-01-12 20:34:29	(5.0.3 fh@daniel.ipg 2016-01-12 20:32:57)
SIM	1463226962	MEG-1065	MarkusC	DCP_Final	0	50.004	652.642


SYSTEM_START	-	MEG-1065	MEG-1065	2016-05-14 13:57:14


SYSTEM_INFO	CarMaker 5.0.3 - Car_Generic #111	fh@daniel.ipg 2016-01-12 20:34:29	(5.0.3 fh@daniel.ipg 2016-01-12 20:32:57)
SIM	1463227034	MEG-1065	MarkusC	DCP_Final	0	50.004	688.245


SYSTEM_START	-	MEG-1065	MEG-1065	2016-05-14 13:59:17


SYSTEM_INFO	CarMaker 5.0.3 - Car_Generic #111	fh@daniel.ipg 2016-01-12 20:34:29	(5.0.3 fh@daniel.ipg 2016-01-12 20:32:57)
SIM	1463227157	MEG-1065	MarkusC	DCP_Final	0	50.004	685.526


SYSTEM_START	-	MEG-1065	MEG-1065	2016-05-14 14:02:43


SYSTEM_INFO	CarMaker 5.0.3 - Car_Generic #111	fh@daniel.ipg 2016-01-12 20:34:29	(5.0.3 fh@daniel.ipg 2016-01-12 20:32:57)
SIM	1463227363	MEG-1065	MarkusC	DCP_Final	0	50.004	701.888


SYSTEM_START	-	MEG-1065	MEG-1065	2016-05-14 14:03:31


SYSTEM_INFO	CarMaker 5.0.3 - Car_Generic #111	fh@daniel.ipg 2016-01-12 20:34:29	(5.0.3 fh@daniel.ipg 2016-01-12 20:32:57)
SIM	1463227411	MEG-1065	MarkusC	DCP_Final	0	50.004	671.218


SYSTEM_START	-	MEG-1065	MEG-1065	2016-05-14 14:07:16


SYSTEM_INFO	CarMaker 5.0.3 - Car_Generic #111	fh@daniel.ipg 2016-01-12 20:34:29	(5.0.3 fh@daniel.ipg 2016-01-12 20:32:57)
SIM	1463227636	MEG-1065	MarkusC	DCP_Final	0	50.004	672.432


SYSTEM_START	-	MEG-1065	MEG-1065	2016-05-14 14:08:06


SYSTEM_INFO	CarMaker 5.0.3 - Car_Generic #111	fh@daniel.ipg 2016-01-12 20:34:29	(5.0.3 fh@daniel.ipg 2016-01-12 20:32:57)
SIM	1463227686	MEG-1065	MarkusC	DCP_Final	0	50.004	672.285


SYSTEM_START	-	MEG-1065	MEG-1065	2016-05-14 14:09:00


SYSTEM_INFO	CarMaker 5.0.3 - Car_Generic #111	fh@daniel.ipg 2016-01-12 20:34:29	(5.0.3 fh@daniel.ipg 2016-01-12 20:32:57)
SIM	1463227740	MEG-1065	MarkusC	DCP_Final	0	50.004	674.331


SYSTEM_START	-	MEG-1065	MEG-1065	2016-05-14 14:10:42


SYSTEM_INFO	CarMaker 5.0.3 - Car_Generic #111	fh@daniel.ipg 2016-01-12 20:34:29	(5.0.3 fh@daniel.ipg 2016-01-12 20:32:57)
SIM	1463227842	MEG-1065	MarkusC	DCP_Final	0	50.004	674.331


SYSTEM_START	-	MEG-1065	MEG-1065	2016-05-14 14:12:17


SYSTEM_INFO	CarMaker 5.0.3 - Car_Generic #111	fh@daniel.ipg 2016-01-12 20:34:29	(5.0.3 fh@daniel.ipg 2016-01-12 20:32:57)
SIM	1463227937	MEG-1065	MarkusC	DCP_Final	0	50.004	675.778


SYSTEM_START	-	MEG-1065	MEG-1065	2016-05-14 14:14:01


SYSTEM_INFO	CarMaker 5.0.3 - Car_Generic #111	fh@daniel.ipg 2016-01-12 20:34:29	(5.0.3 fh@daniel.ipg 2016-01-12 20:32:57)
SIM	1463228041	MEG-1065	MarkusC	DCP_Final	0	50.004	728.738


SYSTEM_START	-	MEG-1065	MEG-1065	2016-05-14 14:14:40


SYSTEM_INFO	CarMaker 5.0.3 - Car_Generic #111	fh@daniel.ipg 2016-01-12 20:34:29	(5.0.3 fh@daniel.ipg 2016-01-12 20:32:57)
SIM	1463228081	MEG-1065	MarkusC	DCP_Final	0	50.004	671.612


SYSTEM_START	-	MEG-1065	MEG-1065	2016-05-14 14:15:52


SYSTEM_INFO	CarMaker 5.0.3 - Car_Generic #111	fh@daniel.ipg 2016-01-12 20:34:29	(5.0.3 fh@daniel.ipg 2016-01-12 20:32:57)
SIM	1463228152	MEG-1065	MarkusC	DCP_Final	0	50.004	669.567


SYSTEM_START	-	MEG-1065	MEG-1065	2016-05-14 14:17:10


SYSTEM_INFO	CarMaker 5.0.3 - Car_Generic #111	fh@daniel.ipg 2016-01-12 20:34:29	(5.0.3 fh@daniel.ipg 2016-01-12 20:32:57)
SIM	1463228230	MEG-1065	MarkusC	DCP_Final	0	50.004	670.876


SYSTEM_START	-	MEG-1065	MEG-1065	2016-05-14 14:18:04


SYSTEM_INFO	CarMaker 5.0.3 - Car_Generic #111	fh@daniel.ipg 2016-01-12 20:34:29	(5.0.3 fh@daniel.ipg 2016-01-12 20:32:57)
SIM	1463228284	MEG-1065	MarkusC	DCP_Final	0	50.004	670.651


SYSTEM_START	-	MEG-1065	MEG-1065	2016-05-14 14:18:58


SYSTEM_INFO	CarMaker 5.0.3 - Car_Generic #111	fh@daniel.ipg 2016-01-12 20:34:29	(5.0.3 fh@daniel.ipg 2016-01-12 20:32:57)
SIM	1463228338	MEG-1065	MarkusC	DCP_Final	0	50.004	672.975


SYSTEM_START	-	MEG-1065	MEG-1065	2016-05-14 14:24:04


SYSTEM_INFO	CarMaker 5.0.3 - Car_Generic #111	fh@daniel.ipg 2016-01-12 20:34:29	(5.0.3 fh@daniel.ipg 2016-01-12 20:32:57)
SIM	1463228644	MEG-1065	MarkusC	DCP_Final	0	50.004	669.716


SYSTEM_START	-	MEG-1065	MEG-1065	2016-05-14 14:26:08


SYSTEM_INFO	CarMaker 5.0.3 - Car_Generic #111	fh@daniel.ipg 2016-01-12 20:34:29	(5.0.3 fh@daniel.ipg 2016-01-12 20:32:57)
SIM	1463228768	MEG-1065	MarkusC	DCP_Final	0	50.004	663.996


SYSTEM_START	-	MEG-1065	MEG-1065	2016-05-14 14:27:22


SYSTEM_INFO	CarMaker 5.0.3 - Car_Generic #111	fh@daniel.ipg 2016-01-12 20:34:29	(5.0.3 fh@daniel.ipg 2016-01-12 20:32:57)
SIM	1463228842	MEG-1065	MarkusC	DCP_Final	0	50.004	667.524


SYSTEM_START	-	MEG-1065	MEG-1065	2016-05-14 14:28:52


SYSTEM_INFO	CarMaker 5.0.3 - Car_Generic #111	fh@daniel.ipg 2016-01-12 20:34:29	(5.0.3 fh@daniel.ipg 2016-01-12 20:32:57)
SIM	1463228932	MEG-1065	MarkusC	DCP_Final	0	50.004	666.701


SYSTEM_START	-	MEG-1065	MEG-1065	2016-05-14 14:31:21


SYSTEM_INFO	CarMaker 5.0.3 - Car_Generic #111	fh@daniel.ipg 2016-01-12 20:34:29	(5.0.3 fh@daniel.ipg 2016-01-12 20:32:57)
SIM	1463229081	MEG-1065	MarkusC	DCP_Final	0	50.004	667.477


SYSTEM_START	-	MEG-1065	MEG-1065	2016-05-14 14:32:27


SYSTEM_INFO	CarMaker 5.0.3 - Car_Generic #111	fh@daniel.ipg 2016-01-12 20:34:29	(5.0.3 fh@daniel.ipg 2016-01-12 20:32:57)
SIM	1463229147	MEG-1065	MarkusC	DCP_Final	0	50.004	669.201


SYSTEM_START	-	MEG-1065	MEG-1065	2016-05-14 14:33:28


SYSTEM_INFO	CarMaker 5.0.3 - Car_Generic #111	fh@daniel.ipg 2016-01-12 20:34:29	(5.0.3 fh@daniel.ipg 2016-01-12 20:32:57)
SIM	1463229208	MEG-1065	MarkusC	DCP_Final	0	50.004	670.687


SYSTEM_START	-	MEG-1065	MEG-1065	2016-05-14 14:34:46


SYSTEM_INFO	CarMaker 5.0.3 - Car_Generic #111	fh@daniel.ipg 2016-01-12 20:34:29	(5.0.3 fh@daniel.ipg 2016-01-12 20:32:57)
SIM	1463229286	MEG-1065	MarkusC	DCP_Final	0	50.004	671.502


SYSTEM_START	-	MEG-1065	MEG-1065	2016-05-14 14:35:37


SYSTEM_INFO	CarMaker 5.0.3 - Car_Generic #111	fh@daniel.ipg 2016-01-12 20:34:29	(5.0.3 fh@daniel.ipg 2016-01-12 20:32:57)
SIM	1463229337	MEG-1065	MarkusC	DCP_Final	0	50.004	707.635


SYSTEM_START	-	MEG-1065	MEG-1065	2016-05-14 14:36:26


SYSTEM_INFO	CarMaker 5.0.3 - Car_Generic #111	fh@daniel.ipg 2016-01-12 20:34:29	(5.0.3 fh@daniel.ipg 2016-01-12 20:32:57)
SIM	1463229386	MEG-1065	MarkusC	DCP_Final	0	50.004	666.365


SYSTEM_START	-	MEG-1065	MEG-1065	2016-05-14 14:37:09


SYSTEM_INFO	CarMaker 5.0.3 - Car_Generic #111	fh@daniel.ipg 2016-01-12 20:34:29	(5.0.3 fh@daniel.ipg 2016-01-12 20:32:57)
SIM	1463229429	MEG-1065	MarkusC	DCP_Final	0	50.004	668.005


SYSTEM_START	-	MEG-1065	MEG-1065	2016-05-14 14:38:47


SYSTEM_INFO	CarMaker 5.0.3 - Car_Generic #111	fh@daniel.ipg 2016-01-12 20:34:29	(5.0.3 fh@daniel.ipg 2016-01-12 20:32:57)
SIM	1463229527	MEG-1065	MarkusC	DCP_Final	0	50.004	668.538


SYSTEM_START	-	MEG-1065	MEG-1065	2016-05-14 14:41:10


SYSTEM_INFO	CarMaker 5.0.3 - Car_Generic #111	fh@daniel.ipg 2016-01-12 20:34:29	(5.0.3 fh@daniel.ipg 2016-01-12 20:32:57)
SIM	1463229670	MEG-1065	MarkusC	DCP_Final	0	50.004	668.385


SYSTEM_START	-	MEG-1065	MEG-1065	2016-05-16 18:52:28


SYSTEM_INFO	CarMaker 5.0.3 - Car_Generic #111	fh@daniel.ipg 2016-01-12 20:34:29	(5.0.3 fh@daniel.ipg 2016-01-12 20:32:57)
SIM	1463417548	MEG-1065	MarkusC	DCP_Final	0	50.004	668.385


SYSTEM_START	-	MEG-1065	MEG-1065	2016-05-16 21:20:15


SYSTEM_INFO	CarMaker 5.0.3 - Car_Generic #111	fh@daniel.ipg 2016-01-12 20:34:29	(5.0.3 fh@daniel.ipg 2016-01-12 20:32:57)
SIM	1463426415	MEG-1065	MarkusC	DCP_Final	0	50.004	652.988


SYSTEM_START	-	MEG-1065	MEG-1065	2016-05-16 21:20:57


SYSTEM_INFO	CarMaker 5.0.3 - Car_Generic #111	fh@daniel.ipg 2016-01-12 20:34:29	(5.0.3 fh@daniel.ipg 2016-01-12 20:32:57)
SIM	1463426457	MEG-1065	MarkusC	DCP_Final	0	50.004	652.988


SYSTEM_START	-	MEG-1065	MEG-1065	2016-06-07 08:08:23


SYSTEM_INFO	CarMaker 5.0.3 - Car_Generic #111	fh@daniel.ipg 2016-01-12 20:34:29	(5.0.3 fh@daniel.ipg 2016-01-12 20:32:57)
SIM	1465279703	MEG-1065	MarkusC	DCP_Final	0	50.004	652.988


SYSTEM_START	-	MEG-1065	MEG-1065	2016-06-07 08:11:51


SYSTEM_INFO	CarMaker 5.0.3 - Car_Generic #111	fh@daniel.ipg 2016-01-12 20:34:29	(5.0.3 fh@daniel.ipg 2016-01-12 20:32:57)
SIM	1465279911	MEG-1065	MarkusC	DCP_Final	0	50.004	668.385


SYSTEM_START	-	MEG-1065	MEG-1065	2016-07-08 14:19:22


SYSTEM_INFO	CarMaker 5.0.3 - Car_Generic #632	fh@daniel.ipg 2016-01-12 20:31:38	(5.0.3 fh@daniel.ipg 2016-01-12 20:31:16)
SIM	1467980363	MEG-1065	MarkusC	Performance/Slalom_18m_DemoCar	0	3.645	7.03411
