\BOOKMARK [1][-]{section.1}{Introduction}{}% 1
\BOOKMARK [1][-]{section.2}{Problem Formulation}{}% 2
\BOOKMARK [2][-]{subsection.2.1}{Assumptions}{section.2}% 3
\BOOKMARK [2][-]{subsection.2.2}{Convex problem statement}{section.2}% 4
\BOOKMARK [3][-]{subsubsection.2.2.1}{Cost function}{subsection.2.2}% 5
\BOOKMARK [3][-]{subsubsection.2.2.2}{Constraints}{subsection.2.2}% 6
\BOOKMARK [1][-]{section.3}{MPC Design}{}% 7
\BOOKMARK [2][-]{subsection.3.1}{Discrete state space model}{section.3}% 8
\BOOKMARK [2][-]{subsection.3.2}{Extended cost function}{section.3}% 9
\BOOKMARK [2][-]{subsection.3.3}{Transformation to a standard quadratic problem}{section.3}% 10
\BOOKMARK [3][-]{subsubsection.3.3.1}{Cost function}{subsection.3.3}% 11
\BOOKMARK [3][-]{subsubsection.3.3.2}{Constraints}{subsection.3.3}% 12
\BOOKMARK [2][-]{subsection.3.4}{Control area and optimization horizon}{section.3}% 13
\BOOKMARK [1][-]{section.4}{Simulation}{}% 14
\BOOKMARK [2][-]{subsection.4.1}{Restrictions of CarMaker}{section.4}% 15
\BOOKMARK [3][-]{subsubsection.4.1.1}{CarMaker for Simulink}{subsection.4.1}% 16
\BOOKMARK [3][-]{subsubsection.4.1.2}{Vehicle models}{subsection.4.1}% 17
\BOOKMARK [3][-]{subsubsection.4.1.3}{Road model}{subsection.4.1}% 18
\BOOKMARK [2][-]{subsection.4.2}{Simulation environment design}{section.4}% 19
\BOOKMARK [2][-]{subsection.4.3}{Adding the MPC}{section.4}% 20
\BOOKMARK [1][-]{section.5}{Case study: Controlling three vehicles}{}% 21
\BOOKMARK [1][-]{section.6}{Conclusions}{}% 22
\BOOKMARK [1][-]{section*.5}{References}{}% 23
