This is pdfTeX, Version 3.14159265-2.6-1.40.16 (TeX Live 2015) (preloaded format=pdflatex 2016.2.4)  24 MAR 2016 09:12
entering extended mode
 \write18 enabled.
 file:line:error style messages enabled.
 %&-line parsing enabled.
**intersection_paper.tex
(./intersection_paper.tex
LaTeX2e <2016/02/01>
Babel <3.9n> and hyphenation patterns for 79 languages loaded.
(./ieeeconf.cls
Document Class: ieeeconf 2004/1/15 revision V1.6b by Pradeep Misra
\@IEEEtrantmpdimenA=\dimen102
\@IEEEtrantmpdimenB=\dimen103
\@IEEEtrantmpcountA=\count79
\@IEEEtrantmpcountB=\count80
\@IEEEtrantmptoksA=\toks14
LaTeX Font Info:    Try loading font information for OT1+ptm on input line 792.

(/usr/local/texlive/2015/texmf-dist/tex/latex/psnfss/ot1ptm.fd
File: ot1ptm.fd 2001/06/04 font definitions for OT1/ptm.
)
\@IEEEnormalsizefontbaselineskip=\skip41

-- This is a 10 point document.
\normalsizebaselineskip=\skip42
\normaljot=\skip43
LaTeX Font Info:    Font shape `OT1/ptm/bx/n' in size <5> not available
(Font)              Font shape `OT1/ptm/b/n' tried instead on input line 1111.
LaTeX Font Info:    Font shape `OT1/ptm/bx/it' in size <5> not available
(Font)              Font shape `OT1/ptm/b/it' tried instead on input line 1111.

LaTeX Font Info:    Font shape `OT1/ptm/bx/n' in size <7> not available
(Font)              Font shape `OT1/ptm/b/n' tried instead on input line 1111.
LaTeX Font Info:    Font shape `OT1/ptm/bx/it' in size <7> not available
(Font)              Font shape `OT1/ptm/b/it' tried instead on input line 1111.

LaTeX Font Info:    Font shape `OT1/ptm/bx/n' in size <8> not available
(Font)              Font shape `OT1/ptm/b/n' tried instead on input line 1111.
LaTeX Font Info:    Font shape `OT1/ptm/bx/it' in size <8> not available
(Font)              Font shape `OT1/ptm/b/it' tried instead on input line 1111.

LaTeX Font Info:    Font shape `OT1/ptm/bx/n' in size <9> not available
(Font)              Font shape `OT1/ptm/b/n' tried instead on input line 1111.
LaTeX Font Info:    Font shape `OT1/ptm/bx/it' in size <9> not available
(Font)              Font shape `OT1/ptm/b/it' tried instead on input line 1111.

LaTeX Font Info:    Font shape `OT1/ptm/bx/n' in size <10> not available
(Font)              Font shape `OT1/ptm/b/n' tried instead on input line 1111.
LaTeX Font Info:    Font shape `OT1/ptm/bx/it' in size <10> not available
(Font)              Font shape `OT1/ptm/b/it' tried instead on input line 1111.

LaTeX Font Info:    Font shape `OT1/ptm/bx/n' in size <11> not available
(Font)              Font shape `OT1/ptm/b/n' tried instead on input line 1111.
LaTeX Font Info:    Font shape `OT1/ptm/bx/it' in size <11> not available
(Font)              Font shape `OT1/ptm/b/it' tried instead on input line 1111.

LaTeX Font Info:    Font shape `OT1/ptm/bx/n' in size <12> not available
(Font)              Font shape `OT1/ptm/b/n' tried instead on input line 1111.
LaTeX Font Info:    Font shape `OT1/ptm/bx/it' in size <12> not available
(Font)              Font shape `OT1/ptm/b/it' tried instead on input line 1111.

LaTeX Font Info:    Font shape `OT1/ptm/bx/n' in size <16> not available
(Font)              Font shape `OT1/ptm/b/n' tried instead on input line 1111.
LaTeX Font Info:    Font shape `OT1/ptm/bx/it' in size <16> not available
(Font)              Font shape `OT1/ptm/b/it' tried instead on input line 1111.

LaTeX Font Info:    Font shape `OT1/ptm/bx/n' in size <20> not available
(Font)              Font shape `OT1/ptm/b/n' tried instead on input line 1111.
LaTeX Font Info:    Font shape `OT1/ptm/bx/it' in size <20> not available
(Font)              Font shape `OT1/ptm/b/it' tried instead on input line 1111.

LaTeX Font Info:    Font shape `OT1/ptm/bx/n' in size <24> not available
(Font)              Font shape `OT1/ptm/b/n' tried instead on input line 1111.
LaTeX Font Info:    Font shape `OT1/ptm/bx/it' in size <24> not available
(Font)              Font shape `OT1/ptm/b/it' tried instead on input line 1111.

\IEEEilabelindentA=\dimen104
\IEEEilabelindentB=\dimen105
\IEEEilabelindent=\dimen106
\IEEEelabelindent=\dimen107
\IEEEdlabelindent=\dimen108
\labelindent=\dimen109
\IEEEiednormlabelsep=\dimen110
\IEEEiedmathlabelsep=\dimen111
\IEEEiedtopsep=\skip44
\c@section=\count81
\c@subsection=\count82
\c@subsubsection=\count83
\c@paragraph=\count84
\c@IEEEsubequation=\count85
\abovecaptionskip=\skip45
\belowcaptionskip=\skip46
\c@figure=\count86
\c@table=\count87
\@IEEEeqnnumcols=\count88
\@IEEEeqncolcnt=\count89
\@IEEEtmpitemindent=\dimen112
\c@biography=\count90
\@IEEEtranrubishbin=\box26
)
** ATTENTION: Overriding command lockouts (line 4).
** ATTENTION: Overriding IEEE standard margins (line 7).
(/usr/local/texlive/2015/texmf-dist/tex/latex/amsmath/amsmath.sty
Package: amsmath 2013/01/14 v2.14 AMS math features
\@mathmargin=\skip47

For additional information on amsmath, use the `?' option.
(/usr/local/texlive/2015/texmf-dist/tex/latex/amsmath/amstext.sty
Package: amstext 2000/06/29 v2.01

(/usr/local/texlive/2015/texmf-dist/tex/latex/amsmath/amsgen.sty
File: amsgen.sty 1999/11/30 v2.0
\@emptytoks=\toks15
\ex@=\dimen113
))
(/usr/local/texlive/2015/texmf-dist/tex/latex/amsmath/amsbsy.sty
Package: amsbsy 1999/11/29 v1.2d
\pmbraise@=\dimen114
)
(/usr/local/texlive/2015/texmf-dist/tex/latex/amsmath/amsopn.sty
Package: amsopn 1999/12/14 v2.01 operator names
)
\inf@bad=\count91
LaTeX Info: Redefining \frac on input line 210.
\uproot@=\count92
\leftroot@=\count93
LaTeX Info: Redefining \overline on input line 306.
\classnum@=\count94
\DOTSCASE@=\count95
LaTeX Info: Redefining \ldots on input line 378.
LaTeX Info: Redefining \dots on input line 381.
LaTeX Info: Redefining \cdots on input line 466.
\Mathstrutbox@=\box27
\strutbox@=\box28
\big@size=\dimen115
LaTeX Font Info:    Redeclaring font encoding OML on input line 566.
LaTeX Font Info:    Redeclaring font encoding OMS on input line 567.
\macc@depth=\count96
\c@MaxMatrixCols=\count97
\dotsspace@=\muskip10
\c@parentequation=\count98
\dspbrk@lvl=\count99
\tag@help=\toks16
\row@=\count100
\column@=\count101
\maxfields@=\count102
\andhelp@=\toks17
\eqnshift@=\dimen116
\alignsep@=\dimen117
\tagshift@=\dimen118
\tagwidth@=\dimen119
\totwidth@=\dimen120
\lineht@=\dimen121
\@envbody=\toks18
\multlinegap=\skip48
\multlinetaggap=\skip49
\mathdisplay@stack=\toks19
LaTeX Info: Redefining \[ on input line 2665.
LaTeX Info: Redefining \] on input line 2666.
)
(/usr/local/texlive/2015/texmf-dist/tex/latex/amsfonts/amssymb.sty
Package: amssymb 2013/01/14 v3.01 AMS font symbols

(/usr/local/texlive/2015/texmf-dist/tex/latex/amsfonts/amsfonts.sty
Package: amsfonts 2013/01/14 v3.01 Basic AMSFonts support
\symAMSa=\mathgroup4
\symAMSb=\mathgroup5
LaTeX Font Info:    Overwriting math alphabet `\mathfrak' in version `bold'
(Font)                  U/euf/m/n --> U/euf/b/n on input line 106.
))
(/usr/local/texlive/2015/texmf-dist/tex/latex/graphics/graphicx.sty
Package: graphicx 2014/10/28 v1.0g Enhanced LaTeX Graphics (DPC,SPQR)

(/usr/local/texlive/2015/texmf-dist/tex/latex/graphics/keyval.sty
Package: keyval 2014/10/28 v1.15 key=value parser (DPC)
\KV@toks@=\toks20
)
(/usr/local/texlive/2015/texmf-dist/tex/latex/graphics/graphics.sty
Package: graphics 2016/01/03 v1.0q Standard LaTeX Graphics (DPC,SPQR)

(/usr/local/texlive/2015/texmf-dist/tex/latex/graphics/trig.sty
Package: trig 2016/01/03 v1.10 sin cos tan (DPC)
)
(/usr/local/texlive/2015/texmf-dist/tex/latex/latexconfig/graphics.cfg
File: graphics.cfg 2010/04/23 v1.9 graphics configuration of TeX Live
)
Package graphics Info: Driver file: pdftex.def on input line 95.

(/usr/local/texlive/2015/texmf-dist/tex/latex/pdftex-def/pdftex.def
File: pdftex.def 2011/05/27 v0.06d Graphics/color for pdfTeX

(/usr/local/texlive/2015/texmf-dist/tex/generic/oberdiek/infwarerr.sty
Package: infwarerr 2010/04/08 v1.3 Providing info/warning/error messages (HO)
)
(/usr/local/texlive/2015/texmf-dist/tex/generic/oberdiek/ltxcmds.sty
Package: ltxcmds 2011/11/09 v1.22 LaTeX kernel commands for general use (HO)
)
\Gread@gobject=\count103
))
\Gin@req@height=\dimen122
\Gin@req@width=\dimen123
)
(/usr/local/texlive/2015/texmf-dist/tex/latex/xcolor/xcolor.sty
Package: xcolor 2007/01/21 v2.11 LaTeX color extensions (UK)

(/usr/local/texlive/2015/texmf-dist/tex/latex/latexconfig/color.cfg
File: color.cfg 2007/01/18 v1.5 color configuration of teTeX/TeXLive
)
Package xcolor Info: Package option `usenames' ignored on input line 216.
Package xcolor Info: Driver file: pdftex.def on input line 225.
Package xcolor Info: Model `cmy' substituted by `cmy0' on input line 1337.
Package xcolor Info: Model `hsb' substituted by `rgb' on input line 1341.
Package xcolor Info: Model `RGB' extended on input line 1353.
Package xcolor Info: Model `HTML' substituted by `rgb' on input line 1355.
Package xcolor Info: Model `Hsb' substituted by `hsb' on input line 1356.
Package xcolor Info: Model `tHsb' substituted by `hsb' on input line 1357.
Package xcolor Info: Model `HSB' substituted by `hsb' on input line 1358.
Package xcolor Info: Model `Gray' substituted by `gray' on input line 1359.
Package xcolor Info: Model `wave' substituted by `hsb' on input line 1360.

(/usr/local/texlive/2015/texmf-dist/tex/latex/graphics/dvipsnam.def
File: dvipsnam.def 2015/12/30 v3.0k Driver-dependent file (DPC,SPQR)
))
(/usr/local/texlive/2015/texmf-dist/tex/latex/eurosym/eurosym.sty
Package: eurosym 1998/08/06 v1.1 European currency symbol ``Euro''
\@eurobox=\box29
)
(/usr/local/texlive/2015/texmf-dist/tex/latex/siunitx/siunitx.sty
(/usr/local/texlive/2015/texmf-dist/tex/latex/l3kernel/expl3.sty
Package: expl3 2016/01/19 v6377 L3 programming layer (loader) 

(/usr/local/texlive/2015/texmf-dist/tex/latex/l3kernel/expl3-code.tex
Package: expl3 2016/01/19 v6377 L3 programming layer (code)
L3 Module: l3bootstrap 2016/01/01 v6339 L3 Bootstrap code
L3 Module: l3names 2015/12/21 v6328 L3 Namespace for primitives
L3 Module: l3basics 2015/11/22 v6315 L3 Basic definitions
L3 Module: l3expan 2015/09/10 v5983 L3 Argument expansion
L3 Module: l3tl 2015/09/29 v6121 L3 Token lists
L3 Module: l3str 2016/01/03 v6357 L3 Strings
L3 Module: l3seq 2015/08/05 v5777 L3 Sequences and stacks
L3 Module: l3int 2016/01/05 v6366 L3 Integers
\c_max_int=\count104
\l_tmpa_int=\count105
\l_tmpb_int=\count106
\g_tmpa_int=\count107
\g_tmpb_int=\count108
L3 Module: l3quark 2015/08/17 v5855 L3 Quarks
L3 Module: l3prg 2015/11/01 v6216 L3 Control structures
\g__prg_map_int=\count109
L3 Module: l3clist 2015/09/02 v5901 L3 Comma separated lists
L3 Module: l3token 2015/11/11 v6249 L3 Experimental token manipulation
L3 Module: l3prop 2016/01/05 v6366 L3 Property lists
L3 Module: l3msg 2015/09/28 v6113 L3 Messages
L3 Module: l3file 2015/12/03 v6317 L3 File and I/O operations
\l_iow_line_count_int=\count110
\l__iow_target_count_int=\count111
\l__iow_current_line_int=\count112
\l__iow_current_word_int=\count113
\l__iow_current_indentation_int=\count114
L3 Module: l3skip 2016/01/05 v6366 L3 Dimensions and skips
\c_zero_dim=\dimen124
\c_max_dim=\dimen125
\l_tmpa_dim=\dimen126
\l_tmpb_dim=\dimen127
\g_tmpa_dim=\dimen128
\g_tmpb_dim=\dimen129
\c_zero_skip=\skip50
\c_max_skip=\skip51
\l_tmpa_skip=\skip52
\l_tmpb_skip=\skip53
\g_tmpa_skip=\skip54
\g_tmpb_skip=\skip55
\c_zero_muskip=\muskip11
\c_max_muskip=\muskip12
\l_tmpa_muskip=\muskip13
\l_tmpb_muskip=\muskip14
\g_tmpa_muskip=\muskip15
\g_tmpb_muskip=\muskip16
L3 Module: l3keys 2015/11/17 v6284 L3 Key-value interfaces
\g__keyval_level_int=\count115
\l_keys_choice_int=\count116
L3 Module: l3fp 2015/08/25 v5890 L3 Floating points
\c__fp_leading_shift_int=\count117
\c__fp_middle_shift_int=\count118
\c__fp_trailing_shift_int=\count119
\c__fp_big_leading_shift_int=\count120
\c__fp_big_middle_shift_int=\count121
\c__fp_big_trailing_shift_int=\count122
\c__fp_Bigg_leading_shift_int=\count123
\c__fp_Bigg_middle_shift_int=\count124
\c__fp_Bigg_trailing_shift_int=\count125
L3 Module: l3box 2015/08/09 v5822 L3 Experimental boxes
\c_empty_box=\box30
\l_tmpa_box=\box31
\l_tmpb_box=\box32
\g_tmpa_box=\box33
\g_tmpb_box=\box34
L3 Module: l3coffins 2015/08/06 v5789 L3 Coffin code layer
\l__coffin_internal_box=\box35
\l__coffin_internal_dim=\dimen130
\l__coffin_offset_x_dim=\dimen131
\l__coffin_offset_y_dim=\dimen132
\l__coffin_x_dim=\dimen133
\l__coffin_y_dim=\dimen134
\l__coffin_x_prime_dim=\dimen135
\l__coffin_y_prime_dim=\dimen136
\c_empty_coffin=\box36
\l__coffin_aligned_coffin=\box37
\l__coffin_aligned_internal_coffin=\box38
\l_tmpa_coffin=\box39
\l_tmpb_coffin=\box40
\l__coffin_display_coffin=\box41
\l__coffin_display_coord_coffin=\box42
\l__coffin_display_pole_coffin=\box43
\l__coffin_display_offset_dim=\dimen137
\l__coffin_display_x_dim=\dimen138
\l__coffin_display_y_dim=\dimen139
L3 Module: l3color 2014/08/23 v5354 L3 Experimental color support
L3 Module: l3sys 2015/09/25 v6087 L3 Experimental system/runtime functions
L3 Module: l3candidates 2016/01/14 v6376 L3 Experimental additions to l3kernel
\l__box_top_dim=\dimen140
\l__box_bottom_dim=\dimen141
\l__box_left_dim=\dimen142
\l__box_right_dim=\dimen143
\l__box_top_new_dim=\dimen144
\l__box_bottom_new_dim=\dimen145
\l__box_left_new_dim=\dimen146
\l__box_right_new_dim=\dimen147
\l__box_internal_box=\box44
\l__coffin_bounding_shift_dim=\dimen148
\l__coffin_left_corner_dim=\dimen149
\l__coffin_right_corner_dim=\dimen150
\l__coffin_bottom_corner_dim=\dimen151
\l__coffin_top_corner_dim=\dimen152
\l__coffin_scaled_total_height_dim=\dimen153
\l__coffin_scaled_width_dim=\dimen154
L3 Module: l3luatex 2015/11/11 v6250 L3 Experimental LuaTeX-specific functions
)
(/usr/local/texlive/2015/texmf-dist/tex/latex/l3kernel/l3pdfmode.def
File: l3pdfmode.def 2015/11/11 v6250 L3 Experimental driver: PDF mode
\l__driver_color_stack_int=\count126
))
(/usr/local/texlive/2015/texmf-dist/tex/latex/l3packages/xparse/xparse.sty
Package: xparse 2016/01/19 v6377 L3 Experimental document command parser
\l__xparse_current_arg_int=\count127
\l__xparse_m_args_int=\count128
\l__xparse_mandatory_args_int=\count129
\l__xparse_processor_int=\count130
\l__xparse_v_nesting_int=\count131
)
Package: siunitx 2016/01/19 v2.6p A comprehensive (SI) units package

(/usr/local/texlive/2015/texmf-dist/tex/latex/tools/array.sty
Package: array 2014/10/28 v2.4c Tabular extension package (FMi)
\col@sep=\dimen155
\extrarowheight=\dimen156
\NC@list=\toks21
\extratabsurround=\skip56
\backup@length=\skip57
)
(/usr/local/texlive/2015/texmf-dist/tex/latex/l3packages/l3keys2e/l3keys2e.sty
Package: l3keys2e 2016/01/19 v6377 LaTeX2e option processing using LaTeX3 keys
)
\l__siunitx_tmp_box=\box45
\l__siunitx_tmp_dim=\dimen157
\l__siunitx_tmp_int=\count132
\l__siunitx_number_mantissa_length_int=\count133
\l__siunitx_number_uncert_length_int=\count134
\l__siunitx_round_int=\count135
\l__siunitx_process_decimal_int=\count136
\l__siunitx_process_uncertainty_int=\count137
\l__siunitx_process_fixed_int=\count138
\l__siunitx_process_integer_min_int=\count139
\l__siunitx_process_precision_int=\count140
\l__siunitx_group_min_int=\count141
\l__siunitx_angle_marker_box=\box46
\l__siunitx_angle_unit_box=\box47
\l__siunitx_angle_marker_dim=\dimen158
\l__siunitx_angle_unit_dim=\dimen159
\l__siunitx_unit_int=\count142
\l__siunitx_unit_denominator_int=\count143
\l__siunitx_unit_numerator_int=\count144
\l__siunitx_unit_prefix_int=\count145
\l__siunitx_unit_prefix_base_int=\count146
\l__siunitx_unit_prefix_gram_int=\count147
\l__siunitx_number_product_int=\count148
\c__siunitx_one_fill_skip=\skip58
\l__siunitx_table_unit_align_skip=\skip59
\l__siunitx_table_exponent_dim=\dimen160
\l__siunitx_table_integer_dim=\dimen161
\l__siunitx_table_mantissa_dim=\dimen162
\l__siunitx_table_marker_dim=\dimen163
\l__siunitx_table_result_dim=\dimen164
\l__siunitx_table_uncert_dim=\dimen165
\l__siunitx_table_fill_pre_dim=\dimen166
\l__siunitx_table_fill_post_dim=\dimen167
\l__siunitx_table_fill_mid_dim=\dimen168
\l__siunitx_table_pre_box=\box48
\l__siunitx_table_post_box=\box49
\l__siunitx_table_mantissa_box=\box50
\l__siunitx_table_result_box=\box51
\l__siunitx_table_number_align_skip=\skip60
\l__siunitx_table_text_align_skip=\skip61
.................................................
. LaTeX info: "xparse/define-command"
. 
. Defining command \DeclareBinaryPrefix with sig. 'mmm' on line 7218.
.................................................
.................................................
. LaTeX info: "xparse/define-command"
. 
. Defining command \DeclareSIPostPower with sig. 'mm' on line 7221.
.................................................
.................................................
. LaTeX info: "xparse/define-command"
. 
. Defining command \DeclareSIPrefix with sig. 'mmm' on line 7224.
.................................................
.................................................
. LaTeX info: "xparse/define-command"
. 
. Defining command \DeclareSIPrePower with sig. 'mm' on line 7227.
.................................................
.................................................
. LaTeX info: "xparse/define-command"
. 
. Defining command \DeclareSIQualifier with sig. 'mm' on line 7230.
.................................................
.................................................
. LaTeX info: "xparse/define-command"
. 
. Defining command \DeclareSIUnit with sig. 'O{}mm' on line 7233.
.................................................
.................................................
. LaTeX info: "xparse/define-command"
. 
. Defining command \DeclareSIUnitWithOptions with sig. 'mmm' on line 7236.
.................................................
.................................................
. LaTeX info: "xparse/define-command"
. 
. Defining command \ang with sig. 'o>{\SplitArgument {2}{;}}m' on line 7251.
.................................................
.................................................
. LaTeX info: "xparse/define-command"
. 
. Defining command \num with sig. 'om' on line 7259.
.................................................
.................................................
. LaTeX info: "xparse/define-command"
. 
. Defining command \numlist with sig. 'o>{\SplitList {;}}m' on line 7267.
.................................................
.................................................
. LaTeX info: "xparse/define-command"
. 
. Defining command \numrange with sig. 'omm' on line 7275.
.................................................
.................................................
. LaTeX info: "xparse/define-command"
. 
. Defining command \SIlist with sig. 'o>{\SplitList {;}}mm' on line 7286.
.................................................
.................................................
. LaTeX info: "xparse/define-command"
. 
. Defining command \SIrange with sig. 'ommm' on line 7297.
.................................................
.................................................
. LaTeX info: "xparse/define-command"
. 
. Defining command \SI with sig. 'omom' on line 7308.
.................................................
.................................................
. LaTeX info: "xparse/define-command"
. 
. Defining command \sisetup with sig. 'm' on line 7311.
.................................................
.................................................
. LaTeX info: "xparse/define-command"
. 
. Defining command \tablenum with sig. 'om' on line 7323.
.................................................
.................................................
. LaTeX info: "xparse/define-command"
. 
. Defining command \si with sig. 'om' on line 7334.
.................................................
.................................................
. LaTeX info: "xparse/define-command"
. 
. Defining command \__siunitx_bookmark_num:w with sig. 'om' on line 7381.
.................................................
.................................................
. LaTeX info: "xparse/define-command"
. 
. Defining command \__siunitx_bookmark_numrange:w with sig. 'omm' on line
. 7383.
.................................................
.................................................
. LaTeX info: "xparse/define-command"
. 
. Defining command \__siunitx_bookmark_SI:w with sig. 'omom' on line 7385.
.................................................
.................................................
. LaTeX info: "xparse/define-command"
. 
. Defining command \__siunitx_bookmark_SIlist:w with sig. 'omm' on line 7387.
.................................................
.................................................
. LaTeX info: "xparse/define-command"
. 
. Defining command \__siunitx_bookmark_SIrange:w with sig. 'ommm' on line
. 7389.
.................................................
.................................................
. LaTeX info: "xparse/define-command"
. 
. Defining command \__siunitx_bookmark_si:w with sig. 'om' on line 7390.
.................................................
\g__file_internal_ior=\read1
(/usr/local/texlive/2015/texmf-dist/tex/latex/beamer/translator/translator.sty
Package: translator 2010/06/12 ver 1.10

(/usr/local/texlive/2015/texmf-dist/tex/latex/beamer/translator/translator-lang
uage-mappings.tex)))
(/usr/local/texlive/2015/texmf-dist/tex/latex/units/units.sty
Package: units 1998/08/04 v0.9b Typesetting units

(/usr/local/texlive/2015/texmf-dist/tex/latex/base/ifthen.sty
Package: ifthen 2014/09/29 v1.1c Standard LaTeX ifthen package (DPC)
)
(/usr/local/texlive/2015/texmf-dist/tex/latex/units/nicefrac.sty
Package: nicefrac 1998/08/04 v0.9b Nice fractions
\L@UnitsRaiseDisplaystyle=\skip62
\L@UnitsRaiseTextstyle=\skip63
\L@UnitsRaiseScriptstyle=\skip64
))
(/usr/local/texlive/2015/texmf-dist/tex/latex/comment/comment.sty
\CommentStream=\write3

Excluding comment 'comment')
\figwidth=\skip65
 (./intersection_paper.aux)
\openout1 = `intersection_paper.aux'.

LaTeX Font Info:    Checking defaults for OML/cmm/m/it on input line 42.
LaTeX Font Info:    ... okay on input line 42.
LaTeX Font Info:    Checking defaults for T1/cmr/m/n on input line 42.
LaTeX Font Info:    ... okay on input line 42.
LaTeX Font Info:    Checking defaults for OT1/cmr/m/n on input line 42.
LaTeX Font Info:    ... okay on input line 42.
LaTeX Font Info:    Checking defaults for OMS/cmsy/m/n on input line 42.
LaTeX Font Info:    ... okay on input line 42.
LaTeX Font Info:    Checking defaults for OMX/cmex/m/n on input line 42.
LaTeX Font Info:    ... okay on input line 42.
LaTeX Font Info:    Checking defaults for U/cmr/m/n on input line 42.
LaTeX Font Info:    ... okay on input line 42.

(/usr/local/texlive/2015/texmf-dist/tex/context/base/supp-pdf.mkii
[Loading MPS to PDF converter (version 2006.09.02).]
\scratchcounter=\count149
\scratchdimen=\dimen169
\scratchbox=\box52
\nofMPsegments=\count150
\nofMParguments=\count151
\everyMPshowfont=\toks22
\MPscratchCnt=\count152
\MPscratchDim=\dimen170
\MPnumerator=\count153
\makeMPintoPDFobject=\count154
\everyMPtoPDFconversion=\toks23
) (/usr/local/texlive/2015/texmf-dist/tex/generic/oberdiek/pdftexcmds.sty
Package: pdftexcmds 2011/11/29 v0.20 Utility functions of pdfTeX for LuaTeX (HO
)

(/usr/local/texlive/2015/texmf-dist/tex/generic/oberdiek/ifluatex.sty
Package: ifluatex 2010/03/01 v1.3 Provides the ifluatex switch (HO)
Package ifluatex Info: LuaTeX not detected.
)
(/usr/local/texlive/2015/texmf-dist/tex/generic/oberdiek/ifpdf.sty
Package: ifpdf 2011/01/30 v2.3 Provides the ifpdf switch (HO)
Package ifpdf Info: pdfTeX in PDF mode is detected.
)
Package pdftexcmds Info: LuaTeX not detected.
Package pdftexcmds Info: \pdf@primitive is available.
Package pdftexcmds Info: \pdf@ifprimitive is available.
Package pdftexcmds Info: \pdfdraftmode found.
)
(/usr/local/texlive/2015/texmf-dist/tex/latex/oberdiek/epstopdf-base.sty
Package: epstopdf-base 2010/02/09 v2.5 Base part for package epstopdf

(/usr/local/texlive/2015/texmf-dist/tex/latex/oberdiek/grfext.sty
Package: grfext 2010/08/19 v1.1 Manage graphics extensions (HO)

(/usr/local/texlive/2015/texmf-dist/tex/generic/oberdiek/kvdefinekeys.sty
Package: kvdefinekeys 2011/04/07 v1.3 Define keys (HO)
))
(/usr/local/texlive/2015/texmf-dist/tex/latex/oberdiek/kvoptions.sty
Package: kvoptions 2011/06/30 v3.11 Key value format for package options (HO)

(/usr/local/texlive/2015/texmf-dist/tex/generic/oberdiek/kvsetkeys.sty
Package: kvsetkeys 2012/04/25 v1.16 Key value parser (HO)

(/usr/local/texlive/2015/texmf-dist/tex/generic/oberdiek/etexcmds.sty
Package: etexcmds 2011/02/16 v1.5 Avoid name clashes with e-TeX commands (HO)
Package etexcmds Info: Could not find \expanded.
(etexcmds)             That can mean that you are not using pdfTeX 1.50 or
(etexcmds)             that some package has redefined \expanded.
(etexcmds)             In the latter case, load this package earlier.
)))
Package grfext Info: Graphics extension search list:
(grfext)             [.png,.pdf,.jpg,.mps,.jpeg,.jbig2,.jb2,.PNG,.PDF,.JPG,.JPE
G,.JBIG2,.JB2,.eps]
(grfext)             \AppendGraphicsExtensions on input line 452.

(/usr/local/texlive/2015/texmf-dist/tex/latex/latexconfig/epstopdf-sys.cfg
File: epstopdf-sys.cfg 2010/07/13 v1.3 Configuration of (r)epstopdf for TeX Liv
e
))
(/usr/local/texlive/2015/texmf-dist/tex/latex/beamer/translator/dicts/translato
r-basic-dictionary/translator-basic-dictionary-English.dict
Dictionary: translator-basic-dictionary, Language: English 
)
(/usr/local/texlive/2015/texmf-dist/tex/latex/siunitx/siunitx-abbreviations.cfg
File: siunitx-abbreviations.cfg 2016/01/19 v2.6p siunitx: Abbreviated units
)
\c__siunitx_mathsf_int=\count155
LaTeX Font Info:    Try loading font information for U+msa on input line 42.
 (/usr/local/texlive/2015/texmf-dist/tex/latex/amsfonts/umsa.fd
File: umsa.fd 2013/01/14 v3.01 AMS symbols A
)
LaTeX Font Info:    Try loading font information for U+msb on input line 42.

(/usr/local/texlive/2015/texmf-dist/tex/latex/amsfonts/umsb.fd
File: umsb.fd 2013/01/14 v3.01 AMS symbols B
)
\c__siunitx_mathtt_int=\count156
 [1{/usr/local/texlive/2015/texmf-var/fonts/map/pdftex/updmap/pdftex.map}


] [2]
Excluding 'comment' comment. Excluding 'comment' comment.
Excluding 'comment' comment. [3] Excluding 'comment' comment.

LaTeX Warning: No positions in optional float specifier.
               Default added (so using `tbp') on input line 478.

<figures/CarMaker_Implement2.png, id=25, 931.22906pt x 216.05719pt>
File: figures/CarMaker_Implement2.png Graphic file (type png)

<use figures/CarMaker_Implement2.png>
Package pdftex.def Info: figures/CarMaker_Implement2.png used on input line 480
.
(pdftex.def)             Requested size: 442.29333pt x 102.61833pt.
 [4]
<figures/Intersection_CarMaker.png, id=30, 395.97937pt x 246.9225pt>
File: figures/Intersection_CarMaker.png Graphic file (type png)

<use figures/Intersection_CarMaker.png>
Package pdftex.def Info: figures/Intersection_CarMaker.png used on input line 5
04.
(pdftex.def)             Requested size: 221.14479pt x 137.90263pt.
Package epstopdf Info: Source file: <figures/plots_dpc.eps>
(epstopdf)                    date: 2016-03-18 10:25:02
(epstopdf)                    size: 171284 bytes
(epstopdf)             Output file: <figures/plots_dpc-eps-converted-to.pdf>
(epstopdf)                    date: 2016-03-18 10:26:12
(epstopdf)                    size: 51178 bytes
(epstopdf)             Command: <epstopdf --outfile=figures/plots_dpc-eps-conve
rted-to.pdf figures/plots_dpc.eps>
(epstopdf)             \includegraphics on input line 533.
Package epstopdf Info: Output file is already uptodate.

<figures/plots_dpc-eps-converted-to.pdf, id=31, 426.59375pt x 408.52625pt>
File: figures/plots_dpc-eps-converted-to.pdf Graphic file (type pdf)

<use figures/plots_dpc-eps-converted-to.pdf>
Package pdftex.def Info: figures/plots_dpc-eps-converted-to.pdf used on input l
ine 533.
(pdftex.def)             Requested size: 263.06496pt x 251.9372pt.

Overfull \hbox (17.34685pt too wide) in paragraph at lines 533--534
 [][] 
 []


LaTeX Warning: `!h' float specifier changed to `!ht'.


LaTeX Warning: `!h' float specifier changed to `!ht'.

[5 <./figures/CarMaker_Implement2.png> <./figures/Intersection_CarMaker.png>]
(./intersection_paper.bbl [6 <./figures/plots_dpc-eps-converted-to.pdf>])

** Conference Paper **
Before submitting the final camera ready copy, remember to:

 1. Manually equalize the lengths of two columns on the last page
 of your paper;

 2. Ensure that any PostScript and/or PDF output post-processing
 uses only Type 1 fonts and that every step in the generation
 process uses the US letter (8.5in X 11in) paper size.

[7

] (./intersection_paper.aux) ) 
Here is how much of TeX's memory you used:
 13084 strings out of 493042
 264246 string characters out of 6134661
 293201 words of memory out of 5000000
 16498 multiletter control sequences out of 15000+600000
 44118 words of font info for 96 fonts, out of 8000000 for 9000
 1141 hyphenation exceptions out of 8191
 38i,26n,42p,10369b,486s stack positions out of 5000i,500n,10000p,200000b,80000s
{/usr/local/texlive/2015/texmf-dist/fonts/enc/dvi
ps/base/8r.enc}</usr/local/texlive/2015/texmf-dist/fonts/type1/public/amsfonts/
cm/cmex10.pfb></usr/local/texlive/2015/texmf-dist/fonts/type1/public/amsfonts/c
mextra/cmex8.pfb></usr/local/texlive/2015/texmf-dist/fonts/type1/public/amsfont
s/cm/cmmi10.pfb></usr/local/texlive/2015/texmf-dist/fonts/type1/public/amsfonts
/cm/cmmi5.pfb></usr/local/texlive/2015/texmf-dist/fonts/type1/public/amsfonts/c
m/cmmi6.pfb></usr/local/texlive/2015/texmf-dist/fonts/type1/public/amsfonts/cm/
cmmi7.pfb></usr/local/texlive/2015/texmf-dist/fonts/type1/public/amsfonts/cm/cm
mi8.pfb></usr/local/texlive/2015/texmf-dist/fonts/type1/public/amsfonts/cm/cmr1
0.pfb></usr/local/texlive/2015/texmf-dist/fonts/type1/public/amsfonts/cm/cmr5.p
fb></usr/local/texlive/2015/texmf-dist/fonts/type1/public/amsfonts/cm/cmr6.pfb>
</usr/local/texlive/2015/texmf-dist/fonts/type1/public/amsfonts/cm/cmr7.pfb></u
sr/local/texlive/2015/texmf-dist/fonts/type1/public/amsfonts/cm/cmr8.pfb></usr/
local/texlive/2015/texmf-dist/fonts/type1/public/amsfonts/cm/cmsy10.pfb></usr/l
ocal/texlive/2015/texmf-dist/fonts/type1/public/amsfonts/cm/cmsy5.pfb></usr/loc
al/texlive/2015/texmf-dist/fonts/type1/public/amsfonts/cm/cmsy7.pfb></usr/local
/texlive/2015/texmf-dist/fonts/type1/public/amsfonts/cm/cmsy8.pfb></usr/local/t
exlive/2015/texmf-dist/fonts/type1/urw/times/utmb8a.pfb></usr/local/texlive/201
5/texmf-dist/fonts/type1/urw/times/utmbi8a.pfb></usr/local/texlive/2015/texmf-d
ist/fonts/type1/urw/times/utmr8a.pfb></usr/local/texlive/2015/texmf-dist/fonts/
type1/urw/times/utmri8a.pfb>
Output written on intersection_paper.pdf (7 pages, 436687 bytes).
PDF statistics:
 117 PDF objects out of 1000 (max. 8388607)
 83 compressed objects within 1 object stream
 0 named destinations out of 1000 (max. 500000)
 16 words of extra memory for PDF output out of 10000 (max. 10000000)

