

SYSTEM_START	-	Linnea	Linnea	2018-03-18 14:15:03


SYSTEM_INFO	CarMaker 5.1.4 - Car_Generic #50	fh@daniel.ipg 2017-01-25 15:23:24	(5.1.4 fh@daniel.ipg 2017-01-25 15:21:49)
SIM	1521378904	Linnea	Jeder	DCP_Final	0	50.004	652.642


SYSTEM_START	-	Linnea	Linnea	2018-03-18 14:16:40


SYSTEM_INFO	CarMaker 5.1.4 - Car_Generic #50	fh@daniel.ipg 2017-01-25 15:23:24	(5.1.4 fh@daniel.ipg 2017-01-25 15:21:49)
SIM	1521379000	Linnea	Jeder	DCP_Final	0	45.981	600.158


SYSTEM_START	-	Linnea	Linnea	2018-03-18 14:17:48


SYSTEM_INFO	CarMaker 5.1.4 - Car_Generic #50	fh@daniel.ipg 2017-01-25 15:23:24	(5.1.4 fh@daniel.ipg 2017-01-25 15:21:49)
SIM	1521379068	Linnea	Jeder	DCP_Final	0	50.004	652.642


SYSTEM_START	-	Linnea	Linnea	2018-03-18 14:20:33


SYSTEM_INFO	CarMaker 5.1.4 - Car_Generic #50	fh@daniel.ipg 2017-01-25 15:23:24	(5.1.4 fh@daniel.ipg 2017-01-25 15:21:49)
SIM	1521379233	Linnea	Jeder	DCP_Final	0	50.004	652.642


SYSTEM_START	-	Linnea	Linnea	2018-03-18 14:21:56


SYSTEM_INFO	CarMaker 5.1.4 - Car_Generic #50	fh@daniel.ipg 2017-01-25 15:23:24	(5.1.4 fh@daniel.ipg 2017-01-25 15:21:49)
SIM	1521379316	Linnea	Jeder	DCP_Final	0	50.004	652.642


SYSTEM_START	-	Linnea	Linnea	2018-03-18 14:25:49


SYSTEM_INFO	CarMaker 5.1.4 - Car_Generic #50	fh@daniel.ipg 2017-01-25 15:23:24	(5.1.4 fh@daniel.ipg 2017-01-25 15:21:49)
SIM	1521379549	Linnea	Jeder	DCP_Final	0	50.004	652.642


SYSTEM_START	-	Linnea	Linnea	2018-03-18 14:28:31


SYSTEM_INFO	CarMaker 5.1.4 - Car_Generic #50	fh@daniel.ipg 2017-01-25 15:23:24	(5.1.4 fh@daniel.ipg 2017-01-25 15:21:49)
SIM	1521379711	Linnea	Jeder	DCP_Final	0	50.004	652.642


SYSTEM_START	-	Linnea	Linnea	2018-03-18 14:35:31


SYSTEM_INFO	CarMaker 5.1.4 - Car_Generic #50	fh@daniel.ipg 2017-01-25 15:23:24	(5.1.4 fh@daniel.ipg 2017-01-25 15:21:49)
SIM	1521380132	Linnea	Jeder	DCP_Final	0	50.004	652.642


SYSTEM_START	-	Linnea	Linnea	2018-03-18 14:35:45


SYSTEM_INFO	CarMaker 5.1.4 - Car_Generic #50	fh@daniel.ipg 2017-01-25 15:23:24	(5.1.4 fh@daniel.ipg 2017-01-25 15:21:49)
SIM	1521380145	Linnea	Jeder	DCP_Final	0	50.004	652.642


SYSTEM_START	-	Linnea	Linnea	2018-03-18 14:48:08


SYSTEM_INFO	CarMaker 5.1.4 - Car_Generic #50	fh@daniel.ipg 2017-01-25 15:23:24	(5.1.4 fh@daniel.ipg 2017-01-25 15:21:49)
SIM	1521380889	Linnea	Jeder	DCP_Final	0	50.004	652.642


SYSTEM_START	-	Linnea	Linnea	2018-03-18 14:48:23


SYSTEM_INFO	CarMaker 5.1.4 - Car_Generic #50	fh@daniel.ipg 2017-01-25 15:23:24	(5.1.4 fh@daniel.ipg 2017-01-25 15:21:49)
SIM	1521380903	Linnea	Jeder	DCP_Final	0	50.004	652.642


SYSTEM_START	-	Linnea	Linnea	2018-03-19 11:31:51


SYSTEM_INFO	CarMaker 5.1.4 - Car_Generic #49	fh@daniel.ipg 2017-01-25 15:20:39	(5.1.4 fh@daniel.ipg 2017-01-25 15:20:20)
SIM	1521455512	Linnea	Jeder	myeight.txt	0	52.633	1300.03
SIM	1521455540	Linnea	Jeder	myeight.txt	0	52.633	1300.03
SIM	1521455667	Linnea	Jeder	myeight.txt	0	52.633	1300.03
SIM	1521455767	Linnea	Jeder	myeight.txt	0	52.633	1300.03
SIM	1521456033	Linnea	Jeder	DCP_Final	0	50.002	652.642


SYSTEM_START	-	Linnea	Linnea	2018-03-19 13:26:36


SYSTEM_INFO	CarMaker 5.1.4 - Car_Generic #50	fh@daniel.ipg 2017-01-25 15:23:24	(5.1.4 fh@daniel.ipg 2017-01-25 15:21:49)
SIM	1521462396	Linnea	Jeder	myeight.txt	0	52.625	1300.05


SYSTEM_START	-	Linnea	Linnea	2018-03-19 13:27:18


SYSTEM_INFO	CarMaker 5.1.4 - Car_Generic #50	fh@daniel.ipg 2017-01-25 15:23:24	(5.1.4 fh@daniel.ipg 2017-01-25 15:21:49)
SIM	1521462438	Linnea	Jeder	myeight.txt	0	52.625	1300.05


SYSTEM_START	-	Linnea	Linnea	2018-03-21 10:52:16


SYSTEM_INFO	CarMaker 5.1.4 - Car_Generic #50	fh@daniel.ipg 2017-01-25 15:23:24	(5.1.4 fh@daniel.ipg 2017-01-25 15:21:49)
SIM	1521625936	Linnea	Jeder	myeight.txt	0	52.625	1300.05


SYSTEM_START	-	Linnea	Linnea	2018-03-21 10:58:18


SYSTEM_INFO	CarMaker 5.1.4 - Car_Generic #50	fh@daniel.ipg 2017-01-25 15:23:24	(5.1.4 fh@daniel.ipg 2017-01-25 15:21:49)
SIM	1521626299	Linnea	Jeder	myeight.txt	0	52.625	1300.05


SYSTEM_START	-	Linnea	Linnea	2018-03-21 10:58:40


SYSTEM_INFO	CarMaker 5.1.4 - Car_Generic #50	fh@daniel.ipg 2017-01-25 15:23:24	(5.1.4 fh@daniel.ipg 2017-01-25 15:21:49)
SIM	1521626320	Linnea	Jeder	myeight.txt	0	52.625	1300.05


SYSTEM_START	-	Linnea	Linnea	2018-03-21 10:58:56


SYSTEM_INFO	CarMaker 5.1.4 - Car_Generic #50	fh@daniel.ipg 2017-01-25 15:23:24	(5.1.4 fh@daniel.ipg 2017-01-25 15:21:49)
SIM	1521626336	Linnea	Jeder	myeight.txt	0	52.625	1300.05


SYSTEM_START	-	Linnea	Linnea	2018-03-21 10:59:14


SYSTEM_INFO	CarMaker 5.1.4 - Car_Generic #50	fh@daniel.ipg 2017-01-25 15:23:24	(5.1.4 fh@daniel.ipg 2017-01-25 15:21:49)
SIM	1521626354	Linnea	Jeder	myeight.txt	0	52.625	1300.05


SYSTEM_START	-	Linnea	Linnea	2018-03-21 11:01:38


SYSTEM_INFO	CarMaker 5.1.4 - Car_Generic #50	fh@daniel.ipg 2017-01-25 15:23:24	(5.1.4 fh@daniel.ipg 2017-01-25 15:21:49)
SIM	1521626498	Linnea	Jeder	myeight.txt	0	52.625	1300.05


SYSTEM_START	-	Linnea	Linnea	2018-03-21 11:03:49


SYSTEM_INFO	CarMaker 5.1.4 - Car_Generic #50	fh@daniel.ipg 2017-01-25 15:23:24	(5.1.4 fh@daniel.ipg 2017-01-25 15:21:49)
SIM	1521626629	Linnea	Jeder	myeight.txt	0	52.625	1300.05


SYSTEM_START	-	Linnea	Linnea	2018-03-21 11:04:05


SYSTEM_INFO	CarMaker 5.1.4 - Car_Generic #50	fh@daniel.ipg 2017-01-25 15:23:24	(5.1.4 fh@daniel.ipg 2017-01-25 15:21:49)
SIM	1521626645	Linnea	Jeder	myeight.txt	0	52.625	1300.05


SYSTEM_START	-	Linnea	Linnea	2018-03-21 11:04:47


SYSTEM_INFO	CarMaker 5.1.4 - Car_Generic #50	fh@daniel.ipg 2017-01-25 15:23:24	(5.1.4 fh@daniel.ipg 2017-01-25 15:21:49)
SIM	1521626687	Linnea	Jeder	myeight.txt	0	52.625	1300.05


SYSTEM_START	-	Linnea	Linnea	2018-03-21 11:05:07


SYSTEM_INFO	CarMaker 5.1.4 - Car_Generic #50	fh@daniel.ipg 2017-01-25 15:23:24	(5.1.4 fh@daniel.ipg 2017-01-25 15:21:49)
SIM	1521626707	Linnea	Jeder	myeight.txt	0	52.625	1300.05


SYSTEM_START	-	Linnea	Linnea	2018-03-21 11:05:28


SYSTEM_INFO	CarMaker 5.1.4 - Car_Generic #50	fh@daniel.ipg 2017-01-25 15:23:24	(5.1.4 fh@daniel.ipg 2017-01-25 15:21:49)
SIM	1521626728	Linnea	Jeder	myeight.txt	0	52.625	1300.05


SYSTEM_START	-	Linnea	Linnea	2018-03-21 11:06:18


SYSTEM_INFO	CarMaker 5.1.4 - Car_Generic #50	fh@daniel.ipg 2017-01-25 15:23:24	(5.1.4 fh@daniel.ipg 2017-01-25 15:21:49)
SIM	1521626778	Linnea	Jeder	myeight.txt	0	52.625	1300.05


SYSTEM_START	-	Linnea	Linnea	2018-03-21 11:06:38


SYSTEM_INFO	CarMaker 5.1.4 - Car_Generic #50	fh@daniel.ipg 2017-01-25 15:23:24	(5.1.4 fh@daniel.ipg 2017-01-25 15:21:49)
SIM	1521626799	Linnea	Jeder	myeight.txt	0	52.625	1300.05


SYSTEM_START	-	Linnea	Linnea	2018-03-21 11:07:27


SYSTEM_INFO	CarMaker 5.1.4 - Car_Generic #50	fh@daniel.ipg 2017-01-25 15:23:24	(5.1.4 fh@daniel.ipg 2017-01-25 15:21:49)
SIM	1521626847	Linnea	Jeder	myeight.txt	0	158.156	4231.56


SYSTEM_START	-	Linnea	Linnea	2018-03-21 11:08:19


SYSTEM_INFO	CarMaker 5.1.4 - Car_Generic #50	fh@daniel.ipg 2017-01-25 15:23:24	(5.1.4 fh@daniel.ipg 2017-01-25 15:21:49)
SIM	1521626899	Linnea	Jeder	myeight.txt	0	118.162	3120.66


SYSTEM_START	-	Linnea	Linnea	2018-03-21 11:08:49


SYSTEM_INFO	CarMaker 5.1.4 - Car_Generic #50	fh@daniel.ipg 2017-01-25 15:23:24	(5.1.4 fh@daniel.ipg 2017-01-25 15:21:49)
SIM	1521626929	Linnea	Jeder	myeight.txt	0	329.157	8981.63


SYSTEM_START	-	Linnea	Linnea	2018-03-21 11:09:34


SYSTEM_INFO	CarMaker 5.1.4 - Car_Generic #50	fh@daniel.ipg 2017-01-25 15:23:24	(5.1.4 fh@daniel.ipg 2017-01-25 15:21:49)
SIM	1521626974	Linnea	Jeder	myeight.txt	0	323.971	8854.71


SYSTEM_START	-	Linnea	Linnea	2018-03-21 11:10:41


SYSTEM_INFO	CarMaker 5.1.4 - Car_Generic #50	fh@daniel.ipg 2017-01-25 15:23:24	(5.1.4 fh@daniel.ipg 2017-01-25 15:21:49)
SIM	1521627041	Linnea	Jeder	myeight.txt	0	320.075	8746.48


SYSTEM_START	-	Linnea	Linnea	2018-03-21 11:11:24


SYSTEM_INFO	CarMaker 5.1.4 - Car_Generic #50	fh@daniel.ipg 2017-01-25 15:23:24	(5.1.4 fh@daniel.ipg 2017-01-25 15:21:49)
SIM	1521627084	Linnea	Jeder	myeight.txt	0	192.241	5195.54


SYSTEM_START	-	Linnea	Linnea	2018-03-21 11:16:54


SYSTEM_INFO	CarMaker 5.1.4 - Car_Generic #50	fh@daniel.ipg 2017-01-25 15:23:24	(5.1.4 fh@daniel.ipg 2017-01-25 15:21:49)
SIM	1521627414	Linnea	Jeder	myeight.txt	0	0	0


SYSTEM_START	-	Linnea	Linnea	2018-03-21 11:17:33


SYSTEM_INFO	CarMaker 5.1.4 - Car_Generic #50	fh@daniel.ipg 2017-01-25 15:23:24	(5.1.4 fh@daniel.ipg 2017-01-25 15:21:49)
SIM	1521627453	Linnea	Jeder	myeight.txt	0	130.85	3490.23


SYSTEM_START	-	Linnea	Linnea	2018-03-21 11:17:55


SYSTEM_INFO	CarMaker 5.1.4 - Car_Generic #50	fh@daniel.ipg 2017-01-25 15:23:24	(5.1.4 fh@daniel.ipg 2017-01-25 15:21:49)
SIM	1521627475	Linnea	Jeder	myeight.txt	0	336.451	9201.37


SYSTEM_START	-	Linnea	Linnea	2018-03-21 11:19:22


SYSTEM_INFO	CarMaker 5.1.4 - Car_Generic #50	fh@daniel.ipg 2017-01-25 15:23:24	(5.1.4 fh@daniel.ipg 2017-01-25 15:21:49)
SIM	1521627562	Linnea	Jeder	myeight.txt	0	52.006	1300.04


SYSTEM_START	-	Linnea	Linnea	2018-03-21 11:26:33


SYSTEM_INFO	CarMaker 5.1.4 - Car_Generic #50	fh@daniel.ipg 2017-01-25 15:23:24	(5.1.4 fh@daniel.ipg 2017-01-25 15:21:49)
SIM	1521627993	Linnea	Jeder	myeight.txt	0	52.006	1300.04


SYSTEM_START	-	Linnea	Linnea	2018-03-21 11:27:42


SYSTEM_INFO	CarMaker 5.1.4 - Car_Generic #50	fh@daniel.ipg 2017-01-25 15:23:24	(5.1.4 fh@daniel.ipg 2017-01-25 15:21:49)
SIM	1521628062	Linnea	Jeder	myeight.txt	0	52.006	1300.04


SYSTEM_START	-	Linnea	Linnea	2018-03-21 11:28:03


SYSTEM_INFO	CarMaker 5.1.4 - Car_Generic #50	fh@daniel.ipg 2017-01-25 15:23:24	(5.1.4 fh@daniel.ipg 2017-01-25 15:21:49)
SIM	1521628083	Linnea	Jeder	myeight.txt	0	52.006	1300.04


SYSTEM_START	-	Linnea	Linnea	2018-03-21 11:29:51


SYSTEM_INFO	CarMaker 5.1.4 - Car_Generic #50	fh@daniel.ipg 2017-01-25 15:23:24	(5.1.4 fh@daniel.ipg 2017-01-25 15:21:49)
SIM	1521628191	Linnea	Jeder	myeight.txt	0	10.62	163.592


SYSTEM_START	-	Linnea	Linnea	2018-03-21 11:30:07


SYSTEM_INFO	CarMaker 5.1.4 - Car_Generic #50	fh@daniel.ipg 2017-01-25 15:23:24	(5.1.4 fh@daniel.ipg 2017-01-25 15:21:49)
SIM	1521628207	Linnea	Jeder	myeight.txt	0	57.581	1300.04


SYSTEM_START	-	Linnea	Linnea	2018-03-21 11:37:12


SYSTEM_INFO	CarMaker 5.1.4 - Car_Generic #49	fh@daniel.ipg 2017-01-25 15:20:39	(5.1.4 fh@daniel.ipg 2017-01-25 15:20:20)
SIM	1521628633	Linnea	Jeder	myeight.txt	0	99.515	1300.01
SIM	1521628660	Linnea	Jeder	myeight.txt	0	47.647	1300.08
SIM	1521628682	Linnea	Jeder	myeight.txt	0	47.647	1300.08
SIM	1521628695	Linnea	Jeder	myeight.txt	0	47.647	1300.08


SYSTEM_START	-	Linnea	Linnea	2018-03-21 16:26:28


SYSTEM_INFO	CarMaker 5.1.4 - Car_Generic #49	fh@daniel.ipg 2017-01-25 15:20:39	(5.1.4 fh@daniel.ipg 2017-01-25 15:20:20)
SIM	1521645989	Linnea	Jeder	unknown	0	26.336	292.185
SIM	1521646042	Linnea	Jeder	unknown	0	22.567	292.19
SIM	1521646544	Linnea	Jeder	unknown	0	27.049	292.187
SIM	1521646565	Linnea	Jeder	unknown	0	27.049	292.187


SYSTEM_START	-	Linnea	Linnea	2018-03-22 13:40:53


SYSTEM_INFO	CarMaker 5.1.4 - Car_Generic #49	fh@daniel.ipg 2017-01-25 15:20:39	(5.1.4 fh@daniel.ipg 2017-01-25 15:20:20)
SIM	1521722454	Linnea	Jeder	unknown	0	26.336	292.185
SIM	1521722845	Linnea	Jeder	unknown	0	26.336	292.185
SIM	1521722855	Linnea	Jeder	unknown	0	26.336	292.185
SIM	1521722874	Linnea	Jeder	unknown	0	26.336	292.185
SIM	1521723135	Linnea	Jeder	unknown	0	26.336	292.185
SIM	1521723231	Linnea	Jeder	unknown	0	26.336	292.185
SIM	1521723335	Linnea	Jeder	unknown	0	50.002	623.186


SYSTEM_START	-	Linnea	Linnea	2018-03-22 16:07:01


SYSTEM_INFO	CarMaker 5.1.4 - Car_Generic #49	fh@daniel.ipg 2017-01-25 15:20:39	(5.1.4 fh@daniel.ipg 2017-01-25 15:20:20)


SYSTEM_START	-	Linnea	Linnea	2018-03-23 14:09:33


SYSTEM_INFO	CarMaker 5.1.4 - Car_Generic #49	fh@daniel.ipg 2017-01-25 15:20:39	(5.1.4 fh@daniel.ipg 2017-01-25 15:20:20)
SIM	1521810574	Linnea	Jeder	test	0	27.137	292.433
SIM	1521810819	Linnea	Jeder	test	0	45.003	0.00197448
SIM	1521810845	Linnea	Jeder	test	0	45.003	260.159
SIM	1521810887	Linnea	Jeder	test	0	45.003	260.159


SYSTEM_START	-	Linnea	Linnea	2018-03-23 14:52:54


SYSTEM_INFO	CarMaker 5.1.4 - Car_Generic #50	fh@daniel.ipg 2017-01-25 15:23:24	(5.1.4 fh@daniel.ipg 2017-01-25 15:21:49)
SIM	1521813176	Linnea	Jeder	test	0	27.142	292.416


SYSTEM_START	-	Linnea	Linnea	2018-03-23 15:01:12


SYSTEM_INFO	CarMaker 5.1.4 - Car_Generic #50	fh@daniel.ipg 2017-01-25 15:23:24	(5.1.4 fh@daniel.ipg 2017-01-25 15:21:49)
SIM	1521813673	Linnea	Jeder	test	0	0	0


SYSTEM_START	-	Linnea	Linnea	2018-03-23 15:02:45


SYSTEM_INFO	CarMaker 5.1.4 - Car_Generic #50	fh@daniel.ipg 2017-01-25 15:23:24	(5.1.4 fh@daniel.ipg 2017-01-25 15:21:49)
SIM	1521813765	Linnea	Jeder	test	0	0	0


SYSTEM_START	-	Linnea	Linnea	2018-03-23 15:03:45


SYSTEM_INFO	CarMaker 5.1.4 - Car_Generic #50	fh@daniel.ipg 2017-01-25 15:23:24	(5.1.4 fh@daniel.ipg 2017-01-25 15:21:49)
SIM	1521813825	Linnea	Jeder	test	0	45.005	0.546472


SYSTEM_START	-	Linnea	Linnea	2018-03-23 15:04:14


SYSTEM_INFO	CarMaker 5.1.4 - Car_Generic #50	fh@daniel.ipg 2017-01-25 15:23:24	(5.1.4 fh@daniel.ipg 2017-01-25 15:21:49)
SIM	1521813855	Linnea	Jeder	test	0	45.005	0.546472


SYSTEM_START	-	Linnea	Linnea	2018-03-23 15:05:46


SYSTEM_INFO	CarMaker 5.1.4 - Car_Generic #50	fh@daniel.ipg 2017-01-25 15:23:24	(5.1.4 fh@daniel.ipg 2017-01-25 15:21:49)
SIM	1521813946	Linnea	Jeder	test	0	36.911	0.546442


SYSTEM_START	-	Linnea	Linnea	2018-03-23 15:06:31


SYSTEM_INFO	CarMaker 5.1.4 - Car_Generic #50	fh@daniel.ipg 2017-01-25 15:23:24	(5.1.4 fh@daniel.ipg 2017-01-25 15:21:49)
SIM	1521813991	Linnea	Jeder	test	0	45.005	36.8821


SYSTEM_START	-	Linnea	Linnea	2018-03-23 15:07:12


SYSTEM_INFO	CarMaker 5.1.4 - Car_Generic #50	fh@daniel.ipg 2017-01-25 15:23:24	(5.1.4 fh@daniel.ipg 2017-01-25 15:21:49)
SIM	1521814032	Linnea	Jeder	test	0	45.005	36.8821


SYSTEM_START	-	Linnea	Linnea	2018-03-23 15:08:11


SYSTEM_INFO	CarMaker 5.1.4 - Car_Generic #50	fh@daniel.ipg 2017-01-25 15:23:24	(5.1.4 fh@daniel.ipg 2017-01-25 15:21:49)
SIM	1521814091	Linnea	Jeder	test	0	30.303	292.422


SYSTEM_START	-	Linnea	Linnea	2018-03-23 15:08:55


SYSTEM_INFO	CarMaker 5.1.4 - Car_Generic #50	fh@daniel.ipg 2017-01-25 15:23:24	(5.1.4 fh@daniel.ipg 2017-01-25 15:21:49)
SIM	1521814135	Linnea	Jeder	test	0	30.303	292.422


SYSTEM_START	-	Linnea	Linnea	2018-03-23 15:10:16


SYSTEM_INFO	CarMaker 5.1.4 - Car_Generic #50	fh@daniel.ipg 2017-01-25 15:23:24	(5.1.4 fh@daniel.ipg 2017-01-25 15:21:49)
SIM	1521814217	Linnea	Jeder	test	2	0	0


SYSTEM_START	-	Linnea	Linnea	2018-03-23 15:10:46


SYSTEM_INFO	CarMaker 5.1.4 - Car_Generic #50	fh@daniel.ipg 2017-01-25 15:23:24	(5.1.4 fh@daniel.ipg 2017-01-25 15:21:49)
SIM	1521814250	Linnea	Jeder	test	0	45.005	372.214


SYSTEM_START	-	Linnea	Linnea	2018-03-23 15:11:23


SYSTEM_INFO	CarMaker 5.1.4 - Car_Generic #50	fh@daniel.ipg 2017-01-25 15:23:24	(5.1.4 fh@daniel.ipg 2017-01-25 15:21:49)
SIM	1521814283	Linnea	Jeder	test	0	95.007	1067.24


SYSTEM_START	-	Linnea	Linnea	2018-03-23 15:16:56


SYSTEM_INFO	CarMaker 5.1.4 - Car_Generic #50	fh@daniel.ipg 2017-01-25 15:23:24	(5.1.4 fh@daniel.ipg 2017-01-25 15:21:49)
SIM	1521814616	Linnea	Jeder	test	0	95.007	1067.24


SYSTEM_START	-	Linnea	Linnea	2018-03-26 15:13:13


SYSTEM_INFO	CarMaker 5.1.4 - Car_Generic #49	fh@daniel.ipg 2017-01-25 15:20:39	(5.1.4 fh@daniel.ipg 2017-01-25 15:20:20)
SIM	1522069996	Linnea	Jeder	test	0	45.003	158.135
SIM	1522070025	Linnea	Jeder	test	0	26.61	292.434
SIM	1522070033	Linnea	Jeder	test	0	26.61	292.434
SIM	1522070072	Linnea	Jeder	test	0	58.506	292.537
SIM	1522071799	Linnea	Jeder	test	0	30.152	309.378
SIM	1522071846	Linnea	Jeder	test	0	28.82	308.482


SYSTEM_START	-	Linnea	Linnea	2018-03-26 16:28:44


SYSTEM_INFO	CarMaker 5.1.4 - Car_Generic #49	fh@daniel.ipg 2017-01-25 15:20:39	(5.1.4 fh@daniel.ipg 2017-01-25 15:20:20)
SIM	1522074525	Linnea	Jeder	test	1	18.309	155.015
SIM	1522074549	Linnea	Jeder	test	1	18.309	155.015
SIM	1522074590	Linnea	Jeder	test	0	28.087	293.431
SIM	1522074764	Linnea	Jeder	test	1	18.309	155.015
SIM	1522074841	Linnea	Jeder	test	0	28.087	293.431
SIM	1522074852	Linnea	Jeder	test	0	28.087	293.431
SIM	1522075054	Linnea	Jeder	test	0	28.087	293.431
SIM	1522075199	Linnea	Jeder	test	1	18.309	155.015
SIM	1522075208	Linnea	Jeder	test	1	18.309	155.015
SIM	1522075602	Linnea	Jeder	test	1	18.309	155.015
SIM	1522075642	Linnea	Jeder	test	0	27.133	292.456
SIM	1522075690	Linnea	Jeder	test	1	18.309	155.015
SIM	1522076116	Linnea	Jeder	test	0	28.881	290.749


SYSTEM_START	-	Linnea	Linnea	2018-03-27 09:11:22


SYSTEM_INFO	CarMaker 5.1.4 - Car_Generic #49	fh@daniel.ipg 2017-01-25 15:20:39	(5.1.4 fh@daniel.ipg 2017-01-25 15:20:20)
SIM	1522134683	Linnea	Jeder	test	0	28.087	293.431
SIM	1522134979	Linnea	Jeder	test	0	28.881	290.749
SIM	1522135072	Linnea	Jeder	test	0	28.881	290.749
SIM	1522136740	Linnea	Jeder	test	1	46.48	116.347
SIM	1522136773	Linnea	Jeder	test	0	98.949	638.914
SIM	1522136880	Linnea	Jeder	test	0	20.154	191.161
SIM	1522137820	Linnea	Jeder	test	0	28.884	290.766


SYSTEM_START	-	Linnea	Linnea	2018-03-27 14:53:35


SYSTEM_INFO	CarMaker 5.1.4 - Car_Generic #49	fh@daniel.ipg 2017-01-25 15:20:39	(5.1.4 fh@daniel.ipg 2017-01-25 15:20:20)
SIM	1522155216	Linnea	Jeder	test	0	28.087	293.431
SIM	1522155269	Linnea	Jeder	test	0	28.884	290.766


SYSTEM_START	-	Linnea	Linnea	2018-03-27 15:19:19


SYSTEM_INFO	CarMaker 5.1.4 - Car_Generic #49	fh@daniel.ipg 2017-01-25 15:20:39	(5.1.4 fh@daniel.ipg 2017-01-25 15:20:20)
SIM	1522156761	Linnea	Jeder	test	0	28.884	290.766


SYSTEM_START	-	Linnea	Linnea	2018-03-27 15:20:53


SYSTEM_INFO	CarMaker 5.1.4 - Car_Generic #50	fh@daniel.ipg 2017-01-25 15:23:24	(5.1.4 fh@daniel.ipg 2017-01-25 15:21:49)
SIM	1522156854	Linnea	Jeder	test	0	315.006	0.154084


SYSTEM_START	-	Linnea	Linnea	2018-03-27 15:23:12


SYSTEM_INFO	CarMaker 5.1.4 - Car_Generic #50	fh@daniel.ipg 2017-01-25 15:23:24	(5.1.4 fh@daniel.ipg 2017-01-25 15:21:49)
SIM	1522156992	Linnea	Jeder	test	0	277.509	0.128258


SYSTEM_START	-	Linnea	Linnea	2018-03-27 15:24:33


SYSTEM_INFO	CarMaker 5.1.4 - Car_Generic #50	fh@daniel.ipg 2017-01-25 15:23:24	(5.1.4 fh@daniel.ipg 2017-01-25 15:21:49)
SIM	1522157073	Linnea	Jeder	test	0	315.006	0.151835


SYSTEM_START	-	Linnea	Linnea	2018-03-27 15:29:56


SYSTEM_INFO	CarMaker 5.1.4 - Car_Generic #49	fh@daniel.ipg 2017-01-25 15:20:39	(5.1.4 fh@daniel.ipg 2017-01-25 15:20:20)
SIM	1522157397	Linnea	Jeder	test	0	28.884	290.766
SIM	1522157420	Linnea	Jeder	test	0	28.884	290.766


SYSTEM_START	-	Linnea	Linnea	2018-03-27 15:31:15


SYSTEM_INFO	CarMaker 5.1.4 - Car_Generic #50	fh@daniel.ipg 2017-01-25 15:23:24	(5.1.4 fh@daniel.ipg 2017-01-25 15:21:49)
SIM	1522157475	Linnea	Jeder	test	0	73.41	290.777


SYSTEM_START	-	Linnea	Linnea	2018-03-27 17:49:43


SYSTEM_INFO	CarMaker 5.1.4 - Car_Generic #50	fh@daniel.ipg 2017-01-25 15:23:24	(5.1.4 fh@daniel.ipg 2017-01-25 15:21:49)
SIM	1522165783	Linnea	Jeder	test	0	73.41	290.777


SYSTEM_START	-	Linnea	Linnea	2018-03-27 17:53:20


SYSTEM_INFO	CarMaker 5.1.4 - Car_Generic #50	fh@daniel.ipg 2017-01-25 15:23:24	(5.1.4 fh@daniel.ipg 2017-01-25 15:21:49)
SIM	1522166000	Linnea	Jeder	test	1	17.998	141.306


SYSTEM_START	-	Linnea	Linnea	2018-03-27 17:53:37


SYSTEM_INFO	CarMaker 5.1.4 - Car_Generic #50	fh@daniel.ipg 2017-01-25 15:23:24	(5.1.4 fh@daniel.ipg 2017-01-25 15:21:49)
SIM	1522166017	Linnea	Jeder	test	1	17.998	141.306


SYSTEM_START	-	Linnea	Linnea	2018-03-27 18:06:41


SYSTEM_INFO	CarMaker 5.1.4 - Car_Generic #50	fh@daniel.ipg 2017-01-25 15:23:24	(5.1.4 fh@daniel.ipg 2017-01-25 15:21:49)
SIM	1522166801	Linnea	Jeder	test	1	17.998	141.306


SYSTEM_START	-	Linnea	Linnea	2018-03-27 18:07:02


SYSTEM_INFO	CarMaker 5.1.4 - Car_Generic #50	fh@daniel.ipg 2017-01-25 15:23:24	(5.1.4 fh@daniel.ipg 2017-01-25 15:21:49)
SIM	1522166822	Linnea	Jeder	test	0	73.41	290.777


SYSTEM_START	-	Linnea	Linnea	2018-03-27 18:08:49


SYSTEM_INFO	CarMaker 5.1.4 - Car_Generic #50	fh@daniel.ipg 2017-01-25 15:23:24	(5.1.4 fh@daniel.ipg 2017-01-25 15:21:49)
SIM	1522166929	Linnea	Jeder	test	0	73.41	290.777


SYSTEM_START	-	Linnea	Linnea	2018-03-27 18:09:47


SYSTEM_INFO	CarMaker 5.1.4 - Car_Generic #50	fh@daniel.ipg 2017-01-25 15:23:24	(5.1.4 fh@daniel.ipg 2017-01-25 15:21:49)
SIM	1522166987	Linnea	Jeder	test	0	73.41	290.777


SYSTEM_START	-	Linnea	Linnea	2018-03-27 18:13:16


SYSTEM_INFO	CarMaker 5.1.4 - Car_Generic #50	fh@daniel.ipg 2017-01-25 15:23:24	(5.1.4 fh@daniel.ipg 2017-01-25 15:21:49)
SIM	1522167196	Linnea	Jeder	test	0	104.767	7.47992


SYSTEM_START	-	Linnea	Linnea	2018-03-27 18:14:26


SYSTEM_INFO	CarMaker 5.1.4 - Car_Generic #50	fh@daniel.ipg 2017-01-25 15:23:24	(5.1.4 fh@daniel.ipg 2017-01-25 15:21:49)
SIM	1522167266	Linnea	Jeder	test	0	240.971	7.51016


SYSTEM_START	-	Linnea	Linnea	2018-03-27 18:15:37


SYSTEM_INFO	CarMaker 5.1.4 - Car_Generic #50	fh@daniel.ipg 2017-01-25 15:23:24	(5.1.4 fh@daniel.ipg 2017-01-25 15:21:49)
SIM	1522167338	Linnea	Jeder	test	0	73.41	290.777


SYSTEM_START	-	Linnea	Linnea	2018-03-27 18:16:23


SYSTEM_INFO	CarMaker 5.1.4 - Car_Generic #50	fh@daniel.ipg 2017-01-25 15:23:24	(5.1.4 fh@daniel.ipg 2017-01-25 15:21:49)
SIM	1522167383	Linnea	Jeder	test	0	28.889	290.755


SYSTEM_START	-	Linnea	Linnea	2018-03-27 18:29:51


SYSTEM_INFO	CarMaker 5.1.4 - Car_Generic #50	fh@daniel.ipg 2017-01-25 15:23:24	(5.1.4 fh@daniel.ipg 2017-01-25 15:21:49)
SIM	1522168191	Linnea	Jeder	test	0	30.875	290.769


SYSTEM_START	-	Linnea	Linnea	2018-03-27 18:32:29


SYSTEM_INFO	CarMaker 5.1.4 - Car_Generic #50	fh@daniel.ipg 2017-01-25 15:23:24	(5.1.4 fh@daniel.ipg 2017-01-25 15:21:49)
SIM	1522168349	Linnea	Jeder	test	0	30.875	290.769


SYSTEM_START	-	Linnea	Linnea	2018-03-27 18:32:47


SYSTEM_INFO	CarMaker 5.1.4 - Car_Generic #50	fh@daniel.ipg 2017-01-25 15:23:24	(5.1.4 fh@daniel.ipg 2017-01-25 15:21:49)
SIM	1522168367	Linnea	Jeder	test	0	28.889	290.755


SYSTEM_START	-	Linnea	Linnea	2018-03-27 18:33:25


SYSTEM_INFO	CarMaker 5.1.4 - Car_Generic #50	fh@daniel.ipg 2017-01-25 15:23:24	(5.1.4 fh@daniel.ipg 2017-01-25 15:21:49)
SIM	1522168405	Linnea	Jeder	test	0	28.889	290.755


SYSTEM_START	-	Linnea	Linnea	2018-03-27 18:35:12


SYSTEM_INFO	CarMaker 5.1.4 - Car_Generic #50	fh@daniel.ipg 2017-01-25 15:23:24	(5.1.4 fh@daniel.ipg 2017-01-25 15:21:49)
SIM	1522168512	Linnea	Jeder	test	0	28.889	290.755


SYSTEM_START	-	Linnea	Linnea	2018-03-27 18:39:07


SYSTEM_INFO	CarMaker 5.1.4 - Car_Generic #50	fh@daniel.ipg 2017-01-25 15:23:24	(5.1.4 fh@daniel.ipg 2017-01-25 15:21:49)
SIM	1522168747	Linnea	Jeder	test	0	28.889	290.755


SYSTEM_START	-	Linnea	Linnea	2018-03-27 18:46:23


SYSTEM_INFO	CarMaker 5.1.4 - Car_Generic #50	fh@daniel.ipg 2017-01-25 15:23:24	(5.1.4 fh@daniel.ipg 2017-01-25 15:21:49)
SIM	1522169183	Linnea	Jeder	test	0	0	0


SYSTEM_START	-	Linnea	Linnea	2018-03-27 18:46:51


SYSTEM_INFO	CarMaker 5.1.4 - Car_Generic #50	fh@daniel.ipg 2017-01-25 15:23:24	(5.1.4 fh@daniel.ipg 2017-01-25 15:21:49)
SIM	1522169211	Linnea	Jeder	test	0	0	0


SYSTEM_START	-	Linnea	Linnea	2018-03-27 18:47:41


SYSTEM_INFO	CarMaker 5.1.4 - Car_Generic #50	fh@daniel.ipg 2017-01-25 15:23:24	(5.1.4 fh@daniel.ipg 2017-01-25 15:21:49)
SIM	1522169261	Linnea	Jeder	test	0	0	0


SYSTEM_START	-	Linnea	Linnea	2018-03-27 18:54:34


SYSTEM_INFO	CarMaker 5.1.4 - Car_Generic #50	fh@daniel.ipg 2017-01-25 15:23:24	(5.1.4 fh@daniel.ipg 2017-01-25 15:21:49)
SIM	1522169674	Linnea	Jeder	test	0	0	0


SYSTEM_START	-	Linnea	Linnea	2018-03-27 19:00:36


SYSTEM_INFO	CarMaker 5.1.4 - Car_Generic #50	fh@daniel.ipg 2017-01-25 15:23:24	(5.1.4 fh@daniel.ipg 2017-01-25 15:21:49)
SIM	1522170036	Linnea	Jeder	test	0	27.761	266.071


SYSTEM_START	-	Linnea	Linnea	2018-03-27 19:01:03


SYSTEM_INFO	CarMaker 5.1.4 - Car_Generic #50	fh@daniel.ipg 2017-01-25 15:23:24	(5.1.4 fh@daniel.ipg 2017-01-25 15:21:49)
SIM	1522170063	Linnea	Jeder	test	0	28.889	290.755


SYSTEM_START	-	Linnea	Linnea	2018-04-04 11:24:47


SYSTEM_INFO	CarMaker 5.1.4 - Car_Generic #49	fh@daniel.ipg 2017-01-25 15:20:39	(5.1.4 fh@daniel.ipg 2017-01-25 15:20:20)
SIM	1522833888	Linnea	Jeder	DCP_Final	0	50.002	652.642
SIM	1522833909	Linnea	Jeder	DCP_Final	2	0	652.642
SIM	1522834034	Linnea	Jeder	DCP_Final	2	0	0
SIM	1522834111	Linnea	Jeder	DCP_Final	2	0	0
SIM	1522834271	Linnea	Jeder	DCP_Final	2	0	0
SIM	1522834323	Linnea	Jeder	test	0	28.884	290.766
SIM	1522834354	Linnea	Jeder	test	0	28.884	290.766
SIM	1522835723	Linnea	Jeder	test	0	28.884	290.766
SIM	1522835734	Linnea	Jeder	test	0	28.884	290.766
SIM	1522835833	Linnea	Jeder	test	0	28.884	290.766
SIM	1522835903	Linnea	Jeder	test	0	28.884	290.766
SIM	1522836156	Linnea	Jeder	test	0	28.816	290.754
SIM	1522843363	Linnea	Jeder	test	0	28.816	290.754
SIM	1522843376	Linnea	Jeder	test	0	28.816	290.754
SIM	1522843394	Linnea	Jeder	test	0	28.816	290.754


SYSTEM_START	-	Linnea	Linnea	2018-04-04 14:11:37


SYSTEM_INFO	CarMaker 5.1.4 - Car_Generic #50	fh@daniel.ipg 2017-01-25 15:23:24	(5.1.4 fh@daniel.ipg 2017-01-25 15:21:49)
SIM	1522843897	Linnea	Jeder	test	1	11.458	150.2


SYSTEM_START	-	Linnea	Linnea	2018-04-04 14:13:23


SYSTEM_INFO	CarMaker 5.1.4 - Car_Generic #50	fh@daniel.ipg 2017-01-25 15:23:24	(5.1.4 fh@daniel.ipg 2017-01-25 15:21:49)
SIM	1522844003	Linnea	Jeder	test	0	42.6	0.00116222


SYSTEM_START	-	Linnea	Linnea	2018-04-04 14:13:51


SYSTEM_INFO	CarMaker 5.1.4 - Car_Generic #50	fh@daniel.ipg 2017-01-25 15:23:24	(5.1.4 fh@daniel.ipg 2017-01-25 15:21:49)
SIM	1522844031	Linnea	Jeder	test	0	40.608	0.0282204


SYSTEM_START	-	Linnea	Linnea	2018-04-04 14:14:28


SYSTEM_INFO	CarMaker 5.1.4 - Car_Generic #50	fh@daniel.ipg 2017-01-25 15:23:24	(5.1.4 fh@daniel.ipg 2017-01-25 15:21:49)
SIM	1522844068	Linnea	Jeder	test	0	28.889	290.755


SYSTEM_START	-	Linnea	Linnea	2018-04-04 14:15:03


SYSTEM_INFO	CarMaker 5.1.4 - Car_Generic #50	fh@daniel.ipg 2017-01-25 15:23:24	(5.1.4 fh@daniel.ipg 2017-01-25 15:21:49)
SIM	1522844103	Linnea	Jeder	test	0	233.5	290.938


SYSTEM_START	-	Linnea	Linnea	2018-04-04 14:16:43


SYSTEM_INFO	CarMaker 5.1.4 - Car_Generic #50	fh@daniel.ipg 2017-01-25 15:23:24	(5.1.4 fh@daniel.ipg 2017-01-25 15:21:49)
SIM	1522844203	Linnea	Jeder	test	0	233.5	290.938


SYSTEM_START	-	Linnea	Linnea	2018-04-04 14:18:43


SYSTEM_INFO	CarMaker 5.1.4 - Car_Generic #50	fh@daniel.ipg 2017-01-25 15:23:24	(5.1.4 fh@daniel.ipg 2017-01-25 15:21:49)
SIM	1522844323	Linnea	Jeder	test	0	73.41	290.777


SYSTEM_START	-	Linnea	Linnea	2018-04-06 10:00:48


SYSTEM_START	-	Linnea	Linnea	2018-04-06 10:00:48


SYSTEM_INFO	CarMaker 5.1.4 - Car_Generic #49	fh@daniel.ipg 2017-01-25 15:20:39	(5.1.4 fh@daniel.ipg 2017-01-25 15:20:20)


SYSTEM_INFO	CarMaker 5.1.4 - Car_Generic #49	fh@daniel.ipg 2017-01-25 15:20:39	(5.1.4 fh@daniel.ipg 2017-01-25 15:20:20)
SIM	1523001668	Linnea	Jeder	test	0	28.816	290.754


SYSTEM_START	-	Linnea	Linnea	2018-04-06 10:58:33


SYSTEM_INFO	CarMaker 5.1.4 - Car_Generic #50	fh@daniel.ipg 2017-01-25 15:23:24	(5.1.4 fh@daniel.ipg 2017-01-25 15:21:49)
SIM	1523005114	Linnea	Jeder	test	1	173.491	1490.87


SYSTEM_START	-	Linnea	Linnea	2018-04-06 11:28:30


SYSTEM_INFO	CarMaker 5.1.4 - Car_Generic #50	fh@daniel.ipg 2017-01-25 15:23:24	(5.1.4 fh@daniel.ipg 2017-01-25 15:21:49)
SIM	1523006910	Linnea	Jeder	test	1	173.49	1490.86


SYSTEM_START	-	Linnea	Linnea	2018-04-06 11:29:34


SYSTEM_INFO	CarMaker 5.1.4 - Car_Generic #50	fh@daniel.ipg 2017-01-25 15:23:24	(5.1.4 fh@daniel.ipg 2017-01-25 15:21:49)
SIM	1523006974	Linnea	Jeder	test	0	300.004	1290.39


SYSTEM_START	-	Linnea	Linnea	2018-04-06 11:37:23


SYSTEM_INFO	CarMaker 5.1.4 - Car_Generic #50	fh@daniel.ipg 2017-01-25 15:23:24	(5.1.4 fh@daniel.ipg 2017-01-25 15:21:49)
SIM	1523007443	Linnea	Jeder	test	0	300.004	1290.39


SYSTEM_START	-	Linnea	Linnea	2018-04-06 11:39:47


SYSTEM_INFO	CarMaker 5.1.4 - Car_Generic #50	fh@daniel.ipg 2017-01-25 15:23:24	(5.1.4 fh@daniel.ipg 2017-01-25 15:21:49)
SIM	1523007587	Linnea	Jeder	DCP_Final	2	0	0


SYSTEM_START	-	Linnea	Linnea	2018-04-06 13:17:04


SYSTEM_INFO	CarMaker 5.1.4 - Car_Generic #49	fh@daniel.ipg 2017-01-25 15:20:39	(5.1.4 fh@daniel.ipg 2017-01-25 15:20:20)
SIM	1523013428	Linnea	Jeder	test	0	58.11	1513.38
SIM	1523014694	Linnea	Jeder	test	0	143.406	2990.83
SIM	1523015740	Linnea	Jeder	test	0	143.406	2990.83
SIM	1523015787	Linnea	Jeder	test	0	143.406	2990.83
SIM	1523015843	Linnea	Jeder	test	1	53.522	1494.87
SIM	1523016320	Linnea	Jeder	test	0	143.406	2990.83
SIM	1523016633	Linnea	Jeder	DCP_Final	0	50.002	652.642


SYSTEM_START	-	Linnea	Linnea	2018-04-09 14:35:16


SYSTEM_INFO	CarMaker 5.1.4 - Car_Generic #49	fh@daniel.ipg 2017-01-25 15:20:39	(5.1.4 fh@daniel.ipg 2017-01-25 15:20:20)
SIM	1523277318	Linnea	Jeder	test	0	252.977	2990.78
SIM	1523277620	Linnea	Jeder	test	0	29.997	290.766
SIM	1523278326	Linnea	Jeder	test	0	31.272	290.814
