APPLICATION	CarMaker 5.0.3 - Car_Generic #632 (5.0.3)
COMPILED	fh@daniel.ipg 2016-01-12 20:31:38
FIRST_INIT	(internal default used)	2016-04-21 20:20:59
TIME	0.000
IDLE	20:21:00
SIM_START	DCP_Final	2016-04-21 20:21:00
TIME	0.000
SIMULATE	DCP_Final

TIME	32.838
SIM_END		DCP_Final	32.829s	428.439m
SIM_START	DCP_Final	2016-04-21 20:21:14
TIME	0.000
SIMULATE	DCP_Final

TIME	23.005
SIM_END		DCP_Final	22.996s	300.063m
SIM_START	DCP_Final	2016-04-21 20:21:19
TIME	0.000
SIMULATE	DCP_Final

TIME	50.011
SIM_END		DCP_Final	50.002s	652.642m
