APPLICATION	CarMaker 5.0.3 - Car_Generic #632 (5.0.3)
COMPILED	fh@daniel.ipg 2016-01-12 20:31:38
FIRST_INIT	(internal default used)	2016-05-09 18:33:20
TIME	0.000
IDLE	18:33:21
SIM_START	DCP_Final	2016-05-09 18:33:21
TIME	0.000
SIMULATE	DCP_Final

TIME	50.011
SIM_END		DCP_Final	50.002s	652.642m
SIM_START	DCP_Final	2016-05-09 18:33:31
TIME	0.000
SIMULATE	DCP_Final

TIME	50.011
SIM_END		DCP_Final	50.002s	652.642m
TIME	62.700
SIM_START	DCP_Final	2016-05-09 18:35:43
TIME	0.000
SIMULATE	DCP_Final

TIME	50.011
SIM_END		DCP_Final	50.002s	652.642m
TIME	53.671
SIM_START	DCP_Final	2016-05-09 18:36:25
TIME	0.000
SIMULATE	DCP_Final

TIME	43.404
SIM_END		DCP_Final	43.395s	566.384m
TIME	45.909
SHUTDOWN	CarMaker quick shutdown initiated

