APPLICATION	CarMaker 5.0.3 - Car_Generic #111 (5.0.3)
COMPILED	fh@daniel.ipg 2016-01-12 20:34:29
SIM_START	DCP_TestRun2	2016-03-24 08:33:06
TIME	0.000
SIMULATE	DCP_TestRun2

TIME	14.383
SIM_END		DCP_TestRun2	14.379s	151.332m
APPLICATION	CarMaker 5.0.3 - Car_Generic #111 (5.0.3)
COMPILED	fh@daniel.ipg 2016-01-12 20:34:29
SIM_START	DCP_TestRun2	2016-03-24 08:40:02
TIME	0.000
SIMULATE	DCP_TestRun2

TIME	50.005
SIM_END		DCP_TestRun2	50.004s	616.96m
APPLICATION	CarMaker 5.0.3 - Car_Generic #111 (5.0.3)
COMPILED	fh@daniel.ipg 2016-01-12 20:34:29
SIM_START	DCP_TestRun2	2016-03-24 08:40:27
TIME	0.000
SIMULATE	DCP_TestRun2

TIME	10.717
SIM_END		DCP_TestRun2	10.713s	103.486m
APPLICATION	CarMaker 5.0.3 - Car_Generic #111 (5.0.3)
COMPILED	fh@daniel.ipg 2016-01-12 20:34:29
SIM_START	DCP_TestRun2	2016-03-24 08:41:44
TIME	0.000
SIMULATE	DCP_TestRun2

TIME	18.455
SIM_END		DCP_TestRun2	18.451s	204.493m
APPLICATION	CarMaker 5.0.3 - Car_Generic #111 (5.0.3)
COMPILED	fh@daniel.ipg 2016-01-12 20:34:29
SIM_START	DCP_TestRun2	2016-03-24 08:43:58
TIME	0.000
SIMULATE	DCP_TestRun2

TIME	50.005
SIM_END		DCP_TestRun2	50.004s	616.96m
APPLICATION	CarMaker 5.0.3 - Car_Generic #111 (5.0.3)
COMPILED	fh@daniel.ipg 2016-01-12 20:34:29
SIM_START	DCP_TestRun2	2016-03-24 08:45:03
TIME	0.000
SIMULATE	DCP_TestRun2

TIME	15.504
SIM_END		DCP_TestRun2	15.5s	165.967m
APPLICATION	CarMaker 5.0.3 - Car_Generic #111 (5.0.3)
COMPILED	fh@daniel.ipg 2016-01-12 20:34:29
SIM_START	DCP_TestRun2	2016-03-24 08:46:07
TIME	0.000
SIMULATE	DCP_TestRun2

TIME	15.504
SIM_END		DCP_TestRun2	15.5s	165.967m
APPLICATION	CarMaker 5.0.3 - Car_Generic #111 (5.0.3)
COMPILED	fh@daniel.ipg 2016-01-12 20:34:29
SIM_START	DCP_TestRun2	2016-03-24 08:46:40
TIME	0.000
SIMULATE	DCP_TestRun2

TIME	15.504
SIM_END		DCP_TestRun2	15.5s	165.967m
APPLICATION	CarMaker 5.0.3 - Car_Generic #111 (5.0.3)
COMPILED	fh@daniel.ipg 2016-01-12 20:34:29
SIM_START	DCP_TestRun2	2016-03-24 08:47:11
TIME	0.000
SIMULATE	DCP_TestRun2

TIME	15.504
SIM_END		DCP_TestRun2	15.5s	165.967m
APPLICATION	CarMaker 5.0.3 - Car_Generic #111 (5.0.3)
COMPILED	fh@daniel.ipg 2016-01-12 20:34:29
SIM_START	DCP_TestRun2	2016-03-24 08:51:00
TIME	0.000
SIMULATE	DCP_TestRun2

TIME	15.504
SIM_END		DCP_TestRun2	15.5s	165.967m
APPLICATION	CarMaker 5.0.3 - Car_Generic #111 (5.0.3)
COMPILED	fh@daniel.ipg 2016-01-12 20:34:29
SIM_START	DCP_TestRun2	2016-03-24 08:53:25
TIME	0.000
SIMULATE	DCP_TestRun2

TIME	15.504
SIM_END		DCP_TestRun2	15.5s	165.967m
APPLICATION	CarMaker 5.0.3 - Car_Generic #111 (5.0.3)
COMPILED	fh@daniel.ipg 2016-01-12 20:34:29
SIM_START	DCP_TestRun2	2016-03-24 08:56:58
TIME	0.000
SIMULATE	DCP_TestRun2

TIME	15.954
SIM_END		DCP_TestRun2	15.95s	171.841m
APPLICATION	CarMaker 5.0.3 - Car_Generic #111 (5.0.3)
COMPILED	fh@daniel.ipg 2016-01-12 20:34:29
SIM_START	DCP_TestRun2	2016-03-24 08:59:28
TIME	0.000
SIMULATE	DCP_TestRun2

TIME	16.054
SIM_END		DCP_TestRun2	16.05s	173.147m
APPLICATION	CarMaker 5.0.3 - Car_Generic #111 (5.0.3)
COMPILED	fh@daniel.ipg 2016-01-12 20:34:29
SIM_START	DCP_TestRun2	2016-03-24 09:00:14
TIME	0.000
SIMULATE	DCP_TestRun2

SIM_END		DCP_TestRun2	0s	0m
