APPLICATION	CarMaker 5.0.3 - Car_Generic #111 (5.0.3)
COMPILED	fh@daniel.ipg 2016-01-12 20:34:29
SIM_START	DCP_TestRun2	2016-03-21 17:06:57
TIME	0.000
SIMULATE	DCP_TestRun2

TIME	19.504
SIM_END		DCP_TestRun2	19.5s	218.97m
APPLICATION	CarMaker 5.0.3 - Car_Generic #111 (5.0.3)
COMPILED	fh@daniel.ipg 2016-01-12 20:34:29
SIM_START	DCP_TestRun2	2016-03-21 17:07:18
TIME	0.000
SIMULATE	DCP_TestRun2

TIME	19.504
SIM_END		DCP_TestRun2	19.5s	218.97m
APPLICATION	CarMaker 5.0.3 - Car_Generic #111 (5.0.3)
COMPILED	fh@daniel.ipg 2016-01-12 20:34:29
SIM_START	DCP_TestRun2	2016-03-21 17:08:02
TIME	0.000
SIMULATE	DCP_TestRun2

TIME	18.204
SIM_END		DCP_TestRun2	18.2s	202.736m
APPLICATION	CarMaker 5.0.3 - Car_Generic #111 (5.0.3)
COMPILED	fh@daniel.ipg 2016-01-12 20:34:29
SIM_START	DCP_TestRun2	2016-03-21 17:09:10
TIME	0.000
SIMULATE	DCP_TestRun2

TIME	20.404
SIM_END		DCP_TestRun2	20.4s	245.554m
