APPLICATION	CarMaker 5.0.3 - Car_Generic #111 (5.0.3)
COMPILED	fh@daniel.ipg 2016-01-12 20:34:29
SIM_START	DCP_TestRun2	2016-03-25 14:19:56
TIME	0.000
SIMULATE	DCP_TestRun2

TIME	15.504
SIM_END		DCP_TestRun2	15.5s	165.967m
APPLICATION	CarMaker 5.0.3 - Car_Generic #111 (5.0.3)
COMPILED	fh@daniel.ipg 2016-01-12 20:34:29
SIM_START	DCP_TestRun2	2016-03-25 14:30:01
TIME	0.000
SIMULATE	DCP_TestRun2

TIME	15.554
SIM_END		DCP_TestRun2	15.55s	166.619m
APPLICATION	CarMaker 5.0.3 - Car_Generic #111 (5.0.3)
COMPILED	fh@daniel.ipg 2016-01-12 20:34:29
SIM_START	DCP_TestRun2	2016-03-25 14:35:13
TIME	0.000
SIMULATE	DCP_TestRun2

TIME	15.504
SIM_END		DCP_TestRun2	15.5s	165.967m
APPLICATION	CarMaker 5.0.3 - Car_Generic #111 (5.0.3)
COMPILED	fh@daniel.ipg 2016-01-12 20:34:29
SIM_START	DCP_TestRun2	2016-03-25 14:35:46
TIME	0.000
SIMULATE	DCP_TestRun2

TIME	15.504
SIM_END		DCP_TestRun2	15.5s	165.967m
APPLICATION	CarMaker 5.0.3 - Car_Generic #111 (5.0.3)
COMPILED	fh@daniel.ipg 2016-01-12 20:34:29
SIM_START	DCP_TestRun2	2016-03-25 14:37:00
TIME	0.000
SIMULATE	DCP_TestRun2

TIME	15.504
SIM_END		DCP_TestRun2	15.5s	165.967m
APPLICATION	CarMaker 5.0.3 - Car_Generic #111 (5.0.3)
COMPILED	fh@daniel.ipg 2016-01-12 20:34:29
SIM_START	DCP_TestRun2	2016-03-25 14:38:33
TIME	0.000
SIMULATE	DCP_TestRun2

TIME	15.504
SIM_END		DCP_TestRun2	15.5s	165.967m
APPLICATION	CarMaker 5.0.3 - Car_Generic #111 (5.0.3)
COMPILED	fh@daniel.ipg 2016-01-12 20:34:29
SIM_START	DCP_TestRun2	2016-03-25 14:39:49
TIME	0.000
SIMULATE	DCP_TestRun2

TIME	15.504
SIM_END		DCP_TestRun2	15.5s	165.967m
APPLICATION	CarMaker 5.0.3 - Car_Generic #111 (5.0.3)
COMPILED	fh@daniel.ipg 2016-01-12 20:34:29
SIM_START	DCP_TestRun2	2016-03-25 14:46:57
TIME	0.000
SIMULATE	DCP_TestRun2

TIME	15.504
SIM_END		DCP_TestRun2	15.5s	165.967m
APPLICATION	CarMaker 5.0.3 - Car_Generic #111 (5.0.3)
COMPILED	fh@daniel.ipg 2016-01-12 20:34:29
SIM_START	DCP_TestRun2	2016-03-25 14:48:16
TIME	0.000
SIMULATE	DCP_TestRun2

TIME	15.504
SIM_END		DCP_TestRun2	15.5s	165.967m
APPLICATION	CarMaker 5.0.3 - Car_Generic #111 (5.0.3)
COMPILED	fh@daniel.ipg 2016-01-12 20:34:29
SIM_START	DCP_TestRun2	2016-03-25 14:50:04
TIME	0.000
SIMULATE	DCP_TestRun2

TIME	15.954
SIM_END		DCP_TestRun2	15.95s	171.796m
APPLICATION	CarMaker 5.0.3 - Car_Generic #111 (5.0.3)
COMPILED	fh@daniel.ipg 2016-01-12 20:34:29
SIM_START	DCP_TestRun2	2016-03-25 14:51:50
TIME	0.000
SIMULATE	DCP_TestRun2

TIME	50.005
SIM_END		DCP_TestRun2	50.004s	253.266m
APPLICATION	CarMaker 5.0.3 - Car_Generic #111 (5.0.3)
COMPILED	fh@daniel.ipg 2016-01-12 20:34:29
SIM_START	DCP_TestRun2	2016-03-25 15:09:58
TIME	0.000
SIMULATE	DCP_TestRun2

TIME	16.054
SIM_END		DCP_TestRun2	16.05s	173.067m
APPLICATION	CarMaker 5.0.3 - Car_Generic #111 (5.0.3)
COMPILED	fh@daniel.ipg 2016-01-12 20:34:29
SIM_START	DCP_TestRun2	2016-03-25 15:14:48
TIME	0.000
SIMULATE	DCP_TestRun2

TIME	16.054
SIM_END		DCP_TestRun2	16.05s	173.067m
APPLICATION	CarMaker 5.0.3 - Car_Generic #111 (5.0.3)
COMPILED	fh@daniel.ipg 2016-01-12 20:34:29
SIM_START	DCP_TestRun2	2016-03-25 15:16:51
TIME	0.000
SIMULATE	DCP_TestRun2

SIM_END		DCP_TestRun2	0s	0m
APPLICATION	CarMaker 5.0.3 - Car_Generic #111 (5.0.3)
COMPILED	fh@daniel.ipg 2016-01-12 20:34:29
SIM_START	DCP_TestRun2	2016-03-25 15:18:22
TIME	0.000
SIMULATE	DCP_TestRun2

SIM_END		DCP_TestRun2	0s	0m
APPLICATION	CarMaker 5.0.3 - Car_Generic #111 (5.0.3)
COMPILED	fh@daniel.ipg 2016-01-12 20:34:29
SIM_START	DCP_TestRun2	2016-03-25 15:18:49
TIME	0.000
SIMULATE	DCP_TestRun2

TIME	16.054
SIM_END		DCP_TestRun2	16.05s	173.067m
APPLICATION	CarMaker 5.0.3 - Car_Generic #111 (5.0.3)
COMPILED	fh@daniel.ipg 2016-01-12 20:34:29
SIM_START	DCP_TestRun2	2016-03-25 15:20:51
TIME	0.000
SIMULATE	DCP_TestRun2

TIME	16.054
SIM_END		DCP_TestRun2	16.05s	173.067m
APPLICATION	CarMaker 5.0.3 - Car_Generic #111 (5.0.3)
COMPILED	fh@daniel.ipg 2016-01-12 20:34:29
SIM_START	DCP_TestRun2	2016-03-25 15:21:56
TIME	0.000
SIMULATE	DCP_TestRun2

TIME	50.005
SIM_END		DCP_TestRun2	50.004s	253.266m
APPLICATION	CarMaker 5.0.3 - Car_Generic #111 (5.0.3)
COMPILED	fh@daniel.ipg 2016-01-12 20:34:29
SIM_START	DCP_TestRun2	2016-03-25 15:22:38
TIME	0.000
SIMULATE	DCP_TestRun2

TIME	15.504
SIM_END		DCP_TestRun2	15.5s	165.967m
APPLICATION	CarMaker 5.0.3 - Car_Generic #111 (5.0.3)
COMPILED	fh@daniel.ipg 2016-01-12 20:34:29
SIM_START	DCP_TestRun2	2016-03-25 15:26:43
TIME	0.000
SIMULATE	DCP_TestRun2

TIME	16.004
SIM_END		DCP_TestRun2	16s	172.494m
APPLICATION	CarMaker 5.0.3 - Car_Generic #111 (5.0.3)
COMPILED	fh@daniel.ipg 2016-01-12 20:34:29
SIM_START	DCP_TestRun2	2016-03-25 15:43:31
TIME	0.000
SIMULATE	DCP_TestRun2

TIME	15.604
SIM_END		DCP_TestRun2	15.6s	167.272m
APPLICATION	CarMaker 5.0.3 - Car_Generic #111 (5.0.3)
COMPILED	fh@daniel.ipg 2016-01-12 20:34:29
SIM_START	DCP_TestRun2	2016-03-25 15:44:07
TIME	0.000
SIMULATE	DCP_TestRun2

TIME	16.004
SIM_END		DCP_TestRun2	16s	172.494m
