APPLICATION	CarMaker 5.0.3 - Car_Generic #111 (5.0.3)
COMPILED	fh@daniel.ipg 2016-01-12 20:34:29
SIM_START	DCP_Final	2016-05-10 08:49:44
TIME	0.000
SIMULATE	DCP_Final

TIME	50.005
SIM_END		DCP_Final	50.004s	673.533m
APPLICATION	CarMaker 5.0.3 - Car_Generic #111 (5.0.3)
COMPILED	fh@daniel.ipg 2016-01-12 20:34:29
SIM_START	DCP_Final	2016-05-10 08:58:40
TIME	0.000
SIMULATE	DCP_Final

TIME	50.005
SIM_END		DCP_Final	50.004s	673.533m
APPLICATION	CarMaker 5.0.3 - Car_Generic #111 (5.0.3)
COMPILED	fh@daniel.ipg 2016-01-12 20:34:29
SIM_START	DCP_Final	2016-05-10 09:00:36
TIME	0.000
SIMULATE	DCP_Final

TIME	50.005
SIM_END		DCP_Final	50.004s	683.705m
APPLICATION	CarMaker 5.0.3 - Car_Generic #111 (5.0.3)
COMPILED	fh@daniel.ipg 2016-01-12 20:34:29
SIM_START	DCP_Final	2016-05-10 09:01:52
TIME	0.000
SIMULATE	DCP_Final

TIME	50.005
SIM_END		DCP_Final	50.004s	660.599m
