APPLICATION	CarMaker 5.0.3 - Car_Generic #111 (5.0.3)
COMPILED	fh@daniel.ipg 2016-01-12 20:34:29
SIM_START	DCP_TestRun2	2016-03-24 15:38:35
TIME	0.000
SIMULATE	DCP_TestRun2

TIME	15.504
SIM_END		DCP_TestRun2	15.5s	165.967m
APPLICATION	CarMaker 5.0.3 - Car_Generic #111 (5.0.3)
COMPILED	fh@daniel.ipg 2016-01-12 20:34:29
SIM_START	DCP_TestRun2	2016-03-24 15:48:49
TIME	0.000
SIMULATE	DCP_TestRun2

APPLICATION	CarMaker 5.0.3 - Car_Generic #111 (5.0.3)
COMPILED	fh@daniel.ipg 2016-01-12 20:34:29
SIM_START	DCP_TestRun2	2016-03-24 15:50:07
TIME	0.000
SIMULATE	DCP_TestRun2

APPLICATION	CarMaker 5.0.3 - Car_Generic #111 (5.0.3)
COMPILED	fh@daniel.ipg 2016-01-12 20:34:29
SIM_START	DCP_TestRun2	2016-03-24 15:51:12
TIME	0.000
SIMULATE	DCP_TestRun2

TIME	15.504
SIM_END		DCP_TestRun2	15.5s	165.967m
APPLICATION	CarMaker 5.0.3 - Car_Generic #111 (5.0.3)
COMPILED	fh@daniel.ipg 2016-01-12 20:34:29
SIM_START	DCP_TestRun2	2016-03-24 15:55:11
TIME	0.000
SIMULATE	DCP_TestRun2

TIME	50.005
SIM_END		DCP_TestRun2	50.004s	253.266m
APPLICATION	CarMaker 5.0.3 - Car_Generic #111 (5.0.3)
COMPILED	fh@daniel.ipg 2016-01-12 20:34:29
SIM_START	DCP_TestRun2	2016-03-24 15:57:00
TIME	0.000
SIMULATE	DCP_TestRun2

TIME	15.504
SIM_END		DCP_TestRun2	15.5s	165.967m
