APPLICATION	CarMaker 5.0.3 - Car_Generic #111 (5.0.3)
COMPILED	fh@daniel.ipg 2016-01-12 20:34:29
SIM_START	DCP_Final	2016-05-02 21:41:48
TIME	0.000
SIMULATE	DCP_Final

TIME	50.005
SIM_END		DCP_Final	50.004s	660.323m
APPLICATION	CarMaker 5.0.3 - Car_Generic #111 (5.0.3)
COMPILED	fh@daniel.ipg 2016-01-12 20:34:29
SIM_START	DCP_Final	2016-05-02 21:51:54
TIME	0.000
SIMULATE	DCP_Final

TIME	50.005
SIM_END		DCP_Final	50.004s	660.323m
APPLICATION	CarMaker 5.0.3 - Car_Generic #111 (5.0.3)
COMPILED	fh@daniel.ipg 2016-01-12 20:34:29
SIM_START	DCP_Final	2016-05-02 22:00:38
TIME	0.000
SIMULATE	DCP_Final

TIME	50.005
SIM_END		DCP_Final	50.004s	660.43m
APPLICATION	CarMaker 5.0.3 - Car_Generic #111 (5.0.3)
COMPILED	fh@daniel.ipg 2016-01-12 20:34:29
SIM_START	DCP_Final	2016-05-02 22:03:03
TIME	0.000
SIMULATE	DCP_Final

TIME	50.005
SIM_END		DCP_Final	50.004s	660.227m
APPLICATION	CarMaker 5.0.3 - Car_Generic #111 (5.0.3)
COMPILED	fh@daniel.ipg 2016-01-12 20:34:29
SIM_START	DCP_Final	2016-05-02 22:21:49
TIME	0.000
SIMULATE	DCP_Final

TIME	50.005
SIM_END		DCP_Final	50.004s	660.227m
APPLICATION	CarMaker 5.0.3 - Car_Generic #111 (5.0.3)
COMPILED	fh@daniel.ipg 2016-01-12 20:34:29
SIM_START	DCP_Final	2016-05-03 08:07:24
TIME	0.000
SIMULATE	DCP_Final

TIME	16.154
SIM_END		DCP_Final	16.15s	210.88m
