APPLICATION	CarMaker 5.0.3 - Car_Generic #111 (5.0.3)
COMPILED	fh@daniel.ipg 2016-01-12 20:34:29
SIM_START	DCP_TestRun2	2016-03-24 14:06:29
TIME	0.000
SIMULATE	DCP_TestRun2

SIM_END		DCP_TestRun2	0s	0m
APPLICATION	CarMaker 5.0.3 - Car_Generic #111 (5.0.3)
COMPILED	fh@daniel.ipg 2016-01-12 20:34:29
SIM_START	DCP_TestRun2	2016-03-24 14:07:31
TIME	0.000
SIMULATE	DCP_TestRun2

SIM_END		DCP_TestRun2	0s	0m
APPLICATION	CarMaker 5.0.3 - Car_Generic #111 (5.0.3)
COMPILED	fh@daniel.ipg 2016-01-12 20:34:29
SIM_START	DCP_TestRun2	2016-03-24 14:10:36
TIME	0.000
SIMULATE	DCP_TestRun2

TIME	16.054
SIM_END		DCP_TestRun2	16.05s	173.147m
APPLICATION	CarMaker 5.0.3 - Car_Generic #111 (5.0.3)
COMPILED	fh@daniel.ipg 2016-01-12 20:34:29
SIM_START	DCP_TestRun2	2016-03-24 14:11:02
TIME	0.000
SIMULATE	DCP_TestRun2

TIME	15.954
SIM_END		DCP_TestRun2	15.95s	171.841m
APPLICATION	CarMaker 5.0.3 - Car_Generic #111 (5.0.3)
COMPILED	fh@daniel.ipg 2016-01-12 20:34:29
SIM_START	DCP_TestRun2	2016-03-24 14:11:28
TIME	0.000
SIMULATE	DCP_TestRun2

TIME	16.054
SIM_END		DCP_TestRun2	16.05s	173.147m
APPLICATION	CarMaker 5.0.3 - Car_Generic #111 (5.0.3)
COMPILED	fh@daniel.ipg 2016-01-12 20:34:29
SIM_START	DCP_TestRun2	2016-03-24 14:19:23
TIME	0.000
SIMULATE	DCP_TestRun2

TIME	16.054
SIM_END		DCP_TestRun2	16.05s	173.147m
APPLICATION	CarMaker 5.0.3 - Car_Generic #111 (5.0.3)
COMPILED	fh@daniel.ipg 2016-01-12 20:34:29
SIM_START	DCP_TestRun2	2016-03-24 14:21:38
TIME	0.000
SIMULATE	DCP_TestRun2

TIME	16.054
SIM_END		DCP_TestRun2	16.05s	173.147m
APPLICATION	CarMaker 5.0.3 - Car_Generic #111 (5.0.3)
COMPILED	fh@daniel.ipg 2016-01-12 20:34:29
SIM_START	DCP_TestRun2	2016-03-24 14:23:23
TIME	0.000
SIMULATE	DCP_TestRun2

TIME	50.005
SIM_END		DCP_TestRun2	50.004s	616.96m
APPLICATION	CarMaker 5.0.3 - Car_Generic #111 (5.0.3)
COMPILED	fh@daniel.ipg 2016-01-12 20:34:29
SIM_START	DCP_TestRun2	2016-03-24 14:25:57
TIME	0.000
SIMULATE	DCP_TestRun2

TIME	15.604
SIM_END		DCP_TestRun2	15.6s	167.272m
APPLICATION	CarMaker 5.0.3 - Car_Generic #111 (5.0.3)
COMPILED	fh@daniel.ipg 2016-01-12 20:34:29
SIM_START	DCP_TestRun2	2016-03-24 14:34:53
TIME	0.000
SIMULATE	DCP_TestRun2

