APPLICATION	CarMaker 5.0.3 - Car_Generic #111 (5.0.3)
COMPILED	fh@daniel.ipg 2016-01-12 20:34:29
SIM_START	DCP_TestRun2	2016-04-15 07:57:19
TIME	0.000
SIMULATE	DCP_TestRun2

TIME	50.005
SIM_END		DCP_TestRun2	50.004s	622.015m
APPLICATION	CarMaker 5.0.3 - Car_Generic #111 (5.0.3)
COMPILED	fh@daniel.ipg 2016-01-12 20:34:29
SIM_START	DCP_TestRun2	2016-04-15 08:00:57
TIME	0.000
SIMULATE	DCP_TestRun2

TIME	50.005
SIM_END		DCP_TestRun2	50.004s	622.015m
APPLICATION	CarMaker 5.0.3 - Car_Generic #111 (5.0.3)
COMPILED	fh@daniel.ipg 2016-01-12 20:34:29
SIM_START	DCP_TestRun2	2016-04-15 08:01:55
TIME	0.000
SIMULATE	DCP_TestRun2

TIME	3.763
SIM_END		DCP_TestRun2	3.759s	16.8471m
APPLICATION	CarMaker 5.0.3 - Car_Generic #111 (5.0.3)
COMPILED	fh@daniel.ipg 2016-01-12 20:34:29
SIM_START	DCP_TestRun2	2016-04-15 08:02:17
TIME	0.000
SIMULATE	DCP_TestRun2

TIME	50.005
SIM_END		DCP_TestRun2	50.004s	622.015m
APPLICATION	CarMaker 5.0.3 - Car_Generic #111 (5.0.3)
COMPILED	fh@daniel.ipg 2016-01-12 20:34:29
SIM_START	DCP_TestRun2	2016-04-15 08:10:40
TIME	0.000
SIMULATE	DCP_TestRun2

TIME	50.005
SIM_END		DCP_TestRun2	50.004s	622.015m
APPLICATION	CarMaker 5.0.3 - Car_Generic #111 (5.0.3)
COMPILED	fh@daniel.ipg 2016-01-12 20:34:29
SIM_START	DCP_TestRun2	2016-04-15 08:16:59
TIME	0.000
SIMULATE	DCP_TestRun2

TIME	50.005
SIM_END		DCP_TestRun2	50.004s	634.728m
APPLICATION	CarMaker 5.0.3 - Car_Generic #111 (5.0.3)
COMPILED	fh@daniel.ipg 2016-01-12 20:34:29
SIM_START	DCP_TestRun2	2016-04-15 08:38:53
TIME	0.000
SIMULATE	DCP_TestRun2

TIME	15.504
SIM_END		DCP_TestRun2	15.5s	165.967m
APPLICATION	CarMaker 5.0.3 - Car_Generic #111 (5.0.3)
COMPILED	fh@daniel.ipg 2016-01-12 20:34:29
SIM_START	DCP_TestRun2	2016-04-15 08:40:18
TIME	0.000
SIMULATE	DCP_TestRun2

TIME	15.504
SIM_END		DCP_TestRun2	15.5s	165.967m
APPLICATION	CarMaker 5.0.3 - Car_Generic #111 (5.0.3)
COMPILED	fh@daniel.ipg 2016-01-12 20:34:29
SIM_START	DCP_TestRun2	2016-04-15 08:43:16
TIME	0.000
SIMULATE	DCP_TestRun2

TIME	15.504
SIM_END		DCP_TestRun2	15.5s	165.967m
APPLICATION	CarMaker 5.0.3 - Car_Generic #111 (5.0.3)
COMPILED	fh@daniel.ipg 2016-01-12 20:34:29
SIM_START	DCP_TestRun2	2016-04-15 08:44:26
TIME	0.000
SIMULATE	DCP_TestRun2

TIME	15.504
SIM_END		DCP_TestRun2	15.5s	165.967m
APPLICATION	CarMaker 5.0.3 - Car_Generic #111 (5.0.3)
COMPILED	fh@daniel.ipg 2016-01-12 20:34:29
SIM_START	DCP_TestRun2	2016-04-15 08:45:13
TIME	0.000
SIMULATE	DCP_TestRun2

TIME	27.404
SIM_END		DCP_TestRun2	27.4s	358.393m
APPLICATION	CarMaker 5.0.3 - Car_Generic #111 (5.0.3)
COMPILED	fh@daniel.ipg 2016-01-12 20:34:29
SIM_START	DCP_TestRun2	2016-04-15 09:28:28
TIME	0.000
SIMULATE	DCP_TestRun2

TIME	27.704
SIM_END		DCP_TestRun2	27.7s	362.308m
APPLICATION	CarMaker 5.0.3 - Car_Generic #111 (5.0.3)
COMPILED	fh@daniel.ipg 2016-01-12 20:34:29
SIM_START	DCP_TestRun2	2016-04-15 09:35:01
TIME	0.000
SIMULATE	DCP_TestRun2

TIME	27.504
SIM_END		DCP_TestRun2	27.5s	338.752m
APPLICATION	CarMaker 5.0.3 - Car_Generic #111 (5.0.3)
COMPILED	fh@daniel.ipg 2016-01-12 20:34:29
SIM_START	DCP_TestRun2	2016-04-15 09:39:00
TIME	0.000
SIMULATE	DCP_TestRun2

TIME	27.504
SIM_END		DCP_TestRun2	27.5s	338.752m
APPLICATION	CarMaker 5.0.3 - Car_Generic #111 (5.0.3)
COMPILED	fh@daniel.ipg 2016-01-12 20:34:29
SIM_START	DCP_TestRun2	2016-04-15 09:45:06
TIME	0.000
SIMULATE	DCP_TestRun2

TIME	27.504
SIM_END		DCP_TestRun2	27.5s	338.752m
APPLICATION	CarMaker 5.0.3 - Car_Generic #111 (5.0.3)
COMPILED	fh@daniel.ipg 2016-01-12 20:34:29
SIM_START	DCP_TestRun2	2016-04-15 09:46:17
TIME	0.000
SIMULATE	DCP_TestRun2

TIME	50.005
SIM_END		DCP_TestRun2	50.004s	632.104m
APPLICATION	CarMaker 5.0.3 - Car_Generic #111 (5.0.3)
COMPILED	fh@daniel.ipg 2016-01-12 20:34:29
SIM_START	DCP_TestRun2	2016-04-15 09:50:07
TIME	0.000
SIMULATE	DCP_TestRun2

SIM_END		DCP_TestRun2	0.342s	0.00629101m
APPLICATION	CarMaker 5.0.3 - Car_Generic #111 (5.0.3)
COMPILED	fh@daniel.ipg 2016-01-12 20:34:29
SIM_START	DCP_TestRun2	2016-04-15 09:50:26
TIME	0.000
SIMULATE	DCP_TestRun2

TIME	50.005
SIM_END		DCP_TestRun2	50.004s	631.112m
