APPLICATION	CarMaker 5.0.3 - Car_Generic #111 (5.0.3)
COMPILED	fh@daniel.ipg 2016-01-12 20:34:29
SIM_START	DCP_TestRun2	2016-04-13 15:57:08
TIME	0.000
SIMULATE	DCP_TestRun2

TIME	22.004
SIM_END		DCP_TestRun2	22s	250.98m
APPLICATION	CarMaker 5.0.3 - Car_Generic #111 (5.0.3)
COMPILED	fh@daniel.ipg 2016-01-12 20:34:29
SIM_START	DCP_TestRun2	2016-04-13 15:59:47
TIME	0.000
SIMULATE	DCP_TestRun2

TIME	50.005
SIM_END		DCP_TestRun2	50.004s	617.608m
APPLICATION	CarMaker 5.0.3 - Car_Generic #111 (5.0.3)
COMPILED	fh@daniel.ipg 2016-01-12 20:34:29
SIM_START	DCP_TestRun2	2016-04-13 16:00:18
TIME	0.000
SIMULATE	DCP_TestRun2

TIME	37.337
SIM_END		DCP_TestRun2	37.333s	452.22m
APPLICATION	CarMaker 5.0.3 - Car_Generic #111 (5.0.3)
COMPILED	fh@daniel.ipg 2016-01-12 20:34:29
SIM_START	DCP_TestRun2	2016-04-13 16:02:53
TIME	0.000
SIMULATE	DCP_TestRun2

TIME	50.005
SIM_END		DCP_TestRun2	50.004s	617.608m
APPLICATION	CarMaker 5.0.3 - Car_Generic #111 (5.0.3)
COMPILED	fh@daniel.ipg 2016-01-12 20:34:29
SIM_START	DCP_TestRun2	2016-04-13 16:10:21
TIME	0.000
SIMULATE	DCP_TestRun2

TIME	28.504
SIM_END		DCP_TestRun2	28.5s	351.877m
APPLICATION	CarMaker 5.0.3 - Car_Generic #111 (5.0.3)
COMPILED	fh@daniel.ipg 2016-01-12 20:34:29
SIM_START	DCP_TestRun2	2016-04-13 16:27:08
TIME	0.000
SIMULATE	DCP_TestRun2

TIME	47.898
SIM_END		DCP_TestRun2	47.894s	604.964m
APPLICATION	CarMaker 5.0.3 - Car_Generic #111 (5.0.3)
COMPILED	fh@daniel.ipg 2016-01-12 20:34:29
SIM_START	DCP_TestRun2	2016-04-13 16:42:02
TIME	0.000
SIMULATE	DCP_TestRun2

TIME	27.053
SIM_END		DCP_TestRun2	27.049s	303.33m
APPLICATION	CarMaker 5.0.3 - Car_Generic #111 (5.0.3)
COMPILED	fh@daniel.ipg 2016-01-12 20:34:29
SIM_START	DCP_TestRun2	2016-04-13 16:49:56
TIME	0.000
SIMULATE	DCP_TestRun2

TIME	15.504
SIM_END		DCP_TestRun2	15.5s	165.967m
APPLICATION	CarMaker 5.0.3 - Car_Generic #111 (5.0.3)
COMPILED	fh@daniel.ipg 2016-01-12 20:34:29
SIM_START	DCP_TestRun2	2016-04-13 16:50:40
TIME	0.000
SIMULATE	DCP_TestRun2

TIME	15.504
SIM_END		DCP_TestRun2	15.5s	165.967m
APPLICATION	CarMaker 5.0.3 - Car_Generic #111 (5.0.3)
COMPILED	fh@daniel.ipg 2016-01-12 20:34:29
SIM_START	DCP_TestRun2	2016-04-13 16:53:52
TIME	0.000
SIMULATE	DCP_TestRun2

TIME	15.504
SIM_END		DCP_TestRun2	15.5s	165.967m
APPLICATION	CarMaker 5.0.3 - Car_Generic #111 (5.0.3)
COMPILED	fh@daniel.ipg 2016-01-12 20:34:29
SIM_START	DCP_TestRun2	2016-04-13 16:54:28
TIME	0.000
SIMULATE	DCP_TestRun2

TIME	15.504
SIM_END		DCP_TestRun2	15.5s	165.967m
APPLICATION	CarMaker 5.0.3 - Car_Generic #111 (5.0.3)
COMPILED	fh@daniel.ipg 2016-01-12 20:34:29
SIM_START	DCP_TestRun2	2016-04-13 16:55:18
TIME	0.000
SIMULATE	DCP_TestRun2

TIME	15.504
SIM_END		DCP_TestRun2	15.5s	165.967m
APPLICATION	CarMaker 5.0.3 - Car_Generic #111 (5.0.3)
COMPILED	fh@daniel.ipg 2016-01-12 20:34:29
SIM_START	DCP_TestRun2	2016-04-13 16:56:47
TIME	0.000
SIMULATE	DCP_TestRun2

TIME	15.504
SIM_END		DCP_TestRun2	15.5s	165.967m
APPLICATION	CarMaker 5.0.3 - Car_Generic #111 (5.0.3)
COMPILED	fh@daniel.ipg 2016-01-12 20:34:29
SIM_START	DCP_TestRun2	2016-04-13 16:58:04
TIME	0.000
SIMULATE	DCP_TestRun2

TIME	15.504
SIM_END		DCP_TestRun2	15.5s	165.967m
APPLICATION	CarMaker 5.0.3 - Car_Generic #111 (5.0.3)
COMPILED	fh@daniel.ipg 2016-01-12 20:34:29
SIM_START	DCP_TestRun2	2016-04-13 16:58:47
TIME	0.000
SIMULATE	DCP_TestRun2

TIME	15.504
SIM_END		DCP_TestRun2	15.5s	165.967m
APPLICATION	CarMaker 5.0.3 - Car_Generic #111 (5.0.3)
COMPILED	fh@daniel.ipg 2016-01-12 20:34:29
SIM_START	DCP_TestRun2	2016-04-13 17:01:52
TIME	0.000
SIMULATE	DCP_TestRun2

TIME	15.504
SIM_END		DCP_TestRun2	15.5s	165.967m
APPLICATION	CarMaker 5.0.3 - Car_Generic #111 (5.0.3)
COMPILED	fh@daniel.ipg 2016-01-12 20:34:29
SIM_START	DCP_TestRun2	2016-04-13 17:02:49
TIME	0.000
SIMULATE	DCP_TestRun2

TIME	15.504
SIM_END		DCP_TestRun2	15.5s	165.967m
APPLICATION	CarMaker 5.0.3 - Car_Generic #111 (5.0.3)
COMPILED	fh@daniel.ipg 2016-01-12 20:34:29
SIM_START	DCP_TestRun2	2016-04-13 17:10:33
TIME	0.000
SIMULATE	DCP_TestRun2

TIME	43.730
SIM_END		DCP_TestRun2	43.726s	520.778m
