APPLICATION	CarMaker 5.0.3 - Car_Generic #111 (5.0.3)
COMPILED	fh@daniel.ipg 2016-01-12 20:34:29
SIM_START	DCP_Final	2016-05-16 18:52:28
TIME	0.000
SIMULATE	DCP_Final

TIME	50.005
SIM_END		DCP_Final	50.004s	668.385m
APPLICATION	CarMaker 5.0.3 - Car_Generic #111 (5.0.3)
COMPILED	fh@daniel.ipg 2016-01-12 20:34:29
SIM_START	DCP_Final	2016-05-16 21:20:15
TIME	0.000
SIMULATE	DCP_Final

TIME	50.005
SIM_END		DCP_Final	50.004s	652.988m
APPLICATION	CarMaker 5.0.3 - Car_Generic #111 (5.0.3)
COMPILED	fh@daniel.ipg 2016-01-12 20:34:29
SIM_START	DCP_Final	2016-05-16 21:20:57
TIME	0.000
SIMULATE	DCP_Final

TIME	50.005
SIM_END		DCP_Final	50.004s	652.988m
