APPLICATION	CarMaker 5.0.3 - Car_Generic #111 (5.0.3)
COMPILED	fh@daniel.ipg 2016-01-12 20:34:29
SIM_START	DCP_TestRun2	2016-03-24 15:01:02
TIME	0.000
SIMULATE	DCP_TestRun2

TIME	16.004
SIM_END		DCP_TestRun2	16s	172.494m
APPLICATION	CarMaker 5.0.3 - Car_Generic #111 (5.0.3)
COMPILED	fh@daniel.ipg 2016-01-12 20:34:29
SIM_START	DCP_TestRun2	2016-03-24 15:14:28
TIME	0.000
SIMULATE	DCP_TestRun2

TIME	2.489
SIM_END		DCP_TestRun2	2.485s	6.50618m
APPLICATION	CarMaker 5.0.3 - Car_Generic #111 (5.0.3)
COMPILED	fh@daniel.ipg 2016-01-12 20:34:29
SIM_START	DCP_TestRun2	2016-03-24 15:15:27
TIME	0.000
SIMULATE	DCP_TestRun2

TIME	3.981
SIM_END		DCP_TestRun2	3.977s	19.0601m
APPLICATION	CarMaker 5.0.3 - Car_Generic #111 (5.0.3)
COMPILED	fh@daniel.ipg 2016-01-12 20:34:29
SIM_START	DCP_TestRun2	2016-03-24 15:17:09
TIME	0.000
SIMULATE	DCP_TestRun2

TIME	3.151
SIM_END		DCP_TestRun2	3.147s	11.2814m
APPLICATION	CarMaker 5.0.3 - Car_Generic #111 (5.0.3)
COMPILED	fh@daniel.ipg 2016-01-12 20:34:29
SIM_START	DCP_TestRun2	2016-03-24 15:22:06
TIME	0.000
SIMULATE	DCP_TestRun2

SIM_END		DCP_TestRun2	0.451s	0.0266306m
