APPLICATION	CarMaker 5.0.3 - Car_Generic #111 (5.0.3)
COMPILED	fh@daniel.ipg 2016-01-12 20:34:29
SIM_START	DCP_Final	2016-05-14 12:34:14
TIME	0.000
SIMULATE	DCP_Final

TIME	18.604
SIM_END		DCP_Final	18.6s	243.616m
APPLICATION	CarMaker 5.0.3 - Car_Generic #111 (5.0.3)
COMPILED	fh@daniel.ipg 2016-01-12 20:34:29
SIM_START	DCP_Final	2016-05-14 12:36:15
TIME	0.000
SIMULATE	DCP_Final

TIME	50.005
SIM_END		DCP_Final	50.004s	662.37m
APPLICATION	CarMaker 5.0.3 - Car_Generic #111 (5.0.3)
COMPILED	fh@daniel.ipg 2016-01-12 20:34:29
SIM_START	DCP_Final	2016-05-14 12:38:18
TIME	0.000
SIMULATE	DCP_Final

TIME	15.354
SIM_END		DCP_Final	15.35s	200.434m
APPLICATION	CarMaker 5.0.3 - Car_Generic #111 (5.0.3)
COMPILED	fh@daniel.ipg 2016-01-12 20:34:29
SIM_START	DCP_Final	2016-05-14 12:40:25
TIME	0.000
SIMULATE	DCP_Final

TIME	50.005
SIM_END		DCP_Final	50.004s	679.374m
APPLICATION	CarMaker 5.0.3 - Car_Generic #111 (5.0.3)
COMPILED	fh@daniel.ipg 2016-01-12 20:34:29
SIM_START	DCP_Final	2016-05-14 12:42:16
TIME	0.000
SIMULATE	DCP_Final

TIME	50.005
SIM_END		DCP_Final	50.004s	708.457m
APPLICATION	CarMaker 5.0.3 - Car_Generic #111 (5.0.3)
COMPILED	fh@daniel.ipg 2016-01-12 20:34:29
SIM_START	DCP_Final	2016-05-14 12:43:19
TIME	0.000
SIMULATE	DCP_Final

TIME	50.005
SIM_END		DCP_Final	50.004s	701.35m
APPLICATION	CarMaker 5.0.3 - Car_Generic #111 (5.0.3)
COMPILED	fh@daniel.ipg 2016-01-12 20:34:29
SIM_START	DCP_Final	2016-05-14 12:45:13
TIME	0.000
SIMULATE	DCP_Final

TIME	50.005
SIM_END		DCP_Final	50.004s	674.762m
APPLICATION	CarMaker 5.0.3 - Car_Generic #111 (5.0.3)
COMPILED	fh@daniel.ipg 2016-01-12 20:34:29
SIM_START	DCP_Final	2016-05-14 13:05:25
TIME	0.000
SIMULATE	DCP_Final

TIME	50.005
SIM_END		DCP_Final	50.004s	674.758m
APPLICATION	CarMaker 5.0.3 - Car_Generic #111 (5.0.3)
COMPILED	fh@daniel.ipg 2016-01-12 20:34:29
SIM_START	DCP_Final	2016-05-14 13:06:28
TIME	0.000
SIMULATE	DCP_Final

TIME	50.005
SIM_END		DCP_Final	50.004s	733.163m
APPLICATION	CarMaker 5.0.3 - Car_Generic #111 (5.0.3)
COMPILED	fh@daniel.ipg 2016-01-12 20:34:29
SIM_START	DCP_Final	2016-05-14 13:07:24
TIME	0.000
SIMULATE	DCP_Final

TIME	50.005
SIM_END		DCP_Final	50.004s	694.983m
APPLICATION	CarMaker 5.0.3 - Car_Generic #111 (5.0.3)
COMPILED	fh@daniel.ipg 2016-01-12 20:34:29
SIM_START	DCP_Final	2016-05-14 13:08:28
TIME	0.000
SIMULATE	DCP_Final

TIME	50.005
SIM_END		DCP_Final	50.004s	705.951m
APPLICATION	CarMaker 5.0.3 - Car_Generic #111 (5.0.3)
COMPILED	fh@daniel.ipg 2016-01-12 20:34:29
SIM_START	DCP_Final	2016-05-14 13:41:14
TIME	0.000
SIMULATE	DCP_Final

TIME	50.005
SIM_END		DCP_Final	50.004s	694.983m
APPLICATION	CarMaker 5.0.3 - Car_Generic #111 (5.0.3)
COMPILED	fh@daniel.ipg 2016-01-12 20:34:29
SIM_START	DCP_Final	2016-05-14 13:55:00
TIME	0.000
SIMULATE	DCP_Final

TIME	50.005
SIM_END		DCP_Final	50.004s	688.245m
APPLICATION	CarMaker 5.0.3 - Car_Generic #111 (5.0.3)
COMPILED	fh@daniel.ipg 2016-01-12 20:34:29
SIM_START	DCP_Final	2016-05-14 13:56:02
TIME	0.000
SIMULATE	DCP_Final

TIME	50.005
SIM_END		DCP_Final	50.004s	652.642m
APPLICATION	CarMaker 5.0.3 - Car_Generic #111 (5.0.3)
COMPILED	fh@daniel.ipg 2016-01-12 20:34:29
SIM_START	DCP_Final	2016-05-14 13:57:14
TIME	0.000
SIMULATE	DCP_Final

TIME	50.005
SIM_END		DCP_Final	50.004s	688.245m
APPLICATION	CarMaker 5.0.3 - Car_Generic #111 (5.0.3)
COMPILED	fh@daniel.ipg 2016-01-12 20:34:29
SIM_START	DCP_Final	2016-05-14 13:59:17
TIME	0.000
SIMULATE	DCP_Final

TIME	50.005
SIM_END		DCP_Final	50.004s	685.526m
APPLICATION	CarMaker 5.0.3 - Car_Generic #111 (5.0.3)
COMPILED	fh@daniel.ipg 2016-01-12 20:34:29
SIM_START	DCP_Final	2016-05-14 14:02:43
TIME	0.000
SIMULATE	DCP_Final

TIME	50.005
SIM_END		DCP_Final	50.004s	701.888m
APPLICATION	CarMaker 5.0.3 - Car_Generic #111 (5.0.3)
COMPILED	fh@daniel.ipg 2016-01-12 20:34:29
SIM_START	DCP_Final	2016-05-14 14:03:31
TIME	0.000
SIMULATE	DCP_Final

TIME	50.005
SIM_END		DCP_Final	50.004s	671.218m
APPLICATION	CarMaker 5.0.3 - Car_Generic #111 (5.0.3)
COMPILED	fh@daniel.ipg 2016-01-12 20:34:29
SIM_START	DCP_Final	2016-05-14 14:07:16
TIME	0.000
SIMULATE	DCP_Final

TIME	50.005
SIM_END		DCP_Final	50.004s	672.432m
APPLICATION	CarMaker 5.0.3 - Car_Generic #111 (5.0.3)
COMPILED	fh@daniel.ipg 2016-01-12 20:34:29
SIM_START	DCP_Final	2016-05-14 14:08:06
TIME	0.000
SIMULATE	DCP_Final

TIME	50.005
SIM_END		DCP_Final	50.004s	672.285m
APPLICATION	CarMaker 5.0.3 - Car_Generic #111 (5.0.3)
COMPILED	fh@daniel.ipg 2016-01-12 20:34:29
SIM_START	DCP_Final	2016-05-14 14:09:00
TIME	0.000
SIMULATE	DCP_Final

TIME	50.005
SIM_END		DCP_Final	50.004s	674.331m
APPLICATION	CarMaker 5.0.3 - Car_Generic #111 (5.0.3)
COMPILED	fh@daniel.ipg 2016-01-12 20:34:29
SIM_START	DCP_Final	2016-05-14 14:10:42
TIME	0.000
SIMULATE	DCP_Final

TIME	50.005
SIM_END		DCP_Final	50.004s	674.331m
APPLICATION	CarMaker 5.0.3 - Car_Generic #111 (5.0.3)
COMPILED	fh@daniel.ipg 2016-01-12 20:34:29
SIM_START	DCP_Final	2016-05-14 14:12:17
TIME	0.000
SIMULATE	DCP_Final

TIME	50.005
SIM_END		DCP_Final	50.004s	675.778m
APPLICATION	CarMaker 5.0.3 - Car_Generic #111 (5.0.3)
COMPILED	fh@daniel.ipg 2016-01-12 20:34:29
SIM_START	DCP_Final	2016-05-14 14:14:01
TIME	0.000
SIMULATE	DCP_Final

TIME	50.005
SIM_END		DCP_Final	50.004s	728.738m
APPLICATION	CarMaker 5.0.3 - Car_Generic #111 (5.0.3)
COMPILED	fh@daniel.ipg 2016-01-12 20:34:29
SIM_START	DCP_Final	2016-05-14 14:14:41
TIME	0.000
SIMULATE	DCP_Final

TIME	50.005
SIM_END		DCP_Final	50.004s	671.612m
APPLICATION	CarMaker 5.0.3 - Car_Generic #111 (5.0.3)
COMPILED	fh@daniel.ipg 2016-01-12 20:34:29
SIM_START	DCP_Final	2016-05-14 14:15:52
TIME	0.000
SIMULATE	DCP_Final

TIME	50.005
SIM_END		DCP_Final	50.004s	669.567m
APPLICATION	CarMaker 5.0.3 - Car_Generic #111 (5.0.3)
COMPILED	fh@daniel.ipg 2016-01-12 20:34:29
SIM_START	DCP_Final	2016-05-14 14:17:10
TIME	0.000
SIMULATE	DCP_Final

TIME	50.005
SIM_END		DCP_Final	50.004s	670.876m
APPLICATION	CarMaker 5.0.3 - Car_Generic #111 (5.0.3)
COMPILED	fh@daniel.ipg 2016-01-12 20:34:29
SIM_START	DCP_Final	2016-05-14 14:18:04
TIME	0.000
SIMULATE	DCP_Final

TIME	50.005
SIM_END		DCP_Final	50.004s	670.651m
APPLICATION	CarMaker 5.0.3 - Car_Generic #111 (5.0.3)
COMPILED	fh@daniel.ipg 2016-01-12 20:34:29
SIM_START	DCP_Final	2016-05-14 14:18:58
TIME	0.000
SIMULATE	DCP_Final

TIME	50.005
SIM_END		DCP_Final	50.004s	672.975m
APPLICATION	CarMaker 5.0.3 - Car_Generic #111 (5.0.3)
COMPILED	fh@daniel.ipg 2016-01-12 20:34:29
SIM_START	DCP_Final	2016-05-14 14:24:04
TIME	0.000
SIMULATE	DCP_Final

TIME	50.005
SIM_END		DCP_Final	50.004s	669.716m
APPLICATION	CarMaker 5.0.3 - Car_Generic #111 (5.0.3)
COMPILED	fh@daniel.ipg 2016-01-12 20:34:29
SIM_START	DCP_Final	2016-05-14 14:26:08
TIME	0.000
SIMULATE	DCP_Final

TIME	50.005
SIM_END		DCP_Final	50.004s	663.996m
APPLICATION	CarMaker 5.0.3 - Car_Generic #111 (5.0.3)
COMPILED	fh@daniel.ipg 2016-01-12 20:34:29
SIM_START	DCP_Final	2016-05-14 14:27:22
TIME	0.000
SIMULATE	DCP_Final

TIME	50.005
SIM_END		DCP_Final	50.004s	667.524m
APPLICATION	CarMaker 5.0.3 - Car_Generic #111 (5.0.3)
COMPILED	fh@daniel.ipg 2016-01-12 20:34:29
SIM_START	DCP_Final	2016-05-14 14:28:52
TIME	0.000
SIMULATE	DCP_Final

TIME	50.005
SIM_END		DCP_Final	50.004s	666.701m
APPLICATION	CarMaker 5.0.3 - Car_Generic #111 (5.0.3)
COMPILED	fh@daniel.ipg 2016-01-12 20:34:29
SIM_START	DCP_Final	2016-05-14 14:31:21
TIME	0.000
SIMULATE	DCP_Final

TIME	50.005
SIM_END		DCP_Final	50.004s	667.477m
APPLICATION	CarMaker 5.0.3 - Car_Generic #111 (5.0.3)
COMPILED	fh@daniel.ipg 2016-01-12 20:34:29
SIM_START	DCP_Final	2016-05-14 14:32:27
TIME	0.000
SIMULATE	DCP_Final

TIME	50.005
SIM_END		DCP_Final	50.004s	669.201m
APPLICATION	CarMaker 5.0.3 - Car_Generic #111 (5.0.3)
COMPILED	fh@daniel.ipg 2016-01-12 20:34:29
SIM_START	DCP_Final	2016-05-14 14:33:28
TIME	0.000
SIMULATE	DCP_Final

TIME	50.005
SIM_END		DCP_Final	50.004s	670.687m
APPLICATION	CarMaker 5.0.3 - Car_Generic #111 (5.0.3)
COMPILED	fh@daniel.ipg 2016-01-12 20:34:29
SIM_START	DCP_Final	2016-05-14 14:34:46
TIME	0.000
SIMULATE	DCP_Final

TIME	50.005
SIM_END		DCP_Final	50.004s	671.502m
APPLICATION	CarMaker 5.0.3 - Car_Generic #111 (5.0.3)
COMPILED	fh@daniel.ipg 2016-01-12 20:34:29
SIM_START	DCP_Final	2016-05-14 14:35:37
TIME	0.000
SIMULATE	DCP_Final

TIME	50.005
SIM_END		DCP_Final	50.004s	707.635m
APPLICATION	CarMaker 5.0.3 - Car_Generic #111 (5.0.3)
COMPILED	fh@daniel.ipg 2016-01-12 20:34:29
SIM_START	DCP_Final	2016-05-14 14:36:26
TIME	0.000
SIMULATE	DCP_Final

TIME	50.005
SIM_END		DCP_Final	50.004s	666.365m
APPLICATION	CarMaker 5.0.3 - Car_Generic #111 (5.0.3)
COMPILED	fh@daniel.ipg 2016-01-12 20:34:29
SIM_START	DCP_Final	2016-05-14 14:37:09
TIME	0.000
SIMULATE	DCP_Final

TIME	50.005
SIM_END		DCP_Final	50.004s	668.005m
APPLICATION	CarMaker 5.0.3 - Car_Generic #111 (5.0.3)
COMPILED	fh@daniel.ipg 2016-01-12 20:34:29
SIM_START	DCP_Final	2016-05-14 14:38:47
TIME	0.000
SIMULATE	DCP_Final

TIME	50.005
SIM_END		DCP_Final	50.004s	668.538m
APPLICATION	CarMaker 5.0.3 - Car_Generic #111 (5.0.3)
COMPILED	fh@daniel.ipg 2016-01-12 20:34:29
SIM_START	DCP_Final	2016-05-14 14:41:10
TIME	0.000
SIMULATE	DCP_Final

TIME	50.005
SIM_END		DCP_Final	50.004s	668.385m
