APPLICATION	CarMaker 5.0.3 - Car_Generic #111 (5.0.3)
COMPILED	fh@daniel.ipg 2016-01-12 20:34:29
SIM_START	DCP_TestRun2	2016-03-26 09:11:47
TIME	0.000
SIMULATE	DCP_TestRun2

TIME	15.954
SIM_END		DCP_TestRun2	15.95s	171.841m
APPLICATION	CarMaker 5.0.3 - Car_Generic #111 (5.0.3)
COMPILED	fh@daniel.ipg 2016-01-12 20:34:29
SIM_START	DCP_TestRun2	2016-03-26 09:14:08
TIME	0.000
SIMULATE	DCP_TestRun2

TIME	16.004
SIM_END		DCP_TestRun2	16s	172.494m
APPLICATION	CarMaker 5.0.3 - Car_Generic #111 (5.0.3)
COMPILED	fh@daniel.ipg 2016-01-12 20:34:29
SIM_START	DCP_TestRun2	2016-03-26 09:19:13
TIME	0.000
SIMULATE	DCP_TestRun2

TIME	16.004
SIM_END		DCP_TestRun2	16s	172.494m
APPLICATION	CarMaker 5.0.3 - Car_Generic #111 (5.0.3)
COMPILED	fh@daniel.ipg 2016-01-12 20:34:29
SIM_START	DCP_TestRun2	2016-03-26 09:50:28
TIME	0.000
SIMULATE	DCP_TestRun2

TIME	50.005
SIM_END		DCP_TestRun2	50.004s	272.198m
APPLICATION	CarMaker 5.0.3 - Car_Generic #111 (5.0.3)
COMPILED	fh@daniel.ipg 2016-01-12 20:34:29
SIM_START	DCP_TestRun2	2016-03-26 09:52:37
TIME	0.000
SIMULATE	DCP_TestRun2

TIME	162.166
SIM_END		DCP_TestRun2	162.162s	269.278m
APPLICATION	CarMaker 5.0.3 - Car_Generic #111 (5.0.3)
COMPILED	fh@daniel.ipg 2016-01-12 20:34:29
SIM_START	DCP_TestRun2	2016-03-26 09:53:52
TIME	0.000
SIMULATE	DCP_TestRun2

TIME	50.005
SIM_END		DCP_TestRun2	50.004s	269.278m
APPLICATION	CarMaker 5.0.3 - Car_Generic #111 (5.0.3)
COMPILED	fh@daniel.ipg 2016-01-12 20:34:29
SIM_START	DCP_TestRun2	2016-03-26 09:54:40
TIME	0.000
SIMULATE	DCP_TestRun2

TIME	50.005
SIM_END		DCP_TestRun2	50.004s	262.75m
APPLICATION	CarMaker 5.0.3 - Car_Generic #111 (5.0.3)
COMPILED	fh@daniel.ipg 2016-01-12 20:34:29
SIM_START	DCP_TestRun2	2016-03-26 09:55:42
TIME	0.000
SIMULATE	DCP_TestRun2

TIME	50.005
SIM_END		DCP_TestRun2	50.004s	259.141m
APPLICATION	CarMaker 5.0.3 - Car_Generic #111 (5.0.3)
COMPILED	fh@daniel.ipg 2016-01-12 20:34:29
SIM_START	DCP_TestRun2	2016-03-26 09:56:01
TIME	0.000
SIMULATE	DCP_TestRun2

TIME	50.005
SIM_END		DCP_TestRun2	50.004s	259.141m
APPLICATION	CarMaker 5.0.3 - Car_Generic #111 (5.0.3)
COMPILED	fh@daniel.ipg 2016-01-12 20:34:29
SIM_START	DCP_TestRun2	2016-03-26 09:58:19
TIME	0.000
SIMULATE	DCP_TestRun2

TIME	50.005
SIM_END		DCP_TestRun2	50.004s	616.96m
