APPLICATION	CarMaker 5.0.3 - Car_Generic #111 (5.0.3)
COMPILED	fh@daniel.ipg 2016-01-12 20:34:29
SIM_START	DCP_TestRun2	2016-04-14 08:26:13
TIME	0.000
SIMULATE	DCP_TestRun2

TIME	27.959
SIM_END		DCP_TestRun2	27.955s	315.976m
APPLICATION	CarMaker 5.0.3 - Car_Generic #111 (5.0.3)
COMPILED	fh@daniel.ipg 2016-01-12 20:34:29
SIM_START	DCP_TestRun2	2016-04-14 08:27:20
TIME	0.000
SIMULATE	DCP_TestRun2

TIME	44.413
SIM_END		DCP_TestRun2	44.409s	559.465m
APPLICATION	CarMaker 5.0.3 - Car_Generic #111 (5.0.3)
COMPILED	fh@daniel.ipg 2016-01-12 20:34:29
SIM_START	DCP_TestRun2	2016-04-14 08:30:42
TIME	0.000
SIMULATE	DCP_TestRun2

TIME	33.054
SIM_END		DCP_TestRun2	33.05s	411.169m
APPLICATION	CarMaker 5.0.3 - Car_Generic #111 (5.0.3)
COMPILED	fh@daniel.ipg 2016-01-12 20:34:29
SIM_START	DCP_TestRun2	2016-04-14 08:33:38
TIME	0.000
SIMULATE	DCP_TestRun2

TIME	50.005
SIM_END		DCP_TestRun2	50.004s	632.472m
APPLICATION	CarMaker 5.0.3 - Car_Generic #111 (5.0.3)
COMPILED	fh@daniel.ipg 2016-01-12 20:34:29
SIM_START	DCP_TestRun2	2016-04-14 08:47:36
TIME	0.000
SIMULATE	DCP_TestRun2

TIME	50.005
SIM_END		DCP_TestRun2	50.004s	588.832m
APPLICATION	CarMaker 5.0.3 - Car_Generic #111 (5.0.3)
COMPILED	fh@daniel.ipg 2016-01-12 20:34:29
SIM_START	DCP_TestRun2	2016-04-14 08:52:00
TIME	0.000
SIMULATE	DCP_TestRun2

TIME	24.504
SIM_END		DCP_TestRun2	24.5s	271.139m
APPLICATION	CarMaker 5.0.3 - Car_Generic #111 (5.0.3)
COMPILED	fh@daniel.ipg 2016-01-12 20:34:29
SIM_START	DCP_TestRun2	2016-04-14 08:53:34
TIME	0.000
SIMULATE	DCP_TestRun2

TIME	50.005
SIM_END		DCP_TestRun2	50.004s	588.832m
APPLICATION	CarMaker 5.0.3 - Car_Generic #111 (5.0.3)
COMPILED	fh@daniel.ipg 2016-01-12 20:34:29
SIM_START	DCP_TestRun2	2016-04-14 09:35:29
TIME	0.000
SIMULATE	DCP_TestRun2

TIME	50.005
SIM_END		DCP_TestRun2	50.004s	586.36m
APPLICATION	CarMaker 5.0.3 - Car_Generic #111 (5.0.3)
COMPILED	fh@daniel.ipg 2016-01-12 20:34:29
SIM_START	DCP_TestRun2	2016-04-14 09:36:31
TIME	0.000
SIMULATE	DCP_TestRun2

TIME	22.104
SIM_END		DCP_TestRun2	22.1s	248.808m
APPLICATION	CarMaker 5.0.3 - Car_Generic #111 (5.0.3)
COMPILED	fh@daniel.ipg 2016-01-12 20:34:29
SIM_START	DCP_TestRun2	2016-04-14 09:43:11
TIME	0.000
SIMULATE	DCP_TestRun2

TIME	50.005
SIM_END		DCP_TestRun2	50.004s	586.36m
APPLICATION	CarMaker 5.0.3 - Car_Generic #111 (5.0.3)
COMPILED	fh@daniel.ipg 2016-01-12 20:34:29
SIM_START	DCP_TestRun2	2016-04-14 09:46:05
TIME	0.000
SIMULATE	DCP_TestRun2

TIME	18.204
SIM_END		DCP_TestRun2	18.2s	201.272m
APPLICATION	CarMaker 5.0.3 - Car_Generic #111 (5.0.3)
COMPILED	fh@daniel.ipg 2016-01-12 20:34:29
SIM_START	DCP_TestRun2	2016-04-14 09:56:46
TIME	0.000
SIMULATE	DCP_TestRun2

TIME	50.005
SIM_END		DCP_TestRun2	50.004s	622.258m
APPLICATION	CarMaker 5.0.3 - Car_Generic #111 (5.0.3)
COMPILED	fh@daniel.ipg 2016-01-12 20:34:29
SIM_START	DCP_TestRun2	2016-04-14 09:57:43
TIME	0.000
SIMULATE	DCP_TestRun2

TIME	48.113
SIM_END		DCP_TestRun2	48.109s	597.557m
APPLICATION	CarMaker 5.0.3 - Car_Generic #111 (5.0.3)
COMPILED	fh@daniel.ipg 2016-01-12 20:34:29
SIM_START	DCP_TestRun2	2016-04-14 10:34:55
TIME	0.000
SIMULATE	DCP_TestRun2

TIME	16.104
SIM_END		DCP_TestRun2	16.1s	173.8m
APPLICATION	CarMaker 5.0.3 - Car_Generic #111 (5.0.3)
COMPILED	fh@daniel.ipg 2016-01-12 20:34:29
SIM_START	DCP_TestRun2	2016-04-14 10:42:18
TIME	0.000
SIMULATE	DCP_TestRun2

SIM_END		DCP_TestRun2	0.944s	0.477886m
APPLICATION	CarMaker 5.0.3 - Car_Generic #111 (5.0.3)
COMPILED	fh@daniel.ipg 2016-01-12 20:34:29
SIM_START	DCP_TestRun2	2016-04-14 10:45:41
TIME	0.000
SIMULATE	DCP_TestRun2

TIME	43.105
SIM_END		DCP_TestRun2	43.101s	527.913m
APPLICATION	CarMaker 5.0.3 - Car_Generic #111 (5.0.3)
COMPILED	fh@daniel.ipg 2016-01-12 20:34:29
SIM_START	DCP_TestRun2	2016-04-14 10:49:24
TIME	0.000
SIMULATE	DCP_TestRun2

TIME	16.004
SIM_END		DCP_TestRun2	16s	172.494m
APPLICATION	CarMaker 5.0.3 - Car_Generic #111 (5.0.3)
COMPILED	fh@daniel.ipg 2016-01-12 20:34:29
SIM_START	DCP_TestRun2	2016-04-14 10:49:37
TIME	0.000
SIMULATE	DCP_TestRun2

TIME	50.005
SIM_END		DCP_TestRun2	50.004s	626.44m
APPLICATION	CarMaker 5.0.3 - Car_Generic #111 (5.0.3)
COMPILED	fh@daniel.ipg 2016-01-12 20:34:29
SIM_START	DCP_TestRun2	2016-04-14 10:51:41
TIME	0.000
SIMULATE	DCP_TestRun2

TIME	50.005
SIM_END		DCP_TestRun2	50.004s	626.44m
APPLICATION	CarMaker 5.0.3 - Car_Generic #111 (5.0.3)
COMPILED	fh@daniel.ipg 2016-01-12 20:34:29
SIM_START	DCP_TestRun2	2016-04-14 10:54:29
TIME	0.000
SIMULATE	DCP_TestRun2

TIME	16.104
SIM_END		DCP_TestRun2	16.1s	173.8m
APPLICATION	CarMaker 5.0.3 - Car_Generic #111 (5.0.3)
COMPILED	fh@daniel.ipg 2016-01-12 20:34:29
SIM_START	DCP_TestRun2	2016-04-14 10:55:39
TIME	0.000
SIMULATE	DCP_TestRun2

TIME	21.504
SIM_END		DCP_TestRun2	21.5s	247.175m
APPLICATION	CarMaker 5.0.3 - Car_Generic #111 (5.0.3)
COMPILED	fh@daniel.ipg 2016-01-12 20:34:29
SIM_START	DCP_TestRun2	2016-04-14 10:58:44
TIME	0.000
SIMULATE	DCP_TestRun2

TIME	21.504
SIM_END		DCP_TestRun2	21.5s	247.14m
APPLICATION	CarMaker 5.0.3 - Car_Generic #111 (5.0.3)
COMPILED	fh@daniel.ipg 2016-01-12 20:34:29
SIM_START	DCP_TestRun2	2016-04-14 11:23:59
TIME	0.000
SIMULATE	DCP_TestRun2

TIME	21.504
SIM_END		DCP_TestRun2	21.5s	246.994m
APPLICATION	CarMaker 5.0.3 - Car_Generic #111 (5.0.3)
COMPILED	fh@daniel.ipg 2016-01-12 20:34:29
SIM_START	DCP_TestRun2	2016-04-14 13:10:33
TIME	0.000
SIMULATE	DCP_TestRun2

TIME	27.804
SIM_END		DCP_TestRun2	27.8s	325.36m
APPLICATION	CarMaker 5.0.3 - Car_Generic #111 (5.0.3)
COMPILED	fh@daniel.ipg 2016-01-12 20:34:29
SIM_START	DCP_TestRun2	2016-04-14 13:13:54
TIME	0.000
SIMULATE	DCP_TestRun2

TIME	21.504
SIM_END		DCP_TestRun2	21.5s	247.175m
APPLICATION	CarMaker 5.0.3 - Car_Generic #111 (5.0.3)
COMPILED	fh@daniel.ipg 2016-01-12 20:34:29
SIM_START	DCP_TestRun2	2016-04-14 13:14:33
TIME	0.000
SIMULATE	DCP_TestRun2

TIME	50.005
SIM_END		DCP_TestRun2	50.004s	620.832m
