APPLICATION	CarMaker 5.0.3 - Car_Generic #111 (5.0.3)
COMPILED	fh@daniel.ipg 2016-01-12 20:34:29
SIM_START	DCP_Final	2016-05-09 18:37:02
TIME	0.000
SIMULATE	DCP_Final

TIME	16.454
SIM_END		DCP_Final	16.45s	214.799m
APPLICATION	CarMaker 5.0.3 - Car_Generic #111 (5.0.3)
COMPILED	fh@daniel.ipg 2016-01-12 20:34:29
SIM_START	DCP_Final	2016-05-09 18:37:43
TIME	0.000
SIMULATE	DCP_Final

TIME	20.604
SIM_END		DCP_Final	20.6s	268.99m
APPLICATION	CarMaker 5.0.3 - Car_Generic #111 (5.0.3)
COMPILED	fh@daniel.ipg 2016-01-12 20:34:29
SIM_START	DCP_Final	2016-05-09 18:45:10
TIME	0.000
SIMULATE	DCP_Final

TIME	50.005
SIM_END		DCP_Final	50.004s	652.988m
APPLICATION	CarMaker 5.0.3 - Car_Generic #111 (5.0.3)
COMPILED	fh@daniel.ipg 2016-01-12 20:34:29
SIM_START	DCP_Final	2016-05-09 18:45:40
TIME	0.000
SIMULATE	DCP_Final

TIME	50.005
SIM_END		DCP_Final	50.004s	660.599m
APPLICATION	CarMaker 5.0.3 - Car_Generic #111 (5.0.3)
COMPILED	fh@daniel.ipg 2016-01-12 20:34:29
SIM_START	DCP_Final	2016-05-09 18:50:04
TIME	0.000
SIMULATE	DCP_Final

TIME	50.005
SIM_END		DCP_Final	50.004s	652.987m
APPLICATION	CarMaker 5.0.3 - Car_Generic #111 (5.0.3)
COMPILED	fh@daniel.ipg 2016-01-12 20:34:29
SIM_START	DCP_Final	2016-05-09 18:50:41
TIME	0.000
SIMULATE	DCP_Final

TIME	50.005
SIM_END		DCP_Final	50.004s	652.988m
APPLICATION	CarMaker 5.0.3 - Car_Generic #111 (5.0.3)
COMPILED	fh@daniel.ipg 2016-01-12 20:34:29
SIM_START	DCP_Final	2016-05-09 18:51:40
TIME	0.000
SIMULATE	DCP_Final

TIME	50.005
SIM_END		DCP_Final	50.004s	652.988m
APPLICATION	CarMaker 5.0.3 - Car_Generic #111 (5.0.3)
COMPILED	fh@daniel.ipg 2016-01-12 20:34:29
SIM_START	DCP_Final	2016-05-09 18:52:27
TIME	0.000
SIMULATE	DCP_Final

TIME	50.005
SIM_END		DCP_Final	50.004s	652.988m
APPLICATION	CarMaker 5.0.3 - Car_Generic #111 (5.0.3)
COMPILED	fh@daniel.ipg 2016-01-12 20:34:29
SIM_START	DCP_Final	2016-05-09 18:53:11
TIME	0.000
SIMULATE	DCP_Final

TIME	50.005
SIM_END		DCP_Final	50.004s	652.988m
APPLICATION	CarMaker 5.0.3 - Car_Generic #111 (5.0.3)
COMPILED	fh@daniel.ipg 2016-01-12 20:34:29
SIM_START	DCP_Final	2016-05-09 18:59:36
TIME	0.000
SIMULATE	DCP_Final

TIME	50.005
SIM_END		DCP_Final	50.004s	652.988m
APPLICATION	CarMaker 5.0.3 - Car_Generic #111 (5.0.3)
COMPILED	fh@daniel.ipg 2016-01-12 20:34:29
SIM_START	DCP_Final	2016-05-09 19:00:02
TIME	0.000
SIMULATE	DCP_Final

TIME	50.005
SIM_END		DCP_Final	50.004s	661.032m
APPLICATION	CarMaker 5.0.3 - Car_Generic #111 (5.0.3)
COMPILED	fh@daniel.ipg 2016-01-12 20:34:29
SIM_START	DCP_Final	2016-05-09 19:04:24
TIME	0.000
SIMULATE	DCP_Final

TIME	50.005
SIM_END		DCP_Final	50.004s	656.194m
APPLICATION	CarMaker 5.0.3 - Car_Generic #111 (5.0.3)
COMPILED	fh@daniel.ipg 2016-01-12 20:34:29
SIM_START	DCP_Final	2016-05-09 19:06:32
TIME	0.000
SIMULATE	DCP_Final

TIME	50.005
SIM_END		DCP_Final	50.004s	661.032m
